<?xml version="1.0" encoding="UTF-8"?>
<TestRun id="3043572b-c086-4156-b8b9-23e854d63dc3" name="yfann@YFANN-PC 2016-07-21 15:40:06" runUser="yfann-PC\yfann" xmlns="http://microsoft.com/schemas/VisualStudio/TeamTest/2010">
  <Times creation="2016-07-21T15:40:06.5429904+08:00" queuing="2016-07-21T15:40:06.5429904+08:00" start="2016-07-21T15:39:36.0969355+08:00" finish="2016-07-21T15:40:18.5448127+08:00" />
  <TestSettings name="default" id="3387db63-e75c-40f1-b487-1e5903384fac">
    <Execution>
      <TestTypeSpecific />
    </Execution>
    <Deployment runDeploymentRoot="yfann_YFANN-PC 2016-07-21 15_40_06" />
    <Properties />
  </TestSettings>
  <Results>
    <UnitTestResult executionId="c3b85781-e6c8-4c3b-8695-2358a961d61e" testId="a3bb7ed8-9196-cda1-1ad2-8bd914883444" testName="MedicalAlertsTest_UsePatientWithoutMedicalAlertTest" computerName="YFANN-PC" duration="00:00:00.4615372" startTime="2016-07-21T15:39:36.0969355+08:00" endTime="2016-07-21T15:40:05.4353885+08:00" testType="13cdc9d9-ddb5-4fa4-a97d-d965ccfc6d4b" outcome="Passed" testListId="8c84fa94-04c1-424b-9868-57a2d4851a1d" relativeResultsDirectory="c3b85781-e6c8-4c3b-8695-2358a961d61e" />
    <UnitTestResult executionId="a175684e-4cc6-4747-a263-56e19cb6dd51" testId="59e69ea8-2e75-28b2-ce04-7351909337ac" testName="MedicalAlertsTest_UsePatientWithSingleMedicalAlertTest" computerName="YFANN-PC" duration="00:00:00.0237097" startTime="2016-07-21T15:40:05.4509885+08:00" endTime="2016-07-21T15:40:05.4665885+08:00" testType="13cdc9d9-ddb5-4fa4-a97d-d965ccfc6d4b" outcome="Passed" testListId="8c84fa94-04c1-424b-9868-57a2d4851a1d" relativeResultsDirectory="a175684e-4cc6-4747-a263-56e19cb6dd51" />
    <UnitTestResult executionId="292c7461-0cae-41b9-8458-023b9316ce33" testId="beb01025-bc62-d89d-806d-88079639e466" testName="MedicalAlertsTest_UsePatientWithMultipleMedicalAlertsTest" computerName="YFANN-PC" duration="00:00:00.0226756" startTime="2016-07-21T15:40:05.4665885+08:00" endTime="2016-07-21T15:40:05.4977886+08:00" testType="13cdc9d9-ddb5-4fa4-a97d-d965ccfc6d4b" outcome="Passed" testListId="8c84fa94-04c1-424b-9868-57a2d4851a1d" relativeResultsDirectory="292c7461-0cae-41b9-8458-023b9316ce33" />
    <UnitTestResult executionId="c30b17a4-50cc-4224-9373-efc6074d78ea" testId="0a4e5fd7-6bfb-9981-4e33-3bd885522048" testName="MedicalAlertsTest_MedicalAlertsWithEmptyReasonTest" computerName="YFANN-PC" duration="00:00:00.0181097" startTime="2016-07-21T15:40:05.4977886+08:00" endTime="2016-07-21T15:40:05.5133886+08:00" testType="13cdc9d9-ddb5-4fa4-a97d-d965ccfc6d4b" outcome="Passed" testListId="8c84fa94-04c1-424b-9868-57a2d4851a1d" relativeResultsDirectory="c30b17a4-50cc-4224-9373-efc6074d78ea" />
    <UnitTestResult executionId="e6b1e720-f33a-4d4d-a3a4-46f2587ea1fe" testId="1bd02cdf-e156-9299-54b6-1698aebd0cdc" testName="MedicalAlertsTest_MedicalAlertsWithMaxLengthReasonTest" computerName="YFANN-PC" duration="00:00:00.0182957" startTime="2016-07-21T15:40:05.5133886+08:00" endTime="2016-07-21T15:40:05.5289887+08:00" testType="13cdc9d9-ddb5-4fa4-a97d-d965ccfc6d4b" outcome="Passed" testListId="8c84fa94-04c1-424b-9868-57a2d4851a1d" relativeResultsDirectory="e6b1e720-f33a-4d4d-a3a4-46f2587ea1fe" />
    <UnitTestResult executionId="53e769c7-b06f-4692-9bb8-e21f70b91242" testId="057ad1e2-52ef-164a-dcc5-94cc71ba9232" testName="MedicalAlertsTest_PatientWithMaxNumberOfMedicalAlertsTest" computerName="YFANN-PC" duration="00:00:00.0251088" startTime="2016-07-21T15:40:05.5289887+08:00" endTime="2016-07-21T15:40:05.5601887+08:00" testType="13cdc9d9-ddb5-4fa4-a97d-d965ccfc6d4b" outcome="Passed" testListId="8c84fa94-04c1-424b-9868-57a2d4851a1d" relativeResultsDirectory="53e769c7-b06f-4692-9bb8-e21f70b91242" />
    <UnitTestResult executionId="f6064420-1a83-43da-8538-3e380db1a150" testId="f20603fd-5c78-bcd4-9468-76c806a9d225" testName="MedicalAlertsTest_PatientMedicalAlertsWithSpecialCharactersTest" computerName="YFANN-PC" duration="00:00:00.0172733" startTime="2016-07-21T15:40:05.5601887+08:00" endTime="2016-07-21T15:40:05.5757887+08:00" testType="13cdc9d9-ddb5-4fa4-a97d-d965ccfc6d4b" outcome="Passed" testListId="8c84fa94-04c1-424b-9868-57a2d4851a1d" relativeResultsDirectory="f6064420-1a83-43da-8538-3e380db1a150" />
    <UnitTestResult executionId="f6e5ef6a-6965-4839-a2fc-20d2ca3810fe" testId="3edaeed9-b726-e13a-319d-86748ca89d01" testName="PatientPortraitTest_GetANormalPatientAvatarTest" computerName="YFANN-PC" duration="00:00:00.1206199" startTime="2016-07-21T15:40:05.5757887+08:00" endTime="2016-07-21T15:40:05.7005890+08:00" testType="13cdc9d9-ddb5-4fa4-a97d-d965ccfc6d4b" outcome="Passed" testListId="8c84fa94-04c1-424b-9868-57a2d4851a1d" relativeResultsDirectory="f6e5ef6a-6965-4839-a2fc-20d2ca3810fe" />
    <UnitTestResult executionId="9470c0f2-4027-460f-bbd8-df21051314bc" testId="441636df-0592-65cc-3fee-1970f44b290f" testName="PatientPortraitTest_UsePatientIdWithZeroGUIDTest" computerName="YFANN-PC" duration="00:00:00.0401922" startTime="2016-07-21T15:40:05.7005890+08:00" endTime="2016-07-21T15:40:05.7473890+08:00" testType="13cdc9d9-ddb5-4fa4-a97d-d965ccfc6d4b" outcome="Passed" testListId="8c84fa94-04c1-424b-9868-57a2d4851a1d" relativeResultsDirectory="9470c0f2-4027-460f-bbd8-df21051314bc" />
    <UnitTestResult executionId="ac1eb767-e7d4-460e-9aa8-ab30ac0e0668" testId="46d7ee64-c715-a468-503f-9ba68a699f81" testName="PatientPortraitTest_UsePatientIdWithBadFormatTest" computerName="YFANN-PC" duration="00:00:00.1657973" startTime="2016-07-21T15:40:05.7473890+08:00" endTime="2016-07-21T15:40:05.9033893+08:00" testType="13cdc9d9-ddb5-4fa4-a97d-d965ccfc6d4b" outcome="Passed" testListId="8c84fa94-04c1-424b-9868-57a2d4851a1d" relativeResultsDirectory="ac1eb767-e7d4-460e-9aa8-ab30ac0e0668" />
    <UnitTestResult executionId="14aea706-5b53-46cd-92ad-9e1c6724c7dd" testId="b5a92bad-efb3-9b92-b101-8c98210d087e" testName="PatientPortraitTest_UsePatientIdWhichIsNotExistTest" computerName="YFANN-PC" duration="00:00:00.0248251" startTime="2016-07-21T15:40:05.9033893+08:00" endTime="2016-07-21T15:40:05.9345894+08:00" testType="13cdc9d9-ddb5-4fa4-a97d-d965ccfc6d4b" outcome="Passed" testListId="8c84fa94-04c1-424b-9868-57a2d4851a1d" relativeResultsDirectory="14aea706-5b53-46cd-92ad-9e1c6724c7dd" />
    <UnitTestResult executionId="5f471fd6-02d4-459b-b24c-712ef4661531" testId="e6218f34-4b3a-2b21-1d04-2bcd319d1004" testName="PatientPortraitTest_UseABlankPatientIDTest" computerName="YFANN-PC" duration="00:00:00.0302449" startTime="2016-07-21T15:40:05.9345894+08:00" endTime="2016-07-21T15:40:05.9657894+08:00" testType="13cdc9d9-ddb5-4fa4-a97d-d965ccfc6d4b" outcome="Passed" testListId="8c84fa94-04c1-424b-9868-57a2d4851a1d" relativeResultsDirectory="5f471fd6-02d4-459b-b24c-712ef4661531" />
    <UnitTestResult executionId="a3c8319b-5c27-4987-909b-08fa19f53144" testId="1a805901-4b19-3b16-db3b-bd926f21adda" testName="PatientPortraitTest_GetAnIllegalImageTest" computerName="YFANN-PC" duration="00:00:00.0670724" startTime="2016-07-21T15:40:06.0125895+08:00" endTime="2016-07-21T15:40:06.0905896+08:00" testType="13cdc9d9-ddb5-4fa4-a97d-d965ccfc6d4b" outcome="Passed" testListId="8c84fa94-04c1-424b-9868-57a2d4851a1d" relativeResultsDirectory="a3c8319b-5c27-4987-909b-08fa19f53144" />
    <UnitTestResult executionId="91a82e16-2445-4847-b4b5-8bf8c19ccdc9" testId="9c6de321-60f9-1dea-c4fb-eccdcc4cd196" testName="AllOfficesTest_GetAllAvailableOfficesTest" computerName="YFANN-PC" duration="00:00:00.1356167" startTime="2016-07-21T15:40:06.0905896+08:00" endTime="2016-07-21T15:40:06.2309899+08:00" testType="13cdc9d9-ddb5-4fa4-a97d-d965ccfc6d4b" outcome="Passed" testListId="8c84fa94-04c1-424b-9868-57a2d4851a1d" relativeResultsDirectory="91a82e16-2445-4847-b4b5-8bf8c19ccdc9" />
    <UnitTestResult executionId="c8cf20a8-f19e-494d-89e5-65b439c70825" testId="e17c0752-9945-913f-f332-41f543916998" testName="AllOfficesTest_OfficeInfoWithInvalidValue" computerName="YFANN-PC" duration="00:00:00.0445157" startTime="2016-07-21T15:40:06.2309899+08:00" endTime="2016-07-21T15:40:06.2621899+08:00" testType="13cdc9d9-ddb5-4fa4-a97d-d965ccfc6d4b" outcome="Passed" testListId="8c84fa94-04c1-424b-9868-57a2d4851a1d" relativeResultsDirectory="c8cf20a8-f19e-494d-89e5-65b439c70825" />
    <UnitTestResult executionId="8ef9dbdb-6112-4cbe-88f1-ae18caee96e0" testId="d5fb3f1c-3f1e-d85f-a2b2-e6b8bc9a451f" testName="ApptsByOfficeAndDate_GetApptsByOfficeIDAndDateForFutureDate0Appts" computerName="YFANN-PC" duration="00:00:00.0547938" startTime="2016-07-21T15:40:06.2621899+08:00" endTime="2016-07-21T15:40:06.3245901+08:00" testType="13cdc9d9-ddb5-4fa4-a97d-d965ccfc6d4b" outcome="Passed" testListId="8c84fa94-04c1-424b-9868-57a2d4851a1d" relativeResultsDirectory="8ef9dbdb-6112-4cbe-88f1-ae18caee96e0" />
    <UnitTestResult executionId="51780305-4d85-4caa-98de-5b152d1090c5" testId="1a3ee51f-82e7-8fc9-c90b-1f4cc12be1c5" testName="ApptsByOfficeAndDate_GetApptsByOfficeIDAndDateForFutureDateMixedApptsAndYYYYMMDD" computerName="YFANN-PC" duration="00:00:00.0291682" startTime="2016-07-21T15:40:06.3245901+08:00" endTime="2016-07-21T15:40:06.3557901+08:00" testType="13cdc9d9-ddb5-4fa4-a97d-d965ccfc6d4b" outcome="Passed" testListId="8c84fa94-04c1-424b-9868-57a2d4851a1d" relativeResultsDirectory="51780305-4d85-4caa-98de-5b152d1090c5" />
    <UnitTestResult executionId="7450cf4b-f5c6-4385-9826-851925242f06" testId="bd7bdef4-b974-1dcf-50d1-cc1d9d2300a4" testName="ApptsByOfficeAndDate_GetApptsByOfficeIDAndDateForPastDate1Appts" computerName="YFANN-PC" duration="00:00:00.0088977" startTime="2016-07-21T15:40:06.3557901+08:00" endTime="2016-07-21T15:40:06.3713901+08:00" testType="13cdc9d9-ddb5-4fa4-a97d-d965ccfc6d4b" outcome="Passed" testListId="8c84fa94-04c1-424b-9868-57a2d4851a1d" relativeResultsDirectory="7450cf4b-f5c6-4385-9826-851925242f06" />
    <UnitTestResult executionId="57b33bdb-58e1-4f83-b947-eb06bf67b6ed" testId="472a843b-9d40-0fa5-15a6-c6f62450d76a" testName="ApptsByOfficeAndDate_UseValidOfficeIDAndBlankDateMixedAppts" computerName="YFANN-PC" duration="00:00:00.0267805" startTime="2016-07-21T15:40:06.3713901+08:00" endTime="2016-07-21T15:40:06.3869902+08:00" testType="13cdc9d9-ddb5-4fa4-a97d-d965ccfc6d4b" outcome="Passed" testListId="8c84fa94-04c1-424b-9868-57a2d4851a1d" relativeResultsDirectory="57b33bdb-58e1-4f83-b947-eb06bf67b6ed" />
    <UnitTestResult executionId="defd714b-c5a9-43f0-aa73-634f6813f2b8" testId="9a7b6f06-74c2-7462-ba85-dacf92668c65" testName="ApptsByOfficeAndDate_UserValidOfficeIDAndValideDateMMDDYYYY" computerName="YFANN-PC" duration="00:00:00.0192556" startTime="2016-07-21T15:40:06.3869902+08:00" endTime="2016-07-21T15:40:06.4181902+08:00" testType="13cdc9d9-ddb5-4fa4-a97d-d965ccfc6d4b" outcome="Passed" testListId="8c84fa94-04c1-424b-9868-57a2d4851a1d" relativeResultsDirectory="defd714b-c5a9-43f0-aa73-634f6813f2b8" />
    <UnitTestResult executionId="4817cb10-d683-4209-a197-1437b3c8f786" testId="6baca078-0057-cebf-d77e-eea1903b00b8" testName="ApptsByOfficeAndDate_UserValidOfficeIDAndBadFormatDateMMDDYYYY" computerName="YFANN-PC" duration="00:00:00.0099008" startTime="2016-07-21T15:40:06.4181902+08:00" endTime="2016-07-21T15:40:06.4181902+08:00" testType="13cdc9d9-ddb5-4fa4-a97d-d965ccfc6d4b" outcome="Passed" testListId="8c84fa94-04c1-424b-9868-57a2d4851a1d" relativeResultsDirectory="4817cb10-d683-4209-a197-1437b3c8f786" />
    <UnitTestResult executionId="836d9bbe-1367-413f-bda3-733017219d0c" testId="756e0d01-a842-f38b-ea3c-217b08fb29e8" testName="ApptsByOfficeAndDate_UserBadFormatOfficeIDAndValidDate" computerName="YFANN-PC" duration="00:00:00.0144588" startTime="2016-07-21T15:40:06.4181902+08:00" endTime="2016-07-21T15:40:06.4337902+08:00" testType="13cdc9d9-ddb5-4fa4-a97d-d965ccfc6d4b" outcome="Passed" testListId="8c84fa94-04c1-424b-9868-57a2d4851a1d" relativeResultsDirectory="836d9bbe-1367-413f-bda3-733017219d0c" />
    <UnitTestResult executionId="e11df012-f026-4339-b0ff-1b4c587bc545" testId="501f0ee0-74db-cec9-d1ee-4d7ec4d12180" testName="ApptsByOfficeAndDate_UserBlankOfficeIDAndValidDate" computerName="YFANN-PC" duration="00:00:00.0134105" startTime="2016-07-21T15:40:06.4337902+08:00" endTime="2016-07-21T15:40:06.4493903+08:00" testType="13cdc9d9-ddb5-4fa4-a97d-d965ccfc6d4b" outcome="Passed" testListId="8c84fa94-04c1-424b-9868-57a2d4851a1d" relativeResultsDirectory="e11df012-f026-4339-b0ff-1b4c587bc545" />
    <UnitTestResult executionId="5eaa0e21-6a6b-4414-9ea4-68b1606ca94e" testId="7e51dd21-d7e7-02d5-83ac-1baa5ba94572" testName="ApptsByOfficeAndDate_UserNonExistentOfficeIDAndValidDate" computerName="YFANN-PC" duration="00:00:00.0187400" startTime="2016-07-21T15:40:06.4493903+08:00" endTime="2016-07-21T15:40:06.4649903+08:00" testType="13cdc9d9-ddb5-4fa4-a97d-d965ccfc6d4b" outcome="Passed" testListId="8c84fa94-04c1-424b-9868-57a2d4851a1d" relativeResultsDirectory="5eaa0e21-6a6b-4414-9ea4-68b1606ca94e" />
    <UnitTestResult executionId="48e59a4e-16ea-4e4d-aead-9229d0836dc4" testId="c4ae982e-c6cd-4ef0-620f-ebef24b9176f" testName="PatientTypesTest_GetAllPatientTypes" computerName="YFANN-PC" duration="00:00:00.0106581" startTime="2016-07-21T15:40:06.4649903+08:00" endTime="2016-07-21T15:40:06.4805903+08:00" testType="13cdc9d9-ddb5-4fa4-a97d-d965ccfc6d4b" outcome="Passed" testListId="8c84fa94-04c1-424b-9868-57a2d4851a1d" relativeResultsDirectory="48e59a4e-16ea-4e4d-aead-9229d0836dc4" />
    <UnitTestResult executionId="f2ffbda9-9985-4156-8c0d-adb6b1b65f86" testId="655c8f2f-0cf0-5de1-5a2a-a7b80e6a99a5" testName="MappedAppointmentTreatmentsTest_GetAllMappedApptTreatmentsTest" computerName="YFANN-PC" duration="00:00:00.0132484" startTime="2016-07-21T15:40:06.4805903+08:00" endTime="2016-07-21T15:40:06.4961904+08:00" testType="13cdc9d9-ddb5-4fa4-a97d-d965ccfc6d4b" outcome="Passed" testListId="8c84fa94-04c1-424b-9868-57a2d4851a1d" relativeResultsDirectory="f2ffbda9-9985-4156-8c0d-adb6b1b65f86" />
    <UnitTestResult executionId="9531e109-6bad-4bd9-895e-c91c0b6c880c" testId="3435c04f-78c4-7349-a84d-e281f4de3a2f" testName="OfficeDefaultTemplateTest_GetActiveOfficeTemplateTest" computerName="YFANN-PC" duration="00:00:00.0423701" startTime="2016-07-21T15:40:06.4961904+08:00" endTime="2016-07-21T15:40:06.5429904+08:00" testType="13cdc9d9-ddb5-4fa4-a97d-d965ccfc6d4b" outcome="Passed" testListId="8c84fa94-04c1-424b-9868-57a2d4851a1d" relativeResultsDirectory="9531e109-6bad-4bd9-895e-c91c0b6c880c" />
    <UnitTestResult executionId="728bb0dd-1c33-4b62-bde4-f06570ca354e" testId="8553585c-26e4-c41e-0efc-5fb2a54fc80a" testName="OfficeDefaultTemplateTest_GetInActiveOfficeTemplateTest" computerName="YFANN-PC" duration="00:00:00.0142348" startTime="2016-07-21T15:40:06.5429904+08:00" endTime="2016-07-21T15:40:06.5585905+08:00" testType="13cdc9d9-ddb5-4fa4-a97d-d965ccfc6d4b" outcome="Passed" testListId="8c84fa94-04c1-424b-9868-57a2d4851a1d" relativeResultsDirectory="728bb0dd-1c33-4b62-bde4-f06570ca354e" />
    <UnitTestResult executionId="f9a0560b-fd66-47db-88c7-519e02b6b94c" testId="d9300f68-3600-670d-9ab6-d54c65ab59c2" testName="OfficeDefaultTemplateTest_OfficeIDGUIDDoesNotExistTest" computerName="YFANN-PC" duration="00:00:00.0052166" startTime="2016-07-21T15:40:06.5585905+08:00" endTime="2016-07-21T15:40:06.5585905+08:00" testType="13cdc9d9-ddb5-4fa4-a97d-d965ccfc6d4b" outcome="Passed" testListId="8c84fa94-04c1-424b-9868-57a2d4851a1d" relativeResultsDirectory="f9a0560b-fd66-47db-88c7-519e02b6b94c" />
    <UnitTestResult executionId="5b22d0d4-2cfb-4e5c-a07b-4a0fabd23aad" testId="3fcdc7f0-57ff-6634-02fb-021c4fb5dba2" testName="OfficeDefaultTemplateTest_OfficeGUIDDoesIsMalformedTest" computerName="YFANN-PC" duration="00:00:00.0037221" startTime="2016-07-21T15:40:06.5585905+08:00" endTime="2016-07-21T15:40:06.5585905+08:00" testType="13cdc9d9-ddb5-4fa4-a97d-d965ccfc6d4b" outcome="Passed" testListId="8c84fa94-04c1-424b-9868-57a2d4851a1d" relativeResultsDirectory="5b22d0d4-2cfb-4e5c-a07b-4a0fabd23aad" />
    <UnitTestResult executionId="53bfa3ee-7696-4045-8d2f-8153b3bbbf8e" testId="237ec957-d350-72e5-946b-68c755ea71d0" testName="OfficeDefaultTemplateTest_OfficeGUIDDoesIsMissingTest" computerName="YFANN-PC" duration="00:00:00.0067162" startTime="2016-07-21T15:40:06.5585905+08:00" endTime="2016-07-21T15:40:06.5741905+08:00" testType="13cdc9d9-ddb5-4fa4-a97d-d965ccfc6d4b" outcome="Passed" testListId="8c84fa94-04c1-424b-9868-57a2d4851a1d" relativeResultsDirectory="53bfa3ee-7696-4045-8d2f-8153b3bbbf8e" />
    <UnitTestResult executionId="88109692-444e-4077-8562-16b9969f00bd" testId="dc47e533-b474-c8e6-070e-a108adbcda31" testName="OfficeDefaultTemplateTest_OfficeGUIDIsNullTest" computerName="YFANN-PC" duration="00:00:00.0043119" startTime="2016-07-21T15:40:06.5741905+08:00" endTime="2016-07-21T15:40:06.5741905+08:00" testType="13cdc9d9-ddb5-4fa4-a97d-d965ccfc6d4b" outcome="Passed" testListId="8c84fa94-04c1-424b-9868-57a2d4851a1d" relativeResultsDirectory="88109692-444e-4077-8562-16b9969f00bd" />
    <UnitTestResult executionId="cc940e03-1383-4230-aacc-1b8227e38d79" testId="67b94bc1-f013-34f8-d879-11a44f393962" testName="OfficeDefaultTemplateTest_NoOfficeIDParameterTest" computerName="YFANN-PC" duration="00:00:00.0018832" startTime="2016-07-21T15:40:06.5741905+08:00" endTime="2016-07-21T15:40:06.5741905+08:00" testType="13cdc9d9-ddb5-4fa4-a97d-d965ccfc6d4b" outcome="Passed" testListId="8c84fa94-04c1-424b-9868-57a2d4851a1d" relativeResultsDirectory="cc940e03-1383-4230-aacc-1b8227e38d79" />
    <UnitTestResult executionId="6e3c76f1-e098-4193-a672-64a9e7e4db4c" testId="da61df37-b99d-75c9-c2bb-ef6550667492" testName="ToothLocationCodesByOfficeID_OfficeIsUniversalNumberingSystemTest" computerName="YFANN-PC" duration="00:00:00.0195064" startTime="2016-07-21T15:40:06.5741905+08:00" endTime="2016-07-21T15:40:06.6053905+08:00" testType="13cdc9d9-ddb5-4fa4-a97d-d965ccfc6d4b" outcome="Passed" testListId="8c84fa94-04c1-424b-9868-57a2d4851a1d" relativeResultsDirectory="6e3c76f1-e098-4193-a672-64a9e7e4db4c" />
    <UnitTestResult executionId="db764028-a44a-4383-a100-496f00fef7fa" testId="edea7b65-c6e3-3a0a-0705-3f52a7644060" testName="ToothLocationCodesByOfficeID_OfficeIsFDIWordDentalFederationNotationTest" computerName="YFANN-PC" duration="00:00:00.0096726" startTime="2016-07-21T15:40:06.6053905+08:00" endTime="2016-07-21T15:40:06.6209906+08:00" testType="13cdc9d9-ddb5-4fa4-a97d-d965ccfc6d4b" outcome="Passed" testListId="8c84fa94-04c1-424b-9868-57a2d4851a1d" relativeResultsDirectory="db764028-a44a-4383-a100-496f00fef7fa" />
    <UnitTestResult executionId="7a0a1b39-276f-41a5-9b4e-b9c11d24b773" testId="03170cc9-aae0-ca45-c743-d7926f556305" testName="ToothLocationCodesByOfficeID_NonExistentOfficeIDTest" computerName="YFANN-PC" duration="00:00:00.0044442" startTime="2016-07-21T15:40:06.6209906+08:00" endTime="2016-07-21T15:40:06.6209906+08:00" testType="13cdc9d9-ddb5-4fa4-a97d-d965ccfc6d4b" outcome="Passed" testListId="8c84fa94-04c1-424b-9868-57a2d4851a1d" relativeResultsDirectory="7a0a1b39-276f-41a5-9b4e-b9c11d24b773" />
    <UnitTestResult executionId="4976ceb2-9169-49f1-83ca-4fb1d9af28d6" testId="b19bdb9d-27f8-a48e-eefe-0ced359e69cf" testName="ToothLocationCodesByOfficeID_BadFormatOfficeIDTest" computerName="YFANN-PC" duration="00:00:00.0037683" startTime="2016-07-21T15:40:06.6209906+08:00" endTime="2016-07-21T15:40:06.6209906+08:00" testType="13cdc9d9-ddb5-4fa4-a97d-d965ccfc6d4b" outcome="Passed" testListId="8c84fa94-04c1-424b-9868-57a2d4851a1d" relativeResultsDirectory="4976ceb2-9169-49f1-83ca-4fb1d9af28d6" />
    <UnitTestResult executionId="952c71c6-9c8e-463b-a9f6-4229e8dad19b" testId="4ed8cf30-300e-6a7e-1823-233c3fde3d27" testName="ToothLocationCodesByOfficeID_BlankOfficeIDTest" computerName="YFANN-PC" duration="00:00:00.0031072" startTime="2016-07-21T15:40:06.6209906+08:00" endTime="2016-07-21T15:40:06.6209906+08:00" testType="13cdc9d9-ddb5-4fa4-a97d-d965ccfc6d4b" outcome="Passed" testListId="8c84fa94-04c1-424b-9868-57a2d4851a1d" relativeResultsDirectory="952c71c6-9c8e-463b-a9f6-4229e8dad19b" />
    <UnitTestResult executionId="9049b67d-200d-424a-9e4e-6085f339e438" testId="ff03e6bf-1f4f-5690-6253-b797cc00612b" testName="ToothLocationCodesByOfficeID_NoOfficeIDParameterTest" computerName="YFANN-PC" duration="00:00:00.0014917" startTime="2016-07-21T15:40:06.6209906+08:00" endTime="2016-07-21T15:40:06.6209906+08:00" testType="13cdc9d9-ddb5-4fa4-a97d-d965ccfc6d4b" outcome="Passed" testListId="8c84fa94-04c1-424b-9868-57a2d4851a1d" relativeResultsDirectory="9049b67d-200d-424a-9e4e-6085f339e438" />
    <UnitTestResult executionId="d40377ee-1747-4650-b905-027380aff87c" testId="c97ade20-9f07-0bb5-7641-469bcca26415" testName="ProceduresByApptIDTest_ZeroTodayApptsTest" computerName="YFANN-PC" duration="00:00:00.0221202" startTime="2016-07-21T15:40:06.6365906+08:00" endTime="2016-07-21T15:40:06.6521906+08:00" testType="13cdc9d9-ddb5-4fa4-a97d-d965ccfc6d4b" outcome="Passed" testListId="8c84fa94-04c1-424b-9868-57a2d4851a1d" relativeResultsDirectory="d40377ee-1747-4650-b905-027380aff87c" />
    <UnitTestResult executionId="1232573a-3755-4391-9971-884a81bffb2d" testId="893f1e13-4122-723a-4fce-7236e2810e3c" testName="ProceduresByApptIDTest_MultipleTodayApptsWithoutProceduresTest" computerName="YFANN-PC" duration="00:00:00.0350622" startTime="2016-07-21T15:40:06.6521906+08:00" endTime="2016-07-21T15:40:06.6833907+08:00" testType="13cdc9d9-ddb5-4fa4-a97d-d965ccfc6d4b" outcome="Passed" testListId="8c84fa94-04c1-424b-9868-57a2d4851a1d" relativeResultsDirectory="1232573a-3755-4391-9971-884a81bffb2d" />
    <UnitTestResult executionId="2af2ecf4-8948-4cd1-885e-8073603e1cda" testId="2d8e5a55-8c2e-09f0-de2a-2ef28c669c20" testName="ProceduresByApptIDTest_TodayApptsWithSingleOrMultipleProceduresTest" computerName="YFANN-PC" duration="00:00:00.0570122" startTime="2016-07-21T15:40:06.6833907+08:00" endTime="2016-07-21T15:40:06.7457908+08:00" testType="13cdc9d9-ddb5-4fa4-a97d-d965ccfc6d4b" outcome="Passed" testListId="8c84fa94-04c1-424b-9868-57a2d4851a1d" relativeResultsDirectory="2af2ecf4-8948-4cd1-885e-8073603e1cda" />
    <UnitTestResult executionId="7307403b-9657-4e48-9e3c-b828cc6418b9" testId="5a1727e9-859d-da7d-a8a6-0c2b1d3e32c2" testName="ProceduresByApptIDTest_OfficeIDIsNonExistentTest" computerName="YFANN-PC" duration="00:00:00.0202179" startTime="2016-07-21T15:40:06.7457908+08:00" endTime="2016-07-21T15:40:06.7613908+08:00" testType="13cdc9d9-ddb5-4fa4-a97d-d965ccfc6d4b" outcome="Passed" testListId="8c84fa94-04c1-424b-9868-57a2d4851a1d" relativeResultsDirectory="7307403b-9657-4e48-9e3c-b828cc6418b9" />
    <UnitTestResult executionId="b07237f2-c521-46f2-aaa3-8c124b6c3c46" testId="eeff6be2-7a40-e129-0846-69199c7fecec" testName="ProceduresByApptIDTest_OfficeIDIsBadFormatTest" computerName="YFANN-PC" duration="00:00:00.0148518" startTime="2016-07-21T15:40:06.7613908+08:00" endTime="2016-07-21T15:40:06.7769908+08:00" testType="13cdc9d9-ddb5-4fa4-a97d-d965ccfc6d4b" outcome="Passed" testListId="8c84fa94-04c1-424b-9868-57a2d4851a1d" relativeResultsDirectory="b07237f2-c521-46f2-aaa3-8c124b6c3c46" />
    <UnitTestResult executionId="1ef5af82-b9c6-4bba-b948-9679725b9bd4" testId="dfe418e0-65cd-7503-26cd-b37418d9a9f1" testName="ProceduresByApptIDTest_OfficeIDIsBlankTest" computerName="YFANN-PC" duration="00:00:00.0131690" startTime="2016-07-21T15:40:06.7769908+08:00" endTime="2016-07-21T15:40:06.7925909+08:00" testType="13cdc9d9-ddb5-4fa4-a97d-d965ccfc6d4b" outcome="Passed" testListId="8c84fa94-04c1-424b-9868-57a2d4851a1d" relativeResultsDirectory="1ef5af82-b9c6-4bba-b948-9679725b9bd4" />
    <UnitTestResult executionId="311a164d-f8ef-4781-8c72-d1555818ecc0" testId="a545f500-ffff-52f8-25dd-f207564c8202" testName="US33295_01_AppointmentLiteProviderInformationTest_Positive_ProviderIsDoctor" computerName="YFANN-PC" duration="00:00:00.1150229" startTime="2016-07-21T15:40:06.7925909+08:00" endTime="2016-07-21T15:40:06.9173911+08:00" testType="13cdc9d9-ddb5-4fa4-a97d-d965ccfc6d4b" outcome="Passed" testListId="8c84fa94-04c1-424b-9868-57a2d4851a1d" relativeResultsDirectory="311a164d-f8ef-4781-8c72-d1555818ecc0" />
    <UnitTestResult executionId="40c6a97a-12d0-403d-96af-86f0064652c0" testId="6e8c4a43-e177-ed71-47e1-fae3a3816cb8" testName="US33295_02_AppointmentLiteProviderInformationTest_Positive_ProviderIsDoctorAndHygienist" computerName="YFANN-PC" duration="00:00:00.0423487" startTime="2016-07-21T15:40:06.9173911+08:00" endTime="2016-07-21T15:40:06.9485911+08:00" testType="13cdc9d9-ddb5-4fa4-a97d-d965ccfc6d4b" outcome="Passed" testListId="8c84fa94-04c1-424b-9868-57a2d4851a1d" relativeResultsDirectory="40c6a97a-12d0-403d-96af-86f0064652c0" />
    <UnitTestResult executionId="a16e6803-281c-426c-b04a-4cbe98d648d0" testId="41ea8f49-4ebf-00f4-e05e-19c864724a88" testName="US33295_03_AppointmentLiteProviderInformationTest_Positive_ProviderIsHygienist" computerName="YFANN-PC" duration="00:00:00.0311305" startTime="2016-07-21T15:40:06.9485911+08:00" endTime="2016-07-21T15:40:06.9797912+08:00" testType="13cdc9d9-ddb5-4fa4-a97d-d965ccfc6d4b" outcome="Passed" testListId="8c84fa94-04c1-424b-9868-57a2d4851a1d" relativeResultsDirectory="a16e6803-281c-426c-b04a-4cbe98d648d0" />
    <UnitTestResult executionId="c22d1d8e-8031-4fc2-b302-0168d7c7ea97" testId="68897f45-a889-6c22-12a0-b5775b2fbb0a" testName="US33295_04_AppointmentLiteProviderInformationTest_Positive_NoProcedure" computerName="YFANN-PC" duration="00:00:00.0310765" startTime="2016-07-21T15:40:06.9797912+08:00" endTime="2016-07-21T15:40:07.0109913+08:00" testType="13cdc9d9-ddb5-4fa4-a97d-d965ccfc6d4b" outcome="Passed" testListId="8c84fa94-04c1-424b-9868-57a2d4851a1d" relativeResultsDirectory="c22d1d8e-8031-4fc2-b302-0168d7c7ea97" />
    <UnitTestResult executionId="def7564a-2fd0-462d-aa86-c5f5dda4ae55" testId="112c1d3e-54da-35bf-18db-6c97e8a59fe5" testName="US33295_05_AppointmentLiteProviderInformationTest_Positive_MultipleProcedures" computerName="YFANN-PC" duration="00:00:00.0865194" startTime="2016-07-21T15:40:07.0265913+08:00" endTime="2016-07-21T15:40:07.1045914+08:00" testType="13cdc9d9-ddb5-4fa4-a97d-d965ccfc6d4b" outcome="Passed" testListId="8c84fa94-04c1-424b-9868-57a2d4851a1d" relativeResultsDirectory="def7564a-2fd0-462d-aa86-c5f5dda4ae55" />
    <UnitTestResult executionId="3074b2fa-4aff-47df-b43d-e33eca6fd8f9" testId="1bfed89b-df07-c1c0-17e2-4fa5902baeb9" testName="US33295_06_AppointmentLiteProviderInformationTest_Positive_NoFeeChangeNotes" computerName="YFANN-PC" duration="00:00:00.0387913" startTime="2016-07-21T15:40:07.1045914+08:00" endTime="2016-07-21T15:40:07.1513915+08:00" testType="13cdc9d9-ddb5-4fa4-a97d-d965ccfc6d4b" outcome="Passed" testListId="8c84fa94-04c1-424b-9868-57a2d4851a1d" relativeResultsDirectory="3074b2fa-4aff-47df-b43d-e33eca6fd8f9" />
    <UnitTestResult executionId="b52f8b72-5f76-4926-8a8a-a8b2fd25f356" testId="1397a6d5-cfb6-6257-1983-f62419575bbc" testName="US33295_07_AppointmentLiteProviderInformationTest_Positive_MultipleNotesLog" computerName="YFANN-PC" duration="00:00:00.0457980" startTime="2016-07-21T15:40:07.1513915+08:00" endTime="2016-07-21T15:40:07.1981916+08:00" testType="13cdc9d9-ddb5-4fa4-a97d-d965ccfc6d4b" outcome="Passed" testListId="8c84fa94-04c1-424b-9868-57a2d4851a1d" relativeResultsDirectory="b52f8b72-5f76-4926-8a8a-a8b2fd25f356" />
    <UnitTestResult executionId="44d53d4c-2624-45f3-b41b-565312099224" testId="174e96ac-8856-1ddc-8d4e-f81e2d579a49" testName="US33295_08_AppointmentLiteProviderInformationTest_Negative_NonExistentApptId" computerName="YFANN-PC" duration="00:00:00.0286722" startTime="2016-07-21T15:40:07.1981916+08:00" endTime="2016-07-21T15:40:07.2137916+08:00" testType="13cdc9d9-ddb5-4fa4-a97d-d965ccfc6d4b" outcome="Passed" testListId="8c84fa94-04c1-424b-9868-57a2d4851a1d" relativeResultsDirectory="44d53d4c-2624-45f3-b41b-565312099224" />
    <UnitTestResult executionId="67251f2b-5098-4629-a1e0-c86c108af590" testId="7378a435-eb0a-608f-d30a-2b07d76eed92" testName="US33295_09_AppointmentLiteProviderInformationTest_Negative_BadFormatApptId" computerName="YFANN-PC" duration="00:00:00.0215364" startTime="2016-07-21T15:40:07.2293916+08:00" endTime="2016-07-21T15:40:07.2449917+08:00" testType="13cdc9d9-ddb5-4fa4-a97d-d965ccfc6d4b" outcome="Passed" testListId="8c84fa94-04c1-424b-9868-57a2d4851a1d" relativeResultsDirectory="67251f2b-5098-4629-a1e0-c86c108af590" />
    <UnitTestResult executionId="40aa235d-932d-400e-9834-d06e25af9e48" testId="a10ad8fb-b6ce-b72f-11ac-267fb3274a40" testName="US33295_10_AppointmentLiteProviderInformationTest_Negative_BlankApptId" computerName="YFANN-PC" duration="00:00:00.0321940" startTime="2016-07-21T15:40:07.2449917+08:00" endTime="2016-07-21T15:40:07.2761917+08:00" testType="13cdc9d9-ddb5-4fa4-a97d-d965ccfc6d4b" outcome="Passed" testListId="8c84fa94-04c1-424b-9868-57a2d4851a1d" relativeResultsDirectory="40aa235d-932d-400e-9834-d06e25af9e48" />
    <UnitTestResult executionId="ac7a6013-4e3b-4486-86f2-bd4a09847f6c" testId="43c69214-3823-5a39-dd26-159b2756f0a3" testName="FindPatientsTest" computerName="YFANN-PC" duration="00:00:00.4210708" startTime="2016-07-21T15:40:07.2761917+08:00" endTime="2016-07-21T15:40:07.6973925+08:00" testType="13cdc9d9-ddb5-4fa4-a97d-d965ccfc6d4b" outcome="Passed" testListId="8c84fa94-04c1-424b-9868-57a2d4851a1d" relativeResultsDirectory="ac7a6013-4e3b-4486-86f2-bd4a09847f6c" />
    <UnitTestResult executionId="e77a6029-09a3-4a52-86be-16456fc326bc" testId="bee5639f-7ea9-e50b-ad95-12fb557a46d5" testName="RebookAppointmentTest" computerName="YFANN-PC" duration="00:00:00.2309228" startTime="2016-07-21T15:40:07.6973925+08:00" endTime="2016-07-21T15:40:07.9313929+08:00" testType="13cdc9d9-ddb5-4fa4-a97d-d965ccfc6d4b" outcome="Passed" testListId="8c84fa94-04c1-424b-9868-57a2d4851a1d" relativeResultsDirectory="e77a6029-09a3-4a52-86be-16456fc326bc" />
    <UnitTestResult executionId="73b89d1c-ebfe-4705-9dbb-645643c4671a" testId="27ae22f5-f2cf-81ab-8314-1309533eb71b" testName="LookupAddressTest" computerName="YFANN-PC" duration="00:00:02.7321479" startTime="2016-07-21T15:40:07.9313929+08:00" endTime="2016-07-21T15:40:10.6613977+08:00" testType="13cdc9d9-ddb5-4fa4-a97d-d965ccfc6d4b" outcome="Passed" testListId="8c84fa94-04c1-424b-9868-57a2d4851a1d" relativeResultsDirectory="73b89d1c-ebfe-4705-9dbb-645643c4671a" />
    <UnitTestResult executionId="e958882b-9c6a-4f84-a195-0f4b2fe911d4" testId="579509c9-6622-9385-78c0-3aa91d4db29c" testName="ReminderTest" computerName="YFANN-PC" duration="00:00:00.4485284" startTime="2016-07-21T15:40:10.6613977+08:00" endTime="2016-07-21T15:40:11.1137985+08:00" testType="13cdc9d9-ddb5-4fa4-a97d-d965ccfc6d4b" outcome="Passed" testListId="8c84fa94-04c1-424b-9868-57a2d4851a1d" relativeResultsDirectory="e958882b-9c6a-4f84-a195-0f4b2fe911d4" />
    <UnitTestResult executionId="6cbb1a05-08b5-42ca-b1c2-46068222b22c" testId="d134b5e6-6138-7d19-0c2c-8701f5519c69" testName="RegistrationConfirmationTest" computerName="YFANN-PC" duration="00:00:00.0001660" startTime="2016-07-21T15:40:11.1137985+08:00" endTime="2016-07-21T15:40:11.1137985+08:00" testType="13cdc9d9-ddb5-4fa4-a97d-d965ccfc6d4b" outcome="Passed" testListId="8c84fa94-04c1-424b-9868-57a2d4851a1d" relativeResultsDirectory="6cbb1a05-08b5-42ca-b1c2-46068222b22c" />
    <UnitTestResult executionId="421a3777-158c-4c91-9d79-c823061f9de9" testId="56d2ef89-f058-9a38-37c4-4c82e8cc90de" testName="PatientregistrationsTest" computerName="YFANN-PC" duration="00:00:00.0001645" startTime="2016-07-21T15:40:11.1137985+08:00" endTime="2016-07-21T15:40:11.1137985+08:00" testType="13cdc9d9-ddb5-4fa4-a97d-d965ccfc6d4b" outcome="Passed" testListId="8c84fa94-04c1-424b-9868-57a2d4851a1d" relativeResultsDirectory="421a3777-158c-4c91-9d79-c823061f9de9" />
    <UnitTestResult executionId="cdd81bf7-4a13-446b-98fc-8a31abb7c7ba" testId="53d3c1d9-8ab8-3e1d-1541-c0ef8e588682" testName="PatientmessagesTest" computerName="YFANN-PC" duration="00:00:00.1186382" startTime="2016-07-21T15:40:11.1137985+08:00" endTime="2016-07-21T15:40:11.2385987+08:00" testType="13cdc9d9-ddb5-4fa4-a97d-d965ccfc6d4b" outcome="Passed" testListId="8c84fa94-04c1-424b-9868-57a2d4851a1d" relativeResultsDirectory="cdd81bf7-4a13-446b-98fc-8a31abb7c7ba" />
    <UnitTestResult executionId="fa93d7f2-0bbc-4e39-8c72-07a135d17955" testId="5662682f-6f3d-b3a7-14c9-a25015c565e3" testName="ConfirmAppointmentTest" computerName="YFANN-PC" duration="00:00:00.4533451" startTime="2016-07-21T15:40:11.2385987+08:00" endTime="2016-07-21T15:40:11.6909995+08:00" testType="13cdc9d9-ddb5-4fa4-a97d-d965ccfc6d4b" outcome="Passed" testListId="8c84fa94-04c1-424b-9868-57a2d4851a1d" relativeResultsDirectory="fa93d7f2-0bbc-4e39-8c72-07a135d17955" />
    <UnitTestResult executionId="da4a4f9d-68c5-4630-a82f-cb5ef2ad6470" testId="c8999bb4-1b8c-9dd8-47e9-28448b62d839" testName="ContactpreferencesTest" computerName="YFANN-PC" duration="00:00:00.1985054" startTime="2016-07-21T15:40:11.6909995+08:00" endTime="2016-07-21T15:40:11.8937998+08:00" testType="13cdc9d9-ddb5-4fa4-a97d-d965ccfc6d4b" outcome="Passed" testListId="8c84fa94-04c1-424b-9868-57a2d4851a1d" relativeResultsDirectory="da4a4f9d-68c5-4630-a82f-cb5ef2ad6470" />
    <UnitTestResult executionId="8f1c619d-c2c5-463d-be46-25538448a9c9" testId="c2a5e1c5-ce34-b98b-a5de-d0c2292ef724" testName="PraticePriorityTest" computerName="YFANN-PC" duration="00:00:00.1230885" startTime="2016-07-21T15:40:11.8937998+08:00" endTime="2016-07-21T15:40:12.0220011+08:00" testType="13cdc9d9-ddb5-4fa4-a97d-d965ccfc6d4b" outcome="Failed" testListId="8c84fa94-04c1-424b-9868-57a2d4851a1d" relativeResultsDirectory="8f1c619d-c2c5-463d-be46-25538448a9c9">
      <Output>
        <ErrorInfo>
          <Message>Assert.IsTrue failed. </Message>
          <StackTrace>   at CSD.OnlineDPMS.WebApi.Tests.Tests.CallCenterServiceTest.PraticePriorityTest() in D:\GitSpace\phoenix\applications\ccenter-html\NextGen\SourceCode\OnlineDPMS\CSD.OnlineDPMS.WebApi.Tests\Tests\CallCenterServiceTest.cs:line 250
</StackTrace>
        </ErrorInfo>
      </Output>
    </UnitTestResult>
    <UnitTestResult executionId="11f0410a-4e8d-4e1a-bb84-a6cfe698f64c" testId="ac17ca64-0ab0-b5eb-63f4-a5b80f5fea21" testName="AppointmentsCancelTest" computerName="YFANN-PC" duration="00:00:00.4361403" startTime="2016-07-21T15:40:12.0220011+08:00" endTime="2016-07-21T15:40:12.4588019+08:00" testType="13cdc9d9-ddb5-4fa4-a97d-d965ccfc6d4b" outcome="Passed" testListId="8c84fa94-04c1-424b-9868-57a2d4851a1d" relativeResultsDirectory="11f0410a-4e8d-4e1a-bb84-a6cfe698f64c" />
    <UnitTestResult executionId="87c31cf2-be82-4812-9986-8101975b7411" testId="a1676af4-364d-45ba-37bc-1f5c84927734" testName="AppointmentsReminderTest" computerName="YFANN-PC" duration="00:00:00.3205027" startTime="2016-07-21T15:40:12.4588019+08:00" endTime="2016-07-21T15:40:12.7708024+08:00" testType="13cdc9d9-ddb5-4fa4-a97d-d965ccfc6d4b" outcome="Passed" testListId="8c84fa94-04c1-424b-9868-57a2d4851a1d" relativeResultsDirectory="87c31cf2-be82-4812-9986-8101975b7411" />
    <UnitTestResult executionId="88adfb09-8cf7-4334-9edc-2ac0fa97d702" testId="31fbbece-be6c-04e6-1ded-eb1deed3ad95" testName="US33329_01_GetIndividualNoteTest_Positive_GetNoteWithoutNoteLog" computerName="YFANN-PC" duration="00:00:00.0352681" startTime="2016-07-21T15:40:12.7708024+08:00" endTime="2016-07-21T15:40:12.8176025+08:00" testType="13cdc9d9-ddb5-4fa4-a97d-d965ccfc6d4b" outcome="Passed" testListId="8c84fa94-04c1-424b-9868-57a2d4851a1d" relativeResultsDirectory="88adfb09-8cf7-4334-9edc-2ac0fa97d702" />
    <UnitTestResult executionId="de621761-fa45-4d60-9652-4857ef67a856" testId="52c63773-c393-9305-5dd9-4ac72a32539b" testName="US33329_02_GetIndividualNoteTest_Positive_GetNoteWith2NoteLog" computerName="YFANN-PC" duration="00:00:00.0750878" startTime="2016-07-21T15:40:12.8176025+08:00" endTime="2016-07-21T15:40:12.8956026+08:00" testType="13cdc9d9-ddb5-4fa4-a97d-d965ccfc6d4b" outcome="Passed" testListId="8c84fa94-04c1-424b-9868-57a2d4851a1d" relativeResultsDirectory="de621761-fa45-4d60-9652-4857ef67a856" />
    <UnitTestResult executionId="958798a1-0f1d-43c2-a07a-5d379086808d" testId="e4e708a8-2699-59d9-3019-2f73198b141b" testName="US33329_03_GetIndividualNoteTest_Negative_UseNonExistentNoteId" computerName="YFANN-PC" duration="00:00:00.0093744" startTime="2016-07-21T15:40:12.8956026+08:00" endTime="2016-07-21T15:40:12.8956026+08:00" testType="13cdc9d9-ddb5-4fa4-a97d-d965ccfc6d4b" outcome="Passed" testListId="8c84fa94-04c1-424b-9868-57a2d4851a1d" relativeResultsDirectory="958798a1-0f1d-43c2-a07a-5d379086808d" />
    <UnitTestResult executionId="e86899b2-bf8b-41c2-8b36-aea24e1f4861" testId="8d90cb3e-aa65-9ee7-b904-d95165b240a8" testName="US33329_04_GetIndividualNoteTest_Negative_UseBadFormatNoteId" computerName="YFANN-PC" duration="00:00:00.0112036" startTime="2016-07-21T15:40:12.8956026+08:00" endTime="2016-07-21T15:40:12.9112027+08:00" testType="13cdc9d9-ddb5-4fa4-a97d-d965ccfc6d4b" outcome="Passed" testListId="8c84fa94-04c1-424b-9868-57a2d4851a1d" relativeResultsDirectory="e86899b2-bf8b-41c2-8b36-aea24e1f4861" />
    <UnitTestResult executionId="e2079771-cb96-4c79-aa09-7212fc9d31f6" testId="3cdfcc83-30ab-3afd-a5d9-aa7ac57e8eda" testName="US33329_05_GetIndividualNoteTest_Negative_UseBlankNoteId" computerName="YFANN-PC" duration="00:00:00.0035597" startTime="2016-07-21T15:40:12.9112027+08:00" endTime="2016-07-21T15:40:12.9112027+08:00" testType="13cdc9d9-ddb5-4fa4-a97d-d965ccfc6d4b" outcome="Passed" testListId="8c84fa94-04c1-424b-9868-57a2d4851a1d" relativeResultsDirectory="e2079771-cb96-4c79-aa09-7212fc9d31f6" />
    <UnitTestResult executionId="35b803f7-cb6f-4636-b9fa-645b58d92168" testId="438b6d0c-7581-de9a-2dc7-6ee519cfa928" testName="US33291_01_NextAppointmentTest_Positive_OnePastAppointmentInSystem" computerName="YFANN-PC" duration="00:00:00.1035443" startTime="2016-07-21T15:40:12.9112027+08:00" endTime="2016-07-21T15:40:13.0204029+08:00" testType="13cdc9d9-ddb5-4fa4-a97d-d965ccfc6d4b" outcome="Passed" testListId="8c84fa94-04c1-424b-9868-57a2d4851a1d" relativeResultsDirectory="35b803f7-cb6f-4636-b9fa-645b58d92168" />
    <UnitTestResult executionId="a0aecec1-9a5c-4314-b02d-a9768ff908ba" testId="57ffbe2f-bf30-6f3d-ee47-62716626b0cb" testName="US33291_02_NextAppointmentTest_Positive_MoreThan2PastAppointmentsAnd0FutureAppointment" computerName="YFANN-PC" duration="00:00:00.0794967" startTime="2016-07-21T15:40:13.0204029+08:00" endTime="2016-07-21T15:40:13.0984030+08:00" testType="13cdc9d9-ddb5-4fa4-a97d-d965ccfc6d4b" outcome="Passed" testListId="8c84fa94-04c1-424b-9868-57a2d4851a1d" relativeResultsDirectory="a0aecec1-9a5c-4314-b02d-a9768ff908ba" />
    <UnitTestResult executionId="c8635874-5712-478f-95c6-0e107b8b6621" testId="48380489-d320-7d70-a332-f02b06d9da33" testName="US33291_03_NextAppointmentTest_Positive_NoAppointmentsInSystem" computerName="YFANN-PC" duration="00:00:00.1215113" startTime="2016-07-21T15:40:13.0984030+08:00" endTime="2016-07-21T15:40:13.2232032+08:00" testType="13cdc9d9-ddb5-4fa4-a97d-d965ccfc6d4b" outcome="Passed" testListId="8c84fa94-04c1-424b-9868-57a2d4851a1d" relativeResultsDirectory="c8635874-5712-478f-95c6-0e107b8b6621" />
    <UnitTestResult executionId="00863194-1045-433a-983c-7b831ae16060" testId="4e7f6a3f-3213-bfc7-2624-566cda29b69a" testName="US33291_04_NextAppointmentTest_Positive_ComplexCondition" computerName="YFANN-PC" duration="00:00:00.0540549" startTime="2016-07-21T15:40:13.2232032+08:00" endTime="2016-07-21T15:40:13.2856033+08:00" testType="13cdc9d9-ddb5-4fa4-a97d-d965ccfc6d4b" outcome="Passed" testListId="8c84fa94-04c1-424b-9868-57a2d4851a1d" relativeResultsDirectory="00863194-1045-433a-983c-7b831ae16060" />
    <UnitTestResult executionId="f54edf17-611f-476b-81e2-c88f5f6a6832" testId="a165b4b7-45bf-3065-343e-9568724ce781" testName="US33291_05_NextAppointmentTest_Negative_PatientGuidIsMalformed" computerName="YFANN-PC" duration="00:00:00.0080326" startTime="2016-07-21T15:40:13.2856033+08:00" endTime="2016-07-21T15:40:13.2856033+08:00" testType="13cdc9d9-ddb5-4fa4-a97d-d965ccfc6d4b" outcome="Passed" testListId="8c84fa94-04c1-424b-9868-57a2d4851a1d" relativeResultsDirectory="f54edf17-611f-476b-81e2-c88f5f6a6832" />
    <UnitTestResult executionId="3b04d98b-9140-4201-bd89-23cff07a554d" testId="74721fe3-854b-82b2-cf69-3e7571a84ce6" testName="US33291_06_NextAppointmentTest_Negative_PatientGuidIsMissing" computerName="YFANN-PC" duration="00:00:00.0031196" startTime="2016-07-21T15:40:13.2856033+08:00" endTime="2016-07-21T15:40:13.3012034+08:00" testType="13cdc9d9-ddb5-4fa4-a97d-d965ccfc6d4b" outcome="Passed" testListId="8c84fa94-04c1-424b-9868-57a2d4851a1d" relativeResultsDirectory="3b04d98b-9140-4201-bd89-23cff07a554d" />
    <UnitTestResult executionId="a11e9094-625b-433f-bc14-3757299aefd1" testId="a0639b6b-c1b7-4928-4b28-0f1938f423d3" testName="US33291_07_NextAppointmentTest_Negative_PatientGuidIsNull" computerName="YFANN-PC" duration="00:00:00.0074358" startTime="2016-07-21T15:40:13.3012034+08:00" endTime="2016-07-21T15:40:13.3012034+08:00" testType="13cdc9d9-ddb5-4fa4-a97d-d965ccfc6d4b" outcome="Passed" testListId="8c84fa94-04c1-424b-9868-57a2d4851a1d" relativeResultsDirectory="a11e9094-625b-433f-bc14-3757299aefd1" />
    <UnitTestResult executionId="3127929b-7012-4faa-a7d8-12a1bf7ba245" testId="6ca6935f-3ebf-fa6b-6c82-4a9e1a957fde" testName="US33291_08_NextAppointmentTest_Negative_PatientGuidIsZero" computerName="YFANN-PC" duration="00:00:00.0163925" startTime="2016-07-21T15:40:13.3012034+08:00" endTime="2016-07-21T15:40:13.3168034+08:00" testType="13cdc9d9-ddb5-4fa4-a97d-d965ccfc6d4b" outcome="Passed" testListId="8c84fa94-04c1-424b-9868-57a2d4851a1d" relativeResultsDirectory="3127929b-7012-4faa-a7d8-12a1bf7ba245" />
    <UnitTestResult executionId="0fae109d-a63a-43c0-be8c-0d56b8e6deb0" testId="7ae79e6f-463f-9326-977f-43a4007b612b" testName="US33291_09_NextAppointmentTest_Negative_PatientGuidNotExistsInDatabase" computerName="YFANN-PC" duration="00:00:00.0157290" startTime="2016-07-21T15:40:13.3168034+08:00" endTime="2016-07-21T15:40:13.3324034+08:00" testType="13cdc9d9-ddb5-4fa4-a97d-d965ccfc6d4b" outcome="Passed" testListId="8c84fa94-04c1-424b-9868-57a2d4851a1d" relativeResultsDirectory="0fae109d-a63a-43c0-be8c-0d56b8e6deb0" />
    <UnitTestResult executionId="9b4234b0-49b8-4c8b-bcc6-1ec1fed8c3c0" testId="3a78e350-3ed8-b18b-8cf6-63c700ca75f5" testName="US33292_01_NextAppointmentTest_Positive_ZeroPastAppointmentsAnd2FutureAppointments" computerName="YFANN-PC" duration="00:00:00.0748735" startTime="2016-07-21T15:40:13.3324034+08:00" endTime="2016-07-21T15:40:13.4104036+08:00" testType="13cdc9d9-ddb5-4fa4-a97d-d965ccfc6d4b" outcome="Passed" testListId="8c84fa94-04c1-424b-9868-57a2d4851a1d" relativeResultsDirectory="9b4234b0-49b8-4c8b-bcc6-1ec1fed8c3c0" />
    <UnitTestResult executionId="c82cb9fe-d6f5-4eb3-8b0e-b3ae269909db" testId="db482c25-13aa-9637-62e3-3cf25e5968b4" testName="US33292_02_NextAppointmentTest_Positive_1FutureAppointmentsInSystem" computerName="YFANN-PC" duration="00:00:00.0492735" startTime="2016-07-21T15:40:13.4104036+08:00" endTime="2016-07-21T15:40:13.4572036+08:00" testType="13cdc9d9-ddb5-4fa4-a97d-d965ccfc6d4b" outcome="Passed" testListId="8c84fa94-04c1-424b-9868-57a2d4851a1d" relativeResultsDirectory="c82cb9fe-d6f5-4eb3-8b0e-b3ae269909db" />
    <UnitTestResult executionId="cf5b7a99-fa0e-437e-9fd5-5b2e92214bb5" testId="89f58022-7f8b-c637-84a2-79e8993499be" testName="US33292_03_NextAppointmentTest_Positive_1PastAnd1FutureAppointments" computerName="YFANN-PC" duration="00:00:00.0831582" startTime="2016-07-21T15:40:13.4572036+08:00" endTime="2016-07-21T15:40:13.5508038+08:00" testType="13cdc9d9-ddb5-4fa4-a97d-d965ccfc6d4b" outcome="Passed" testListId="8c84fa94-04c1-424b-9868-57a2d4851a1d" relativeResultsDirectory="cf5b7a99-fa0e-437e-9fd5-5b2e92214bb5" />
    <UnitTestResult executionId="f83a5f93-399f-4da5-bf5c-8d0b61963819" testId="25131d1d-cb05-54e5-f3cb-b330be172a2a" testName="US33292_04_NextAppointmentTest_Positive_2PastAnd2FutureAppointments" computerName="YFANN-PC" duration="00:00:00.1091914" startTime="2016-07-21T15:40:13.5508038+08:00" endTime="2016-07-21T15:40:13.6600040+08:00" testType="13cdc9d9-ddb5-4fa4-a97d-d965ccfc6d4b" outcome="Passed" testListId="8c84fa94-04c1-424b-9868-57a2d4851a1d" relativeResultsDirectory="f83a5f93-399f-4da5-bf5c-8d0b61963819" />
    <UnitTestResult executionId="0adfd013-4efb-456e-8896-9e0daef8180f" testId="204ecc8e-830e-d8f0-6bc3-dacf0adc3d18" testName="US33293_01_OfficeByIdTest_Positive_GetActiveOffice" computerName="YFANN-PC" duration="00:00:00.1680380" startTime="2016-07-21T15:40:13.6600040+08:00" endTime="2016-07-21T15:40:13.8316043+08:00" testType="13cdc9d9-ddb5-4fa4-a97d-d965ccfc6d4b" outcome="Passed" testListId="8c84fa94-04c1-424b-9868-57a2d4851a1d" relativeResultsDirectory="0adfd013-4efb-456e-8896-9e0daef8180f">
      <Output>
        <StdOut>Console:Caseid,11111111111</StdOut>
      </Output>
    </UnitTestResult>
    <UnitTestResult executionId="b7f37216-f869-420f-a87e-f2e1519748a1" testId="a4e25db3-dd9a-c692-107b-8fec2f9ab5b8" testName="US33293_02_OfficeByIdTest_Positive_GetInactiveOffice" computerName="YFANN-PC" duration="00:00:00.0802933" startTime="2016-07-21T15:40:13.8316043+08:00" endTime="2016-07-21T15:40:13.9096044+08:00" testType="13cdc9d9-ddb5-4fa4-a97d-d965ccfc6d4b" outcome="Passed" testListId="8c84fa94-04c1-424b-9868-57a2d4851a1d" relativeResultsDirectory="b7f37216-f869-420f-a87e-f2e1519748a1" />
    <UnitTestResult executionId="82bd0b37-405c-445c-916b-b7e961aeca84" testId="c0cc948e-9982-7df3-9087-ceb4ef75c1f1" testName="US33293_03_OfficeByIdTest_Negative_OfficeIdNotExist" computerName="YFANN-PC" duration="00:00:00.0207461" startTime="2016-07-21T15:40:13.9096044+08:00" endTime="2016-07-21T15:40:13.9408045+08:00" testType="13cdc9d9-ddb5-4fa4-a97d-d965ccfc6d4b" outcome="Passed" testListId="8c84fa94-04c1-424b-9868-57a2d4851a1d" relativeResultsDirectory="82bd0b37-405c-445c-916b-b7e961aeca84" />
    <UnitTestResult executionId="323f58bc-2f1f-4ac4-8da2-d7cab1de2842" testId="54ac8a63-7b77-3402-4b35-eac634a1cb87" testName="US33293_04_OfficeByIdTest_Negative_OfficeIdIsMalformed" computerName="YFANN-PC" duration="00:00:00.0069266" startTime="2016-07-21T15:40:13.9408045+08:00" endTime="2016-07-21T15:40:13.9408045+08:00" testType="13cdc9d9-ddb5-4fa4-a97d-d965ccfc6d4b" outcome="Passed" testListId="8c84fa94-04c1-424b-9868-57a2d4851a1d" relativeResultsDirectory="323f58bc-2f1f-4ac4-8da2-d7cab1de2842" />
    <UnitTestResult executionId="659de175-e982-483a-b281-866c44dc40aa" testId="837ca353-7363-8ce0-57f3-a22587955a2c" testName="US33293_05_OfficeByIdTest_Negative_OfficeIdIsMissing" computerName="YFANN-PC" duration="00:00:00.0026934" startTime="2016-07-21T15:40:13.9408045+08:00" endTime="2016-07-21T15:40:13.9408045+08:00" testType="13cdc9d9-ddb5-4fa4-a97d-d965ccfc6d4b" outcome="Passed" testListId="8c84fa94-04c1-424b-9868-57a2d4851a1d" relativeResultsDirectory="659de175-e982-483a-b281-866c44dc40aa" />
    <UnitTestResult executionId="c324df03-1880-49f3-84f3-81e1e3aca77f" testId="bbd36e09-0a48-ee83-af73-6c83e4b72aa8" testName="US33293_06_OfficeByIdTest_Negative_OfficeIdIsNull" computerName="YFANN-PC" duration="00:00:00.0063637" startTime="2016-07-21T15:40:13.9408045+08:00" endTime="2016-07-21T15:40:13.9564045+08:00" testType="13cdc9d9-ddb5-4fa4-a97d-d965ccfc6d4b" outcome="Passed" testListId="8c84fa94-04c1-424b-9868-57a2d4851a1d" relativeResultsDirectory="c324df03-1880-49f3-84f3-81e1e3aca77f" />
    <UnitTestResult executionId="218440d3-c7dd-4518-b09b-4a1baa664499" testId="827a940c-09f1-b639-b6a1-b04f8b625df9" testName="US33293_07_OfficeByIdTest_Negative_OfficeIdIsZero" computerName="YFANN-PC" duration="00:00:00.0194225" startTime="2016-07-21T15:40:13.9564045+08:00" endTime="2016-07-21T15:40:13.9720045+08:00" testType="13cdc9d9-ddb5-4fa4-a97d-d965ccfc6d4b" outcome="Passed" testListId="8c84fa94-04c1-424b-9868-57a2d4851a1d" relativeResultsDirectory="218440d3-c7dd-4518-b09b-4a1baa664499" />
    <UnitTestResult executionId="e141dd4e-761a-48d9-af73-d258478de7bb" testId="dca69985-54ab-d962-0ae7-cc5ed57ae662" testName="TestFirstNameFrank" computerName="YFANN-PC" duration="00:00:00.0271032" startTime="2016-07-21T15:40:13.9720045+08:00" endTime="2016-07-21T15:40:14.0032046+08:00" testType="13cdc9d9-ddb5-4fa4-a97d-d965ccfc6d4b" outcome="Passed" testListId="8c84fa94-04c1-424b-9868-57a2d4851a1d" relativeResultsDirectory="e141dd4e-761a-48d9-af73-d258478de7bb" />
    <UnitTestResult executionId="0e2cd912-bd83-4701-9841-46fbb28cbf46" testId="281d0d92-a61d-9a38-25e4-548941a91d39" testName="DisplayPatientAddressTest_InvalidPatientIDTest" computerName="YFANN-PC" duration="00:00:00.0133314" startTime="2016-07-21T15:40:14.0032046+08:00" endTime="2016-07-21T15:40:14.0188046+08:00" testType="13cdc9d9-ddb5-4fa4-a97d-d965ccfc6d4b" outcome="Passed" testListId="8c84fa94-04c1-424b-9868-57a2d4851a1d" relativeResultsDirectory="0e2cd912-bd83-4701-9841-46fbb28cbf46" />
    <UnitTestResult executionId="2f8f6f50-1900-4b63-a3e5-b98a49421144" testId="69b74044-a0ff-139d-d56c-730485ac7f47" testName="DisplayPatientAddressTest_NonExistingPatientIDTest" computerName="YFANN-PC" duration="00:00:00.0072559" startTime="2016-07-21T15:40:14.0188046+08:00" endTime="2016-07-21T15:40:14.0344046+08:00" testType="13cdc9d9-ddb5-4fa4-a97d-d965ccfc6d4b" outcome="Passed" testListId="8c84fa94-04c1-424b-9868-57a2d4851a1d" relativeResultsDirectory="2f8f6f50-1900-4b63-a3e5-b98a49421144" />
    <UnitTestResult executionId="c66c7560-0ae4-496d-ae9e-3e5d473773c9" testId="abe366dd-4592-5c2d-e524-1fad4f363d54" testName="DisplayPatientAddressTest_ZeroPatientIDTest" computerName="YFANN-PC" duration="00:00:00.0383947" startTime="2016-07-21T15:40:14.0344046+08:00" endTime="2016-07-21T15:40:14.0656047+08:00" testType="13cdc9d9-ddb5-4fa4-a97d-d965ccfc6d4b" outcome="Passed" testListId="8c84fa94-04c1-424b-9868-57a2d4851a1d" relativeResultsDirectory="c66c7560-0ae4-496d-ae9e-3e5d473773c9" />
    <UnitTestResult executionId="02e83c71-cc31-4133-9716-b2ab4745304f" testId="bbfbe6f0-19d0-8ec3-9e77-180ac5d80947" testName="DisplayPatientAddressTest_PatientWithMultipleAddressTest" computerName="YFANN-PC" duration="00:00:00.0246464" startTime="2016-07-21T15:40:14.0656047+08:00" endTime="2016-07-21T15:40:14.0968048+08:00" testType="13cdc9d9-ddb5-4fa4-a97d-d965ccfc6d4b" outcome="Passed" testListId="8c84fa94-04c1-424b-9868-57a2d4851a1d" relativeResultsDirectory="02e83c71-cc31-4133-9716-b2ab4745304f" />
    <UnitTestResult executionId="ce8f6f9e-684a-4b11-9d40-ada6fa5b00a3" testId="32fc0df4-3619-b22a-8e32-f13c83b6da7c" testName="DisplayPatientAddressTest_PatientWithNoAddressTest" computerName="YFANN-PC" duration="00:00:00.0206933" startTime="2016-07-21T15:40:14.0968048+08:00" endTime="2016-07-21T15:40:14.1124048+08:00" testType="13cdc9d9-ddb5-4fa4-a97d-d965ccfc6d4b" outcome="Passed" testListId="8c84fa94-04c1-424b-9868-57a2d4851a1d" relativeResultsDirectory="ce8f6f9e-684a-4b11-9d40-ada6fa5b00a3" />
    <UnitTestResult executionId="ab05663c-b97d-4d60-a06a-18545d4b9517" testId="49ecccba-e48a-90b1-e76d-4d5aaffd347b" testName="PatientSearchLastSeen_NoAppointmentsHasANullLastSeen" computerName="YFANN-PC" duration="00:00:00.2585479" startTime="2016-07-21T15:40:14.1124048+08:00" endTime="2016-07-21T15:40:14.5648056+08:00" testType="13cdc9d9-ddb5-4fa4-a97d-d965ccfc6d4b" outcome="Passed" testListId="8c84fa94-04c1-424b-9868-57a2d4851a1d" relativeResultsDirectory="ab05663c-b97d-4d60-a06a-18545d4b9517" />
    <UnitTestResult executionId="4f8369f7-a11f-4c48-9121-544ceab0d8e1" testId="ad3b174a-b5b1-713b-9e88-547b36f4382c" testName="PatientSearchLastSeen_OneCompletedAppointmentHasAValidLastSeen" computerName="YFANN-PC" duration="00:00:00.1020468" startTime="2016-07-21T15:40:14.5648056+08:00" endTime="2016-07-21T15:40:14.6584057+08:00" testType="13cdc9d9-ddb5-4fa4-a97d-d965ccfc6d4b" outcome="Passed" testListId="8c84fa94-04c1-424b-9868-57a2d4851a1d" relativeResultsDirectory="4f8369f7-a11f-4c48-9121-544ceab0d8e1" />
    <UnitTestResult executionId="80faab0a-2eae-4ec7-a241-a76cffe5588d" testId="c7c864f7-36f3-ca67-1338-456f1597bc0f" testName="PatientSearchLastSeen_OnlyLastCompletedAppointmentShouldBeReturned" computerName="YFANN-PC" duration="00:00:00.0966173" startTime="2016-07-21T15:40:14.6584057+08:00" endTime="2016-07-21T15:40:14.7520059+08:00" testType="13cdc9d9-ddb5-4fa4-a97d-d965ccfc6d4b" outcome="Passed" testListId="8c84fa94-04c1-424b-9868-57a2d4851a1d" relativeResultsDirectory="80faab0a-2eae-4ec7-a241-a76cffe5588d" />
    <UnitTestResult executionId="f7e16223-b59e-429f-83e2-52174a07c8f8" testId="dbd6ed78-0846-1ded-8133-ab38801d5a26" testName="ProceduresByApptIDTest_ZeroProcedureTest" computerName="YFANN-PC" duration="00:00:00.0100617" startTime="2016-07-21T15:40:14.7676059+08:00" endTime="2016-07-21T15:40:14.8144060+08:00" testType="13cdc9d9-ddb5-4fa4-a97d-d965ccfc6d4b" outcome="Passed" testListId="8c84fa94-04c1-424b-9868-57a2d4851a1d" relativeResultsDirectory="f7e16223-b59e-429f-83e2-52174a07c8f8" />
    <UnitTestResult executionId="a28f2d14-9912-4bb5-a7e0-d40731ae3027" testId="7ee945f8-afa4-b111-c97d-66a26b983ced" testName="ProceduresByApptIDTest_MultipleProceduresTest" computerName="YFANN-PC" duration="00:00:00.0161274" startTime="2016-07-21T15:40:14.8144060+08:00" endTime="2016-07-21T15:40:14.8300060+08:00" testType="13cdc9d9-ddb5-4fa4-a97d-d965ccfc6d4b" outcome="Passed" testListId="8c84fa94-04c1-424b-9868-57a2d4851a1d" relativeResultsDirectory="a28f2d14-9912-4bb5-a7e0-d40731ae3027" />
    <UnitTestResult executionId="848da4fd-6733-42fb-a1bf-2468cb785fe7" testId="691d8b7e-b7dd-4d67-ce27-1eb3d5185103" testName="ProceduresByApptIDTest_GroupProcedureTest" computerName="YFANN-PC" duration="00:00:00.0130389" startTime="2016-07-21T15:40:14.8300060+08:00" endTime="2016-07-21T15:40:14.8456061+08:00" testType="13cdc9d9-ddb5-4fa4-a97d-d965ccfc6d4b" outcome="Passed" testListId="8c84fa94-04c1-424b-9868-57a2d4851a1d" relativeResultsDirectory="848da4fd-6733-42fb-a1bf-2468cb785fe7" />
    <UnitTestResult executionId="28bb8408-14c6-419c-ad8b-668b8db8dc5e" testId="37a6f610-29db-3036-fa7d-5d383dd571fa" testName="ProceduresByApptIDTest_NoFeeChangeNotesTest" computerName="YFANN-PC" duration="00:00:00.0095458" startTime="2016-07-21T15:40:14.8456061+08:00" endTime="2016-07-21T15:40:14.8612061+08:00" testType="13cdc9d9-ddb5-4fa4-a97d-d965ccfc6d4b" outcome="Passed" testListId="8c84fa94-04c1-424b-9868-57a2d4851a1d" relativeResultsDirectory="28bb8408-14c6-419c-ad8b-668b8db8dc5e" />
    <UnitTestResult executionId="7a229792-4806-49bb-a2a3-c293f063b36d" testId="a1d7c7ba-fd4a-5077-5345-fddedff74eed" testName="ProceduresByApptIDTest_FeeChangeNoteWithMultipleNotesLogTest" computerName="YFANN-PC" duration="00:00:00.0109035" startTime="2016-07-21T15:40:14.8612061+08:00" endTime="2016-07-21T15:40:14.8768061+08:00" testType="13cdc9d9-ddb5-4fa4-a97d-d965ccfc6d4b" outcome="Failed" testListId="8c84fa94-04c1-424b-9868-57a2d4851a1d" relativeResultsDirectory="7a229792-4806-49bb-a2a3-c293f063b36d">
      <Output>
        <ErrorInfo>
          <Message>Assert.IsNotNull failed. </Message>
          <StackTrace>   at CSD.OnlineDPMS.WebApi.Tests.Tests.ProceduresByApptIDTest.ProceduresByApptIDTest_FeeChangeNoteWithMultipleNotesLogTest() in D:\GitSpace\phoenix\applications\ccenter-html\NextGen\SourceCode\OnlineDPMS\CSD.OnlineDPMS.WebApi.Tests\Tests\ProceduresByApptIDTest.cs:line 138
</StackTrace>
        </ErrorInfo>
      </Output>
    </UnitTestResult>
    <UnitTestResult executionId="5cfb13bf-78e0-4b04-bc57-238888c60ab6" testId="d3ca0e93-9673-676b-cd0d-6d9ebe611f8a" testName="ProceduresByApptIDTest_NonExistentApptIDTest" computerName="YFANN-PC" duration="00:00:00.0071156" startTime="2016-07-21T15:40:14.8768061+08:00" endTime="2016-07-21T15:40:14.8768061+08:00" testType="13cdc9d9-ddb5-4fa4-a97d-d965ccfc6d4b" outcome="Passed" testListId="8c84fa94-04c1-424b-9868-57a2d4851a1d" relativeResultsDirectory="5cfb13bf-78e0-4b04-bc57-238888c60ab6" />
    <UnitTestResult executionId="22d7601d-1d36-4c75-88ea-7468ed7b8b53" testId="6279de26-7aec-60f6-8f4f-ea20c0731ced" testName="ProceduresByApptIDTest_BadFormatApptIDTest" computerName="YFANN-PC" duration="00:00:00.0065046" startTime="2016-07-21T15:40:14.8768061+08:00" endTime="2016-07-21T15:40:14.8924062+08:00" testType="13cdc9d9-ddb5-4fa4-a97d-d965ccfc6d4b" outcome="Passed" testListId="8c84fa94-04c1-424b-9868-57a2d4851a1d" relativeResultsDirectory="22d7601d-1d36-4c75-88ea-7468ed7b8b53" />
    <UnitTestResult executionId="6ab8c5a0-ab70-48d6-a853-aa9a6ca9831a" testId="af87bbeb-a743-e901-1cdc-03864f78c594" testName="ProceduresByApptIDTest_BlankApptIDTest" computerName="YFANN-PC" duration="00:00:00.0025274" startTime="2016-07-21T15:40:14.8924062+08:00" endTime="2016-07-21T15:40:14.8924062+08:00" testType="13cdc9d9-ddb5-4fa4-a97d-d965ccfc6d4b" outcome="Passed" testListId="8c84fa94-04c1-424b-9868-57a2d4851a1d" relativeResultsDirectory="6ab8c5a0-ab70-48d6-a853-aa9a6ca9831a" />
    <UnitTestResult executionId="ba014e23-a45d-4c35-a3e2-9a45de9f18fe" testId="abe1684b-af58-9343-9635-5e00edaed280" testName="US33330_01_RetrieveNotesByAppointmentIdTest_Positive_NoApptNotes" computerName="YFANN-PC" duration="00:00:00.0404041" startTime="2016-07-21T15:40:14.8924062+08:00" endTime="2016-07-21T15:40:14.9392062+08:00" testType="13cdc9d9-ddb5-4fa4-a97d-d965ccfc6d4b" outcome="Passed" testListId="8c84fa94-04c1-424b-9868-57a2d4851a1d" relativeResultsDirectory="ba014e23-a45d-4c35-a3e2-9a45de9f18fe" />
    <UnitTestResult executionId="2f6e7363-bfce-48a8-a090-51fcaf059721" testId="10812518-3761-f178-fc5e-deae5c17b533" testName="US33330_02_RetrieveNotesByAppointmentIdTest_Positive_MultipleApptNotes" computerName="YFANN-PC" duration="00:00:00.0323733" startTime="2016-07-21T15:40:14.9392062+08:00" endTime="2016-07-21T15:40:14.9704063+08:00" testType="13cdc9d9-ddb5-4fa4-a97d-d965ccfc6d4b" outcome="Passed" testListId="8c84fa94-04c1-424b-9868-57a2d4851a1d" relativeResultsDirectory="2f6e7363-bfce-48a8-a090-51fcaf059721" />
    <UnitTestResult executionId="ea17e144-56b8-4eaf-a6cd-c2b382e4c382" testId="055398f6-5d34-7273-6e34-0b5f945c75e4" testName="US33330_03_RetrieveNotesByAppointmentIdTest_Negative_NonExistentApptId" computerName="YFANN-PC" duration="00:00:00.0196118" startTime="2016-07-21T15:40:14.9704063+08:00" endTime="2016-07-21T15:40:14.9860063+08:00" testType="13cdc9d9-ddb5-4fa4-a97d-d965ccfc6d4b" outcome="Passed" testListId="8c84fa94-04c1-424b-9868-57a2d4851a1d" relativeResultsDirectory="ea17e144-56b8-4eaf-a6cd-c2b382e4c382" />
    <UnitTestResult executionId="66321fae-b906-4386-bcf2-d022d78a5ddc" testId="6bf25410-afa6-f8d0-465d-c63163a8d8bb" testName="US33330_04_RetrieveNotesByAppointmentIdTest_Negative_BadFormatApptId" computerName="YFANN-PC" duration="00:00:00.0070308" startTime="2016-07-21T15:40:14.9860063+08:00" endTime="2016-07-21T15:40:14.9860063+08:00" testType="13cdc9d9-ddb5-4fa4-a97d-d965ccfc6d4b" outcome="Passed" testListId="8c84fa94-04c1-424b-9868-57a2d4851a1d" relativeResultsDirectory="66321fae-b906-4386-bcf2-d022d78a5ddc" />
    <UnitTestResult executionId="8cf648e9-242c-4cc0-9ce7-bdb85763ab9a" testId="1e0f37e0-6daa-8a7d-154c-3ccf404f737d" testName="US33330_05_RetrieveNotesByAppointmentIdTest_Negative_BlankApptId" computerName="YFANN-PC" duration="00:00:00.0025938" startTime="2016-07-21T15:40:15.0016063+08:00" endTime="2016-07-21T15:40:15.0016063+08:00" testType="13cdc9d9-ddb5-4fa4-a97d-d965ccfc6d4b" outcome="Passed" testListId="8c84fa94-04c1-424b-9868-57a2d4851a1d" relativeResultsDirectory="8cf648e9-242c-4cc0-9ce7-bdb85763ab9a" />
  </Results>
  <TestDefinitions>
    <UnitTest name="MedicalAlertsTest_UsePatientWithoutMedicalAlertTest" storage="d:\gitspace\phoenix\applications\ccenter-html\nextgen\sourcecode\onlinedpms\csd.onlinedpms.webapi.tests\bin\debug\csd.onlinedpms.webapi.tests.dll" id="a3bb7ed8-9196-cda1-1ad2-8bd914883444">
      <Execution id="c3b85781-e6c8-4c3b-8695-2358a961d61e" />
      <TestMethod codeBase="D:\GitSpace\phoenix\applications\ccenter-html\NextGen\SourceCode\OnlineDPMS\CSD.OnlineDPMS.WebApi.Tests\bin\Debug\CSD.onlineDPMS.WebApi.Tests.dll" adapterTypeName="Microsoft.VisualStudio.TestTools.TestTypes.Unit.UnitTestAdapter" className="CSD.OnlineDPMS.WebApi.Tests.MedicalAlertsTest" name="MedicalAlertsTest_UsePatientWithoutMedicalAlertTest" />
    </UnitTest>
    <UnitTest name="MedicalAlertsTest_UsePatientWithSingleMedicalAlertTest" storage="d:\gitspace\phoenix\applications\ccenter-html\nextgen\sourcecode\onlinedpms\csd.onlinedpms.webapi.tests\bin\debug\csd.onlinedpms.webapi.tests.dll" id="59e69ea8-2e75-28b2-ce04-7351909337ac">
      <Execution id="a175684e-4cc6-4747-a263-56e19cb6dd51" />
      <TestMethod codeBase="D:\GitSpace\phoenix\applications\ccenter-html\NextGen\SourceCode\OnlineDPMS\CSD.OnlineDPMS.WebApi.Tests\bin\Debug\CSD.onlineDPMS.WebApi.Tests.dll" adapterTypeName="Microsoft.VisualStudio.TestTools.TestTypes.Unit.UnitTestAdapter" className="CSD.OnlineDPMS.WebApi.Tests.MedicalAlertsTest" name="MedicalAlertsTest_UsePatientWithSingleMedicalAlertTest" />
    </UnitTest>
    <UnitTest name="MedicalAlertsTest_UsePatientWithMultipleMedicalAlertsTest" storage="d:\gitspace\phoenix\applications\ccenter-html\nextgen\sourcecode\onlinedpms\csd.onlinedpms.webapi.tests\bin\debug\csd.onlinedpms.webapi.tests.dll" id="beb01025-bc62-d89d-806d-88079639e466">
      <Execution id="292c7461-0cae-41b9-8458-023b9316ce33" />
      <TestMethod codeBase="D:\GitSpace\phoenix\applications\ccenter-html\NextGen\SourceCode\OnlineDPMS\CSD.OnlineDPMS.WebApi.Tests\bin\Debug\CSD.onlineDPMS.WebApi.Tests.dll" adapterTypeName="Microsoft.VisualStudio.TestTools.TestTypes.Unit.UnitTestAdapter" className="CSD.OnlineDPMS.WebApi.Tests.MedicalAlertsTest" name="MedicalAlertsTest_UsePatientWithMultipleMedicalAlertsTest" />
    </UnitTest>
    <UnitTest name="MedicalAlertsTest_MedicalAlertsWithEmptyReasonTest" storage="d:\gitspace\phoenix\applications\ccenter-html\nextgen\sourcecode\onlinedpms\csd.onlinedpms.webapi.tests\bin\debug\csd.onlinedpms.webapi.tests.dll" id="0a4e5fd7-6bfb-9981-4e33-3bd885522048">
      <Execution id="c30b17a4-50cc-4224-9373-efc6074d78ea" />
      <TestMethod codeBase="D:\GitSpace\phoenix\applications\ccenter-html\NextGen\SourceCode\OnlineDPMS\CSD.OnlineDPMS.WebApi.Tests\bin\Debug\CSD.onlineDPMS.WebApi.Tests.dll" adapterTypeName="Microsoft.VisualStudio.TestTools.TestTypes.Unit.UnitTestAdapter" className="CSD.OnlineDPMS.WebApi.Tests.MedicalAlertsTest" name="MedicalAlertsTest_MedicalAlertsWithEmptyReasonTest" />
    </UnitTest>
    <UnitTest name="MedicalAlertsTest_MedicalAlertsWithMaxLengthReasonTest" storage="d:\gitspace\phoenix\applications\ccenter-html\nextgen\sourcecode\onlinedpms\csd.onlinedpms.webapi.tests\bin\debug\csd.onlinedpms.webapi.tests.dll" id="1bd02cdf-e156-9299-54b6-1698aebd0cdc">
      <Execution id="e6b1e720-f33a-4d4d-a3a4-46f2587ea1fe" />
      <TestMethod codeBase="D:\GitSpace\phoenix\applications\ccenter-html\NextGen\SourceCode\OnlineDPMS\CSD.OnlineDPMS.WebApi.Tests\bin\Debug\CSD.onlineDPMS.WebApi.Tests.dll" adapterTypeName="Microsoft.VisualStudio.TestTools.TestTypes.Unit.UnitTestAdapter" className="CSD.OnlineDPMS.WebApi.Tests.MedicalAlertsTest" name="MedicalAlertsTest_MedicalAlertsWithMaxLengthReasonTest" />
    </UnitTest>
    <UnitTest name="MedicalAlertsTest_PatientWithMaxNumberOfMedicalAlertsTest" storage="d:\gitspace\phoenix\applications\ccenter-html\nextgen\sourcecode\onlinedpms\csd.onlinedpms.webapi.tests\bin\debug\csd.onlinedpms.webapi.tests.dll" id="057ad1e2-52ef-164a-dcc5-94cc71ba9232">
      <Execution id="53e769c7-b06f-4692-9bb8-e21f70b91242" />
      <TestMethod codeBase="D:\GitSpace\phoenix\applications\ccenter-html\NextGen\SourceCode\OnlineDPMS\CSD.OnlineDPMS.WebApi.Tests\bin\Debug\CSD.onlineDPMS.WebApi.Tests.dll" adapterTypeName="Microsoft.VisualStudio.TestTools.TestTypes.Unit.UnitTestAdapter" className="CSD.OnlineDPMS.WebApi.Tests.MedicalAlertsTest" name="MedicalAlertsTest_PatientWithMaxNumberOfMedicalAlertsTest" />
    </UnitTest>
    <UnitTest name="MedicalAlertsTest_PatientMedicalAlertsWithSpecialCharactersTest" storage="d:\gitspace\phoenix\applications\ccenter-html\nextgen\sourcecode\onlinedpms\csd.onlinedpms.webapi.tests\bin\debug\csd.onlinedpms.webapi.tests.dll" id="f20603fd-5c78-bcd4-9468-76c806a9d225">
      <Execution id="f6064420-1a83-43da-8538-3e380db1a150" />
      <TestMethod codeBase="D:\GitSpace\phoenix\applications\ccenter-html\NextGen\SourceCode\OnlineDPMS\CSD.OnlineDPMS.WebApi.Tests\bin\Debug\CSD.onlineDPMS.WebApi.Tests.dll" adapterTypeName="Microsoft.VisualStudio.TestTools.TestTypes.Unit.UnitTestAdapter" className="CSD.OnlineDPMS.WebApi.Tests.MedicalAlertsTest" name="MedicalAlertsTest_PatientMedicalAlertsWithSpecialCharactersTest" />
    </UnitTest>
    <UnitTest name="PatientPortraitTest_GetANormalPatientAvatarTest" storage="d:\gitspace\phoenix\applications\ccenter-html\nextgen\sourcecode\onlinedpms\csd.onlinedpms.webapi.tests\bin\debug\csd.onlinedpms.webapi.tests.dll" id="3edaeed9-b726-e13a-319d-86748ca89d01">
      <Execution id="f6e5ef6a-6965-4839-a2fc-20d2ca3810fe" />
      <TestMethod codeBase="D:\GitSpace\phoenix\applications\ccenter-html\NextGen\SourceCode\OnlineDPMS\CSD.OnlineDPMS.WebApi.Tests\bin\Debug\CSD.onlineDPMS.WebApi.Tests.dll" adapterTypeName="Microsoft.VisualStudio.TestTools.TestTypes.Unit.UnitTestAdapter" className="CSD.OnlineDPMS.WebApi.Tests.PatientPortraitTest" name="PatientPortraitTest_GetANormalPatientAvatarTest" />
    </UnitTest>
    <UnitTest name="PatientPortraitTest_UsePatientIdWithZeroGUIDTest" storage="d:\gitspace\phoenix\applications\ccenter-html\nextgen\sourcecode\onlinedpms\csd.onlinedpms.webapi.tests\bin\debug\csd.onlinedpms.webapi.tests.dll" id="441636df-0592-65cc-3fee-1970f44b290f">
      <Execution id="9470c0f2-4027-460f-bbd8-df21051314bc" />
      <TestMethod codeBase="D:\GitSpace\phoenix\applications\ccenter-html\NextGen\SourceCode\OnlineDPMS\CSD.OnlineDPMS.WebApi.Tests\bin\Debug\CSD.onlineDPMS.WebApi.Tests.dll" adapterTypeName="Microsoft.VisualStudio.TestTools.TestTypes.Unit.UnitTestAdapter" className="CSD.OnlineDPMS.WebApi.Tests.PatientPortraitTest" name="PatientPortraitTest_UsePatientIdWithZeroGUIDTest" />
    </UnitTest>
    <UnitTest name="PatientPortraitTest_UsePatientIdWithBadFormatTest" storage="d:\gitspace\phoenix\applications\ccenter-html\nextgen\sourcecode\onlinedpms\csd.onlinedpms.webapi.tests\bin\debug\csd.onlinedpms.webapi.tests.dll" id="46d7ee64-c715-a468-503f-9ba68a699f81">
      <Execution id="ac1eb767-e7d4-460e-9aa8-ab30ac0e0668" />
      <TestMethod codeBase="D:\GitSpace\phoenix\applications\ccenter-html\NextGen\SourceCode\OnlineDPMS\CSD.OnlineDPMS.WebApi.Tests\bin\Debug\CSD.onlineDPMS.WebApi.Tests.dll" adapterTypeName="Microsoft.VisualStudio.TestTools.TestTypes.Unit.UnitTestAdapter" className="CSD.OnlineDPMS.WebApi.Tests.PatientPortraitTest" name="PatientPortraitTest_UsePatientIdWithBadFormatTest" />
    </UnitTest>
    <UnitTest name="PatientPortraitTest_UsePatientIdWhichIsNotExistTest" storage="d:\gitspace\phoenix\applications\ccenter-html\nextgen\sourcecode\onlinedpms\csd.onlinedpms.webapi.tests\bin\debug\csd.onlinedpms.webapi.tests.dll" id="b5a92bad-efb3-9b92-b101-8c98210d087e">
      <Execution id="14aea706-5b53-46cd-92ad-9e1c6724c7dd" />
      <TestMethod codeBase="D:\GitSpace\phoenix\applications\ccenter-html\NextGen\SourceCode\OnlineDPMS\CSD.OnlineDPMS.WebApi.Tests\bin\Debug\CSD.onlineDPMS.WebApi.Tests.dll" adapterTypeName="Microsoft.VisualStudio.TestTools.TestTypes.Unit.UnitTestAdapter" className="CSD.OnlineDPMS.WebApi.Tests.PatientPortraitTest" name="PatientPortraitTest_UsePatientIdWhichIsNotExistTest" />
    </UnitTest>
    <UnitTest name="PatientPortraitTest_UseABlankPatientIDTest" storage="d:\gitspace\phoenix\applications\ccenter-html\nextgen\sourcecode\onlinedpms\csd.onlinedpms.webapi.tests\bin\debug\csd.onlinedpms.webapi.tests.dll" id="e6218f34-4b3a-2b21-1d04-2bcd319d1004">
      <Execution id="5f471fd6-02d4-459b-b24c-712ef4661531" />
      <TestMethod codeBase="D:\GitSpace\phoenix\applications\ccenter-html\NextGen\SourceCode\OnlineDPMS\CSD.OnlineDPMS.WebApi.Tests\bin\Debug\CSD.onlineDPMS.WebApi.Tests.dll" adapterTypeName="Microsoft.VisualStudio.TestTools.TestTypes.Unit.UnitTestAdapter" className="CSD.OnlineDPMS.WebApi.Tests.PatientPortraitTest" name="PatientPortraitTest_UseABlankPatientIDTest" />
    </UnitTest>
    <UnitTest name="PatientPortraitTest_GetAnIllegalImageTest" storage="d:\gitspace\phoenix\applications\ccenter-html\nextgen\sourcecode\onlinedpms\csd.onlinedpms.webapi.tests\bin\debug\csd.onlinedpms.webapi.tests.dll" id="1a805901-4b19-3b16-db3b-bd926f21adda">
      <Execution id="a3c8319b-5c27-4987-909b-08fa19f53144" />
      <TestMethod codeBase="D:\GitSpace\phoenix\applications\ccenter-html\NextGen\SourceCode\OnlineDPMS\CSD.OnlineDPMS.WebApi.Tests\bin\Debug\CSD.onlineDPMS.WebApi.Tests.dll" adapterTypeName="Microsoft.VisualStudio.TestTools.TestTypes.Unit.UnitTestAdapter" className="CSD.OnlineDPMS.WebApi.Tests.PatientPortraitTest" name="PatientPortraitTest_GetAnIllegalImageTest" />
    </UnitTest>
    <UnitTest name="AllOfficesTest_GetAllAvailableOfficesTest" storage="d:\gitspace\phoenix\applications\ccenter-html\nextgen\sourcecode\onlinedpms\csd.onlinedpms.webapi.tests\bin\debug\csd.onlinedpms.webapi.tests.dll" id="9c6de321-60f9-1dea-c4fb-eccdcc4cd196">
      <Execution id="91a82e16-2445-4847-b4b5-8bf8c19ccdc9" />
      <TestMethod codeBase="D:\GitSpace\phoenix\applications\ccenter-html\NextGen\SourceCode\OnlineDPMS\CSD.OnlineDPMS.WebApi.Tests\bin\Debug\CSD.onlineDPMS.WebApi.Tests.dll" adapterTypeName="Microsoft.VisualStudio.TestTools.TestTypes.Unit.UnitTestAdapter" className="CSD.OnlineDPMS.WebApi.Tests.AllOfficesTest" name="AllOfficesTest_GetAllAvailableOfficesTest" />
    </UnitTest>
    <UnitTest name="AllOfficesTest_OfficeInfoWithInvalidValue" storage="d:\gitspace\phoenix\applications\ccenter-html\nextgen\sourcecode\onlinedpms\csd.onlinedpms.webapi.tests\bin\debug\csd.onlinedpms.webapi.tests.dll" id="e17c0752-9945-913f-f332-41f543916998">
      <Execution id="c8cf20a8-f19e-494d-89e5-65b439c70825" />
      <TestMethod codeBase="D:\GitSpace\phoenix\applications\ccenter-html\NextGen\SourceCode\OnlineDPMS\CSD.OnlineDPMS.WebApi.Tests\bin\Debug\CSD.onlineDPMS.WebApi.Tests.dll" adapterTypeName="Microsoft.VisualStudio.TestTools.TestTypes.Unit.UnitTestAdapter" className="CSD.OnlineDPMS.WebApi.Tests.AllOfficesTest" name="AllOfficesTest_OfficeInfoWithInvalidValue" />
    </UnitTest>
    <UnitTest name="ApptsByOfficeAndDate_GetApptsByOfficeIDAndDateForFutureDate0Appts" storage="d:\gitspace\phoenix\applications\ccenter-html\nextgen\sourcecode\onlinedpms\csd.onlinedpms.webapi.tests\bin\debug\csd.onlinedpms.webapi.tests.dll" id="d5fb3f1c-3f1e-d85f-a2b2-e6b8bc9a451f">
      <Execution id="8ef9dbdb-6112-4cbe-88f1-ae18caee96e0" />
      <TestMethod codeBase="D:\GitSpace\phoenix\applications\ccenter-html\NextGen\SourceCode\OnlineDPMS\CSD.OnlineDPMS.WebApi.Tests\bin\Debug\CSD.onlineDPMS.WebApi.Tests.dll" adapterTypeName="Microsoft.VisualStudio.TestTools.TestTypes.Unit.UnitTestAdapter" className="CSD.OnlineDPMS.WebApi.Tests.AppointmentsByOfficeAndDate" name="ApptsByOfficeAndDate_GetApptsByOfficeIDAndDateForFutureDate0Appts" />
    </UnitTest>
    <UnitTest name="ApptsByOfficeAndDate_GetApptsByOfficeIDAndDateForFutureDateMixedApptsAndYYYYMMDD" storage="d:\gitspace\phoenix\applications\ccenter-html\nextgen\sourcecode\onlinedpms\csd.onlinedpms.webapi.tests\bin\debug\csd.onlinedpms.webapi.tests.dll" id="1a3ee51f-82e7-8fc9-c90b-1f4cc12be1c5">
      <Execution id="51780305-4d85-4caa-98de-5b152d1090c5" />
      <TestMethod codeBase="D:\GitSpace\phoenix\applications\ccenter-html\NextGen\SourceCode\OnlineDPMS\CSD.OnlineDPMS.WebApi.Tests\bin\Debug\CSD.onlineDPMS.WebApi.Tests.dll" adapterTypeName="Microsoft.VisualStudio.TestTools.TestTypes.Unit.UnitTestAdapter" className="CSD.OnlineDPMS.WebApi.Tests.AppointmentsByOfficeAndDate" name="ApptsByOfficeAndDate_GetApptsByOfficeIDAndDateForFutureDateMixedApptsAndYYYYMMDD" />
    </UnitTest>
    <UnitTest name="ApptsByOfficeAndDate_GetApptsByOfficeIDAndDateForPastDate1Appts" storage="d:\gitspace\phoenix\applications\ccenter-html\nextgen\sourcecode\onlinedpms\csd.onlinedpms.webapi.tests\bin\debug\csd.onlinedpms.webapi.tests.dll" id="bd7bdef4-b974-1dcf-50d1-cc1d9d2300a4">
      <Execution id="7450cf4b-f5c6-4385-9826-851925242f06" />
      <TestMethod codeBase="D:\GitSpace\phoenix\applications\ccenter-html\NextGen\SourceCode\OnlineDPMS\CSD.OnlineDPMS.WebApi.Tests\bin\Debug\CSD.onlineDPMS.WebApi.Tests.dll" adapterTypeName="Microsoft.VisualStudio.TestTools.TestTypes.Unit.UnitTestAdapter" className="CSD.OnlineDPMS.WebApi.Tests.AppointmentsByOfficeAndDate" name="ApptsByOfficeAndDate_GetApptsByOfficeIDAndDateForPastDate1Appts" />
    </UnitTest>
    <UnitTest name="ApptsByOfficeAndDate_UseValidOfficeIDAndBlankDateMixedAppts" storage="d:\gitspace\phoenix\applications\ccenter-html\nextgen\sourcecode\onlinedpms\csd.onlinedpms.webapi.tests\bin\debug\csd.onlinedpms.webapi.tests.dll" id="472a843b-9d40-0fa5-15a6-c6f62450d76a">
      <Execution id="57b33bdb-58e1-4f83-b947-eb06bf67b6ed" />
      <TestMethod codeBase="D:\GitSpace\phoenix\applications\ccenter-html\NextGen\SourceCode\OnlineDPMS\CSD.OnlineDPMS.WebApi.Tests\bin\Debug\CSD.onlineDPMS.WebApi.Tests.dll" adapterTypeName="Microsoft.VisualStudio.TestTools.TestTypes.Unit.UnitTestAdapter" className="CSD.OnlineDPMS.WebApi.Tests.AppointmentsByOfficeAndDate" name="ApptsByOfficeAndDate_UseValidOfficeIDAndBlankDateMixedAppts" />
    </UnitTest>
    <UnitTest name="ApptsByOfficeAndDate_UserValidOfficeIDAndValideDateMMDDYYYY" storage="d:\gitspace\phoenix\applications\ccenter-html\nextgen\sourcecode\onlinedpms\csd.onlinedpms.webapi.tests\bin\debug\csd.onlinedpms.webapi.tests.dll" id="9a7b6f06-74c2-7462-ba85-dacf92668c65">
      <Execution id="defd714b-c5a9-43f0-aa73-634f6813f2b8" />
      <TestMethod codeBase="D:\GitSpace\phoenix\applications\ccenter-html\NextGen\SourceCode\OnlineDPMS\CSD.OnlineDPMS.WebApi.Tests\bin\Debug\CSD.onlineDPMS.WebApi.Tests.dll" adapterTypeName="Microsoft.VisualStudio.TestTools.TestTypes.Unit.UnitTestAdapter" className="CSD.OnlineDPMS.WebApi.Tests.AppointmentsByOfficeAndDate" name="ApptsByOfficeAndDate_UserValidOfficeIDAndValideDateMMDDYYYY" />
    </UnitTest>
    <UnitTest name="ApptsByOfficeAndDate_UserValidOfficeIDAndBadFormatDateMMDDYYYY" storage="d:\gitspace\phoenix\applications\ccenter-html\nextgen\sourcecode\onlinedpms\csd.onlinedpms.webapi.tests\bin\debug\csd.onlinedpms.webapi.tests.dll" id="6baca078-0057-cebf-d77e-eea1903b00b8">
      <Execution id="4817cb10-d683-4209-a197-1437b3c8f786" />
      <TestMethod codeBase="D:\GitSpace\phoenix\applications\ccenter-html\NextGen\SourceCode\OnlineDPMS\CSD.OnlineDPMS.WebApi.Tests\bin\Debug\CSD.onlineDPMS.WebApi.Tests.dll" adapterTypeName="Microsoft.VisualStudio.TestTools.TestTypes.Unit.UnitTestAdapter" className="CSD.OnlineDPMS.WebApi.Tests.AppointmentsByOfficeAndDate" name="ApptsByOfficeAndDate_UserValidOfficeIDAndBadFormatDateMMDDYYYY" />
    </UnitTest>
    <UnitTest name="ApptsByOfficeAndDate_UserBadFormatOfficeIDAndValidDate" storage="d:\gitspace\phoenix\applications\ccenter-html\nextgen\sourcecode\onlinedpms\csd.onlinedpms.webapi.tests\bin\debug\csd.onlinedpms.webapi.tests.dll" id="756e0d01-a842-f38b-ea3c-217b08fb29e8">
      <Execution id="836d9bbe-1367-413f-bda3-733017219d0c" />
      <TestMethod codeBase="D:\GitSpace\phoenix\applications\ccenter-html\NextGen\SourceCode\OnlineDPMS\CSD.OnlineDPMS.WebApi.Tests\bin\Debug\CSD.onlineDPMS.WebApi.Tests.dll" adapterTypeName="Microsoft.VisualStudio.TestTools.TestTypes.Unit.UnitTestAdapter" className="CSD.OnlineDPMS.WebApi.Tests.AppointmentsByOfficeAndDate" name="ApptsByOfficeAndDate_UserBadFormatOfficeIDAndValidDate" />
    </UnitTest>
    <UnitTest name="ApptsByOfficeAndDate_UserBlankOfficeIDAndValidDate" storage="d:\gitspace\phoenix\applications\ccenter-html\nextgen\sourcecode\onlinedpms\csd.onlinedpms.webapi.tests\bin\debug\csd.onlinedpms.webapi.tests.dll" id="501f0ee0-74db-cec9-d1ee-4d7ec4d12180">
      <Execution id="e11df012-f026-4339-b0ff-1b4c587bc545" />
      <TestMethod codeBase="D:\GitSpace\phoenix\applications\ccenter-html\NextGen\SourceCode\OnlineDPMS\CSD.OnlineDPMS.WebApi.Tests\bin\Debug\CSD.onlineDPMS.WebApi.Tests.dll" adapterTypeName="Microsoft.VisualStudio.TestTools.TestTypes.Unit.UnitTestAdapter" className="CSD.OnlineDPMS.WebApi.Tests.AppointmentsByOfficeAndDate" name="ApptsByOfficeAndDate_UserBlankOfficeIDAndValidDate" />
    </UnitTest>
    <UnitTest name="ApptsByOfficeAndDate_UserNonExistentOfficeIDAndValidDate" storage="d:\gitspace\phoenix\applications\ccenter-html\nextgen\sourcecode\onlinedpms\csd.onlinedpms.webapi.tests\bin\debug\csd.onlinedpms.webapi.tests.dll" id="7e51dd21-d7e7-02d5-83ac-1baa5ba94572">
      <Execution id="5eaa0e21-6a6b-4414-9ea4-68b1606ca94e" />
      <TestMethod codeBase="D:\GitSpace\phoenix\applications\ccenter-html\NextGen\SourceCode\OnlineDPMS\CSD.OnlineDPMS.WebApi.Tests\bin\Debug\CSD.onlineDPMS.WebApi.Tests.dll" adapterTypeName="Microsoft.VisualStudio.TestTools.TestTypes.Unit.UnitTestAdapter" className="CSD.OnlineDPMS.WebApi.Tests.AppointmentsByOfficeAndDate" name="ApptsByOfficeAndDate_UserNonExistentOfficeIDAndValidDate" />
    </UnitTest>
    <UnitTest name="PatientTypesTest_GetAllPatientTypes" storage="d:\gitspace\phoenix\applications\ccenter-html\nextgen\sourcecode\onlinedpms\csd.onlinedpms.webapi.tests\bin\debug\csd.onlinedpms.webapi.tests.dll" id="c4ae982e-c6cd-4ef0-620f-ebef24b9176f">
      <Execution id="48e59a4e-16ea-4e4d-aead-9229d0836dc4" />
      <TestMethod codeBase="D:\GitSpace\phoenix\applications\ccenter-html\NextGen\SourceCode\OnlineDPMS\CSD.OnlineDPMS.WebApi.Tests\bin\Debug\CSD.onlineDPMS.WebApi.Tests.dll" adapterTypeName="Microsoft.VisualStudio.TestTools.TestTypes.Unit.UnitTestAdapter" className="CSD.OnlineDPMS.WebApi.Tests.PatientTypesTest" name="PatientTypesTest_GetAllPatientTypes" />
    </UnitTest>
    <UnitTest name="MappedAppointmentTreatmentsTest_GetAllMappedApptTreatmentsTest" storage="d:\gitspace\phoenix\applications\ccenter-html\nextgen\sourcecode\onlinedpms\csd.onlinedpms.webapi.tests\bin\debug\csd.onlinedpms.webapi.tests.dll" id="655c8f2f-0cf0-5de1-5a2a-a7b80e6a99a5">
      <Execution id="f2ffbda9-9985-4156-8c0d-adb6b1b65f86" />
      <TestMethod codeBase="D:\GitSpace\phoenix\applications\ccenter-html\NextGen\SourceCode\OnlineDPMS\CSD.OnlineDPMS.WebApi.Tests\bin\Debug\CSD.onlineDPMS.WebApi.Tests.dll" adapterTypeName="Microsoft.VisualStudio.TestTools.TestTypes.Unit.UnitTestAdapter" className="CSD.OnlineDPMS.WebApi.Tests.MappedAppointmentTreatmentsTest" name="MappedAppointmentTreatmentsTest_GetAllMappedApptTreatmentsTest" />
    </UnitTest>
    <UnitTest name="OfficeDefaultTemplateTest_GetActiveOfficeTemplateTest" storage="d:\gitspace\phoenix\applications\ccenter-html\nextgen\sourcecode\onlinedpms\csd.onlinedpms.webapi.tests\bin\debug\csd.onlinedpms.webapi.tests.dll" id="3435c04f-78c4-7349-a84d-e281f4de3a2f">
      <Execution id="9531e109-6bad-4bd9-895e-c91c0b6c880c" />
      <TestMethod codeBase="D:\GitSpace\phoenix\applications\ccenter-html\NextGen\SourceCode\OnlineDPMS\CSD.OnlineDPMS.WebApi.Tests\bin\Debug\CSD.onlineDPMS.WebApi.Tests.dll" adapterTypeName="Microsoft.VisualStudio.TestTools.TestTypes.Unit.UnitTestAdapter" className="CSD.OnlineDPMS.WebApi.Tests.OfficeDefaultTemplateTest" name="OfficeDefaultTemplateTest_GetActiveOfficeTemplateTest" />
    </UnitTest>
    <UnitTest name="OfficeDefaultTemplateTest_GetInActiveOfficeTemplateTest" storage="d:\gitspace\phoenix\applications\ccenter-html\nextgen\sourcecode\onlinedpms\csd.onlinedpms.webapi.tests\bin\debug\csd.onlinedpms.webapi.tests.dll" id="8553585c-26e4-c41e-0efc-5fb2a54fc80a">
      <Execution id="728bb0dd-1c33-4b62-bde4-f06570ca354e" />
      <TestMethod codeBase="D:\GitSpace\phoenix\applications\ccenter-html\NextGen\SourceCode\OnlineDPMS\CSD.OnlineDPMS.WebApi.Tests\bin\Debug\CSD.onlineDPMS.WebApi.Tests.dll" adapterTypeName="Microsoft.VisualStudio.TestTools.TestTypes.Unit.UnitTestAdapter" className="CSD.OnlineDPMS.WebApi.Tests.OfficeDefaultTemplateTest" name="OfficeDefaultTemplateTest_GetInActiveOfficeTemplateTest" />
    </UnitTest>
[...]
      <Execution id="8cf648e9-242c-4cc0-9ce7-bdb85763ab9a" />
      <TestMethod codeBase="D:\GitSpace\phoenix\applications\ccenter-html\NextGen\SourceCode\OnlineDPMS\CSD.OnlineDPMS.WebApi.Tests\bin\Debug\CSD.onlineDPMS.WebApi.Tests.dll" adapterTypeName="Microsoft.VisualStudio.TestTools.TestTypes.Unit.UnitTestAdapter" className="CSD.OnlineDPMS.WebApi.Tests.Tests.RetrieveNotesByAppointmentIdTest" name="US33330_05_RetrieveNotesByAppointmentIdTest_Negative_BlankApptId" />
    </UnitTest>
  </TestDefinitions>
  <TestEntries>
    <TestEntry testId="a3bb7ed8-9196-cda1-1ad2-8bd914883444" executionId="c3b85781-e6c8-4c3b-8695-2358a961d61e" testListId="8c84fa94-04c1-424b-9868-57a2d4851a1d" />
    <TestEntry testId="59e69ea8-2e75-28b2-ce04-7351909337ac" executionId="a175684e-4cc6-4747-a263-56e19cb6dd51" testListId="8c84fa94-04c1-424b-9868-57a2d4851a1d" />
    <TestEntry testId="beb01025-bc62-d89d-806d-88079639e466" executionId="292c7461-0cae-41b9-8458-023b9316ce33" testListId="8c84fa94-04c1-424b-9868-57a2d4851a1d" />
    <TestEntry testId="0a4e5fd7-6bfb-9981-4e33-3bd885522048" executionId="c30b17a4-50cc-4224-9373-efc6074d78ea" testListId="8c84fa94-04c1-424b-9868-57a2d4851a1d" />
    <TestEntry testId="1bd02cdf-e156-9299-54b6-1698aebd0cdc" executionId="e6b1e720-f33a-4d4d-a3a4-46f2587ea1fe" testListId="8c84fa94-04c1-424b-9868-57a2d4851a1d" />
    <TestEntry testId="057ad1e2-52ef-164a-dcc5-94cc71ba9232" executionId="53e769c7-b06f-4692-9bb8-e21f70b91242" testListId="8c84fa94-04c1-424b-9868-57a2d4851a1d" />
    <TestEntry testId="f20603fd-5c78-bcd4-9468-76c806a9d225" executionId="f6064420-1a83-43da-8538-3e380db1a150" testListId="8c84fa94-04c1-424b-9868-57a2d4851a1d" />
    <TestEntry testId="3edaeed9-b726-e13a-319d-86748ca89d01" executionId="f6e5ef6a-6965-4839-a2fc-20d2ca3810fe" testListId="8c84fa94-04c1-424b-9868-57a2d4851a1d" />
    <TestEntry testId="441636df-0592-65cc-3fee-1970f44b290f" executionId="9470c0f2-4027-460f-bbd8-df21051314bc" testListId="8c84fa94-04c1-424b-9868-57a2d4851a1d" />
    <TestEntry testId="46d7ee64-c715-a468-503f-9ba68a699f81" executionId="ac1eb767-e7d4-460e-9aa8-ab30ac0e0668" testListId="8c84fa94-04c1-424b-9868-57a2d4851a1d" />
    <TestEntry testId="b5a92bad-efb3-9b92-b101-8c98210d087e" executionId="14aea706-5b53-46cd-92ad-9e1c6724c7dd" testListId="8c84fa94-04c1-424b-9868-57a2d4851a1d" />
    <TestEntry testId="e6218f34-4b3a-2b21-1d04-2bcd319d1004" executionId="5f471fd6-02d4-459b-b24c-712ef4661531" testListId="8c84fa94-04c1-424b-9868-57a2d4851a1d" />
    <TestEntry testId="1a805901-4b19-3b16-db3b-bd926f21adda" executionId="a3c8319b-5c27-4987-909b-08fa19f53144" testListId="8c84fa94-04c1-424b-9868-57a2d4851a1d" />
    <TestEntry testId="9c6de321-60f9-1dea-c4fb-eccdcc4cd196" executionId="91a82e16-2445-4847-b4b5-8bf8c19ccdc9" testListId="8c84fa94-04c1-424b-9868-57a2d4851a1d" />
    <TestEntry testId="e17c0752-9945-913f-f332-41f543916998" executionId="c8cf20a8-f19e-494d-89e5-65b439c70825" testListId="8c84fa94-04c1-424b-9868-57a2d4851a1d" />
    <TestEntry testId="d5fb3f1c-3f1e-d85f-a2b2-e6b8bc9a451f" executionId="8ef9dbdb-6112-4cbe-88f1-ae18caee96e0" testListId="8c84fa94-04c1-424b-9868-57a2d4851a1d" />
    <TestEntry testId="1a3ee51f-82e7-8fc9-c90b-1f4cc12be1c5" executionId="51780305-4d85-4caa-98de-5b152d1090c5" testListId="8c84fa94-04c1-424b-9868-57a2d4851a1d" />
    <TestEntry testId="bd7bdef4-b974-1dcf-50d1-cc1d9d2300a4" executionId="7450cf4b-f5c6-4385-9826-851925242f06" testListId="8c84fa94-04c1-424b-9868-57a2d4851a1d" />
    <TestEntry testId="472a843b-9d40-0fa5-15a6-c6f62450d76a" executionId="57b33bdb-58e1-4f83-b947-eb06bf67b6ed" testListId="8c84fa94-04c1-424b-9868-57a2d4851a1d" />
    <TestEntry testId="9a7b6f06-74c2-7462-ba85-dacf92668c65" executionId="defd714b-c5a9-43f0-aa73-634f6813f2b8" testListId="8c84fa94-04c1-424b-9868-57a2d4851a1d" />
    <TestEntry testId="6baca078-0057-cebf-d77e-eea1903b00b8" executionId="4817cb10-d683-4209-a197-1437b3c8f786" testListId="8c84fa94-04c1-424b-9868-57a2d4851a1d" />
    <TestEntry testId="756e0d01-a842-f38b-ea3c-217b08fb29e8" executionId="836d9bbe-1367-413f-bda3-733017219d0c" testListId="8c84fa94-04c1-424b-9868-57a2d4851a1d" />
    <TestEntry testId="501f0ee0-74db-cec9-d1ee-4d7ec4d12180" executionId="e11df012-f026-4339-b0ff-1b4c587bc545" testListId="8c84fa94-04c1-424b-9868-57a2d4851a1d" />
    <TestEntry testId="7e51dd21-d7e7-02d5-83ac-1baa5ba94572" executionId="5eaa0e21-6a6b-4414-9ea4-68b1606ca94e" testListId="8c84fa94-04c1-424b-9868-57a2d4851a1d" />
    <TestEntry testId="c4ae982e-c6cd-4ef0-620f-ebef24b9176f" executionId="48e59a4e-16ea-4e4d-aead-9229d0836dc4" testListId="8c84fa94-04c1-424b-9868-57a2d4851a1d" />
    <TestEntry testId="655c8f2f-0cf0-5de1-5a2a-a7b80e6a99a5" executionId="f2ffbda9-9985-4156-8c0d-adb6b1b65f86" testListId="8c84fa94-04c1-424b-9868-57a2d4851a1d" />
    <TestEntry testId="3435c04f-78c4-7349-a84d-e281f4de3a2f" executionId="9531e109-6bad-4bd9-895e-c91c0b6c880c" testListId="8c84fa94-04c1-424b-9868-57a2d4851a1d" />
    <TestEntry testId="8553585c-26e4-c41e-0efc-5fb2a54fc80a" executionId="728bb0dd-1c33-4b62-bde4-f06570ca354e" testListId="8c84fa94-04c1-424b-9868-57a2d4851a1d" />
    <TestEntry testId="d9300f68-3600-670d-9ab6-d54c65ab59c2" executionId="f9a0560b-fd66-47db-88c7-519e02b6b94c" testListId="8c84fa94-04c1-424b-9868-57a2d4851a1d" />
    <TestEntry testId="3fcdc7f0-57ff-6634-02fb-021c4fb5dba2" executionId="5b22d0d4-2cfb-4e5c-a07b-4a0fabd23aad" testListId="8c84fa94-04c1-424b-9868-57a2d4851a1d" />
    <TestEntry testId="237ec957-d350-72e5-946b-68c755ea71d0" executionId="53bfa3ee-7696-4045-8d2f-8153b3bbbf8e" testListId="8c84fa94-04c1-424b-9868-57a2d4851a1d" />
    <TestEntry testId="dc47e533-b474-c8e6-070e-a108adbcda31" executionId="88109692-444e-4077-8562-16b9969f00bd" testListId="8c84fa94-04c1-424b-9868-57a2d4851a1d" />
    <TestEntry testId="67b94bc1-f013-34f8-d879-11a44f393962" executionId="cc940e03-1383-4230-aacc-1b8227e38d79" testListId="8c84fa94-04c1-424b-9868-57a2d4851a1d" />
    <TestEntry testId="da61df37-b99d-75c9-c2bb-ef6550667492" executionId="6e3c76f1-e098-4193-a672-64a9e7e4db4c" testListId="8c84fa94-04c1-424b-9868-57a2d4851a1d" />
    <TestEntry testId="edea7b65-c6e3-3a0a-0705-3f52a7644060" executionId="db764028-a44a-4383-a100-496f00fef7fa" testListId="8c84fa94-04c1-424b-9868-57a2d4851a1d" />
    <TestEntry testId="03170cc9-aae0-ca45-c743-d7926f556305" executionId="7a0a1b39-276f-41a5-9b4e-b9c11d24b773" testListId="8c84fa94-04c1-424b-9868-57a2d4851a1d" />
    <TestEntry testId="b19bdb9d-27f8-a48e-eefe-0ced359e69cf" executionId="4976ceb2-9169-49f1-83ca-4fb1d9af28d6" testListId="8c84fa94-04c1-424b-9868-57a2d4851a1d" />
    <TestEntry testId="4ed8cf30-300e-6a7e-1823-233c3fde3d27" executionId="952c71c6-9c8e-463b-a9f6-4229e8dad19b" testListId="8c84fa94-04c1-424b-9868-57a2d4851a1d" />
    <TestEntry testId="ff03e6bf-1f4f-5690-6253-b797cc00612b" executionId="9049b67d-200d-424a-9e4e-6085f339e438" testListId="8c84fa94-04c1-424b-9868-57a2d4851a1d" />
    <TestEntry testId="c97ade20-9f07-0bb5-7641-469bcca26415" executionId="d40377ee-1747-4650-b905-027380aff87c" testListId="8c84fa94-04c1-424b-9868-57a2d4851a1d" />
    <TestEntry testId="893f1e13-4122-723a-4fce-7236e2810e3c" executionId="1232573a-3755-4391-9971-884a81bffb2d" testListId="8c84fa94-04c1-424b-9868-57a2d4851a1d" />
    <TestEntry testId="2d8e5a55-8c2e-09f0-de2a-2ef28c669c20" executionId="2af2ecf4-8948-4cd1-885e-8073603e1cda" testListId="8c84fa94-04c1-424b-9868-57a2d4851a1d" />
    <TestEntry testId="5a1727e9-859d-da7d-a8a6-0c2b1d3e32c2" executionId="7307403b-9657-4e48-9e3c-b828cc6418b9" testListId="8c84fa94-04c1-424b-9868-57a2d4851a1d" />
    <TestEntry testId="eeff6be2-7a40-e129-0846-69199c7fecec" executionId="b07237f2-c521-46f2-aaa3-8c124b6c3c46" testListId="8c84fa94-04c1-424b-9868-57a2d4851a1d" />
    <TestEntry testId="dfe418e0-65cd-7503-26cd-b37418d9a9f1" executionId="1ef5af82-b9c6-4bba-b948-9679725b9bd4" testListId="8c84fa94-04c1-424b-9868-57a2d4851a1d" />
    <TestEntry testId="a545f500-ffff-52f8-25dd-f207564c8202" executionId="311a164d-f8ef-4781-8c72-d1555818ecc0" testListId="8c84fa94-04c1-424b-9868-57a2d4851a1d" />
    <TestEntry testId="6e8c4a43-e177-ed71-47e1-fae3a3816cb8" executionId="40c6a97a-12d0-403d-96af-86f0064652c0" testListId="8c84fa94-04c1-424b-9868-57a2d4851a1d" />
    <TestEntry testId="41ea8f49-4ebf-00f4-e05e-19c864724a88" executionId="a16e6803-281c-426c-b04a-4cbe98d648d0" testListId="8c84fa94-04c1-424b-9868-57a2d4851a1d" />
    <TestEntry testId="68897f45-a889-6c22-12a0-b5775b2fbb0a" executionId="c22d1d8e-8031-4fc2-b302-0168d7c7ea97" testListId="8c84fa94-04c1-424b-9868-57a2d4851a1d" />
    <TestEntry testId="112c1d3e-54da-35bf-18db-6c97e8a59fe5" executionId="def7564a-2fd0-462d-aa86-c5f5dda4ae55" testListId="8c84fa94-04c1-424b-9868-57a2d4851a1d" />
    <TestEntry testId="1bfed89b-df07-c1c0-17e2-4fa5902baeb9" executionId="3074b2fa-4aff-47df-b43d-e33eca6fd8f9" testListId="8c84fa94-04c1-424b-9868-57a2d4851a1d" />
    <TestEntry testId="1397a6d5-cfb6-6257-1983-f62419575bbc" executionId="b52f8b72-5f76-4926-8a8a-a8b2fd25f356" testListId="8c84fa94-04c1-424b-9868-57a2d4851a1d" />
    <TestEntry testId="174e96ac-8856-1ddc-8d4e-f81e2d579a49" executionId="44d53d4c-2624-45f3-b41b-565312099224" testListId="8c84fa94-04c1-424b-9868-57a2d4851a1d" />
    <TestEntry testId="7378a435-eb0a-608f-d30a-2b07d76eed92" executionId="67251f2b-5098-4629-a1e0-c86c108af590" testListId="8c84fa94-04c1-424b-9868-57a2d4851a1d" />
    <TestEntry testId="a10ad8fb-b6ce-b72f-11ac-267fb3274a40" executionId="40aa235d-932d-400e-9834-d06e25af9e48" testListId="8c84fa94-04c1-424b-9868-57a2d4851a1d" />
    <TestEntry testId="43c69214-3823-5a39-dd26-159b2756f0a3" executionId="ac7a6013-4e3b-4486-86f2-bd4a09847f6c" testListId="8c84fa94-04c1-424b-9868-57a2d4851a1d" />
    <TestEntry testId="bee5639f-7ea9-e50b-ad95-12fb557a46d5" executionId="e77a6029-09a3-4a52-86be-16456fc326bc" testListId="8c84fa94-04c1-424b-9868-57a2d4851a1d" />
    <TestEntry testId="27ae22f5-f2cf-81ab-8314-1309533eb71b" executionId="73b89d1c-ebfe-4705-9dbb-645643c4671a" testListId="8c84fa94-04c1-424b-9868-57a2d4851a1d" />
    <TestEntry testId="579509c9-6622-9385-78c0-3aa91d4db29c" executionId="e958882b-9c6a-4f84-a195-0f4b2fe911d4" testListId="8c84fa94-04c1-424b-9868-57a2d4851a1d" />
    <TestEntry testId="d134b5e6-6138-7d19-0c2c-8701f5519c69" executionId="6cbb1a05-08b5-42ca-b1c2-46068222b22c" testListId="8c84fa94-04c1-424b-9868-57a2d4851a1d" />
    <TestEntry testId="56d2ef89-f058-9a38-37c4-4c82e8cc90de" executionId="421a3777-158c-4c91-9d79-c823061f9de9" testListId="8c84fa94-04c1-424b-9868-57a2d4851a1d" />
    <TestEntry testId="53d3c1d9-8ab8-3e1d-1541-c0ef8e588682" executionId="cdd81bf7-4a13-446b-98fc-8a31abb7c7ba" testListId="8c84fa94-04c1-424b-9868-57a2d4851a1d" />
    <TestEntry testId="5662682f-6f3d-b3a7-14c9-a25015c565e3" executionId="fa93d7f2-0bbc-4e39-8c72-07a135d17955" testListId="8c84fa94-04c1-424b-9868-57a2d4851a1d" />
    <TestEntry testId="c8999bb4-1b8c-9dd8-47e9-28448b62d839" executionId="da4a4f9d-68c5-4630-a82f-cb5ef2ad6470" testListId="8c84fa94-04c1-424b-9868-57a2d4851a1d" />
    <TestEntry testId="c2a5e1c5-ce34-b98b-a5de-d0c2292ef724" executionId="8f1c619d-c2c5-463d-be46-25538448a9c9" testListId="8c84fa94-04c1-424b-9868-57a2d4851a1d" />
    <TestEntry testId="ac17ca64-0ab0-b5eb-63f4-a5b80f5fea21" executionId="11f0410a-4e8d-4e1a-bb84-a6cfe698f64c" testListId="8c84fa94-04c1-424b-9868-57a2d4851a1d" />
    <TestEntry testId="a1676af4-364d-45ba-37bc-1f5c84927734" executionId="87c31cf2-be82-4812-9986-8101975b7411" testListId="8c84fa94-04c1-424b-9868-57a2d4851a1d" />
    <TestEntry testId="31fbbece-be6c-04e6-1ded-eb1deed3ad95" executionId="88adfb09-8cf7-4334-9edc-2ac0fa97d702" testListId="8c84fa94-04c1-424b-9868-57a2d4851a1d" />
    <TestEntry testId="52c63773-c393-9305-5dd9-4ac72a32539b" executionId="de621761-fa45-4d60-9652-4857ef67a856" testListId="8c84fa94-04c1-424b-9868-57a2d4851a1d" />
    <TestEntry testId="e4e708a8-2699-59d9-3019-2f73198b141b" executionId="958798a1-0f1d-43c2-a07a-5d379086808d" testListId="8c84fa94-04c1-424b-9868-57a2d4851a1d" />
    <TestEntry testId="8d90cb3e-aa65-9ee7-b904-d95165b240a8" executionId="e86899b2-bf8b-41c2-8b36-aea24e1f4861" testListId="8c84fa94-04c1-424b-9868-57a2d4851a1d" />
    <TestEntry testId="3cdfcc83-30ab-3afd-a5d9-aa7ac57e8eda" executionId="e2079771-cb96-4c79-aa09-7212fc9d31f6" testListId="8c84fa94-04c1-424b-9868-57a2d4851a1d" />
    <TestEntry testId="438b6d0c-7581-de9a-2dc7-6ee519cfa928" executionId="35b803f7-cb6f-4636-b9fa-645b58d92168" testListId="8c84fa94-04c1-424b-9868-57a2d4851a1d" />
    <TestEntry testId="57ffbe2f-bf30-6f3d-ee47-62716626b0cb" executionId="a0aecec1-9a5c-4314-b02d-a9768ff908ba" testListId="8c84fa94-04c1-424b-9868-57a2d4851a1d" />
    <TestEntry testId="48380489-d320-7d70-a332-f02b06d9da33" executionId="c8635874-5712-478f-95c6-0e107b8b6621" testListId="8c84fa94-04c1-424b-9868-57a2d4851a1d" />
    <TestEntry testId="4e7f6a3f-3213-bfc7-2624-566cda29b69a" executionId="00863194-1045-433a-983c-7b831ae16060" testListId="8c84fa94-04c1-424b-9868-57a2d4851a1d" />
    <TestEntry testId="a165b4b7-45bf-3065-343e-9568724ce781" executionId="f54edf17-611f-476b-81e2-c88f5f6a6832" testListId="8c84fa94-04c1-424b-9868-57a2d4851a1d" />
    <TestEntry testId="74721fe3-854b-82b2-cf69-3e7571a84ce6" executionId="3b04d98b-9140-4201-bd89-23cff07a554d" testListId="8c84fa94-04c1-424b-9868-57a2d4851a1d" />
    <TestEntry testId="a0639b6b-c1b7-4928-4b28-0f1938f423d3" executionId="a11e9094-625b-433f-bc14-3757299aefd1" testListId="8c84fa94-04c1-424b-9868-57a2d4851a1d" />
    <TestEntry testId="6ca6935f-3ebf-fa6b-6c82-4a9e1a957fde" executionId="3127929b-7012-4faa-a7d8-12a1bf7ba245" testListId="8c84fa94-04c1-424b-9868-57a2d4851a1d" />
    <TestEntry testId="7ae79e6f-463f-9326-977f-43a4007b612b" executionId="0fae109d-a63a-43c0-be8c-0d56b8e6deb0" testListId="8c84fa94-04c1-424b-9868-57a2d4851a1d" />
    <TestEntry testId="3a78e350-3ed8-b18b-8cf6-63c700ca75f5" executionId="9b4234b0-49b8-4c8b-bcc6-1ec1fed8c3c0" testListId="8c84fa94-04c1-424b-9868-57a2d4851a1d" />
    <TestEntry testId="db482c25-13aa-9637-62e3-3cf25e5968b4" executionId="c82cb9fe-d6f5-4eb3-8b0e-b3ae269909db" testListId="8c84fa94-04c1-424b-9868-57a2d4851a1d" />
    <TestEntry testId="89f58022-7f8b-c637-84a2-79e8993499be" executionId="cf5b7a99-fa0e-437e-9fd5-5b2e92214bb5" testListId="8c84fa94-04c1-424b-9868-57a2d4851a1d" />
    <TestEntry testId="25131d1d-cb05-54e5-f3cb-b330be172a2a" executionId="f83a5f93-399f-4da5-bf5c-8d0b61963819" testListId="8c84fa94-04c1-424b-9868-57a2d4851a1d" />
    <TestEntry testId="204ecc8e-830e-d8f0-6bc3-dacf0adc3d18" executionId="0adfd013-4efb-456e-8896-9e0daef8180f" testListId="8c84fa94-04c1-424b-9868-57a2d4851a1d" />
    <TestEntry testId="a4e25db3-dd9a-c692-107b-8fec2f9ab5b8" executionId="b7f37216-f869-420f-a87e-f2e1519748a1" testListId="8c84fa94-04c1-424b-9868-57a2d4851a1d" />
    <TestEntry testId="c0cc948e-9982-7df3-9087-ceb4ef75c1f1" executionId="82bd0b37-405c-445c-916b-b7e961aeca84" testListId="8c84fa94-04c1-424b-9868-57a2d4851a1d" />
    <TestEntry testId="54ac8a63-7b77-3402-4b35-eac634a1cb87" executionId="323f58bc-2f1f-4ac4-8da2-d7cab1de2842" testListId="8c84fa94-04c1-424b-9868-57a2d4851a1d" />
    <TestEntry testId="837ca353-7363-8ce0-57f3-a22587955a2c" executionId="659de175-e982-483a-b281-866c44dc40aa" testListId="8c84fa94-04c1-424b-9868-57a2d4851a1d" />
    <TestEntry testId="bbd36e09-0a48-ee83-af73-6c83e4b72aa8" executionId="c324df03-1880-49f3-84f3-81e1e3aca77f" testListId="8c84fa94-04c1-424b-9868-57a2d4851a1d" />
    <TestEntry testId="827a940c-09f1-b639-b6a1-b04f8b625df9" executionId="218440d3-c7dd-4518-b09b-4a1baa664499" testListId="8c84fa94-04c1-424b-9868-57a2d4851a1d" />
    <TestEntry testId="dca69985-54ab-d962-0ae7-cc5ed57ae662" executionId="e141dd4e-761a-48d9-af73-d258478de7bb" testListId="8c84fa94-04c1-424b-9868-57a2d4851a1d" />
    <TestEntry testId="281d0d92-a61d-9a38-25e4-548941a91d39" executionId="0e2cd912-bd83-4701-9841-46fbb28cbf46" testListId="8c84fa94-04c1-424b-9868-57a2d4851a1d" />
    <TestEntry testId="69b74044-a0ff-139d-d56c-730485ac7f47" executionId="2f8f6f50-1900-4b63-a3e5-b98a49421144" testListId="8c84fa94-04c1-424b-9868-57a2d4851a1d" />
    <TestEntry testId="abe366dd-4592-5c2d-e524-1fad4f363d54" executionId="c66c7560-0ae4-496d-ae9e-3e5d473773c9" testListId="8c84fa94-04c1-424b-9868-57a2d4851a1d" />
    <TestEntry testId="bbfbe6f0-19d0-8ec3-9e77-180ac5d80947" executionId="02e83c71-cc31-4133-9716-b2ab4745304f" testListId="8c84fa94-04c1-424b-9868-57a2d4851a1d" />
    <TestEntry testId="32fc0df4-3619-b22a-8e32-f13c83b6da7c" executionId="ce8f6f9e-684a-4b11-9d40-ada6fa5b00a3" testListId="8c84fa94-04c1-424b-9868-57a2d4851a1d" />
    <TestEntry testId="49ecccba-e48a-90b1-e76d-4d5aaffd347b" executionId="ab05663c-b97d-4d60-a06a-18545d4b9517" testListId="8c84fa94-04c1-424b-9868-57a2d4851a1d" />
    <TestEntry testId="ad3b174a-b5b1-713b-9e88-547b36f4382c" executionId="4f8369f7-a11f-4c48-9121-544ceab0d8e1" testListId="8c84fa94-04c1-424b-9868-57a2d4851a1d" />
    <TestEntry testId="c7c864f7-36f3-ca67-1338-456f1597bc0f" executionId="80faab0a-2eae-4ec7-a241-a76cffe5588d" testListId="8c84fa94-04c1-424b-9868-57a2d4851a1d" />
    <TestEntry testId="dbd6ed78-0846-1ded-8133-ab38801d5a26" executionId="f7e16223-b59e-429f-83e2-52174a07c8f8" testListId="8c84fa94-04c1-424b-9868-57a2d4851a1d" />
    <TestEntry testId="7ee945f8-afa4-b111-c97d-66a26b983ced" executionId="a28f2d14-9912-4bb5-a7e0-d40731ae3027" testListId="8c84fa94-04c1-424b-9868-57a2d4851a1d" />
    <TestEntry testId="691d8b7e-b7dd-4d67-ce27-1eb3d5185103" executionId="848da4fd-6733-42fb-a1bf-2468cb785fe7" testListId="8c84fa94-04c1-424b-9868-57a2d4851a1d" />
    <TestEntry testId="37a6f610-29db-3036-fa7d-5d383dd571fa" executionId="28bb8408-14c6-419c-ad8b-668b8db8dc5e" testListId="8c84fa94-04c1-424b-9868-57a2d4851a1d" />
    <TestEntry testId="a1d7c7ba-fd4a-5077-5345-fddedff74eed" executionId="7a229792-4806-49bb-a2a3-c293f063b36d" testListId="8c84fa94-04c1-424b-9868-57a2d4851a1d" />
    <TestEntry testId="d3ca0e93-9673-676b-cd0d-6d9ebe611f8a" executionId="5cfb13bf-78e0-4b04-bc57-238888c60ab6" testListId="8c84fa94-04c1-424b-9868-57a2d4851a1d" />
    <TestEntry testId="6279de26-7aec-60f6-8f4f-ea20c0731ced" executionId="22d7601d-1d36-4c75-88ea-7468ed7b8b53" testListId="8c84fa94-04c1-424b-9868-57a2d4851a1d" />
    <TestEntry testId="af87bbeb-a743-e901-1cdc-03864f78c594" executionId="6ab8c5a0-ab70-48d6-a853-aa9a6ca9831a" testListId="8c84fa94-04c1-424b-9868-57a2d4851a1d" />
    <TestEntry testId="abe1684b-af58-9343-9635-5e00edaed280" executionId="ba014e23-a45d-4c35-a3e2-9a45de9f18fe" testListId="8c84fa94-04c1-424b-9868-57a2d4851a1d" />
    <TestEntry testId="10812518-3761-f178-fc5e-deae5c17b533" executionId="2f6e7363-bfce-48a8-a090-51fcaf059721" testListId="8c84fa94-04c1-424b-9868-57a2d4851a1d" />
    <TestEntry testId="055398f6-5d34-7273-6e34-0b5f945c75e4" executionId="ea17e144-56b8-4eaf-a6cd-c2b382e4c382" testListId="8c84fa94-04c1-424b-9868-57a2d4851a1d" />
    <TestEntry testId="6bf25410-afa6-f8d0-465d-c63163a8d8bb" executionId="66321fae-b906-4386-bcf2-d022d78a5ddc" testListId="8c84fa94-04c1-424b-9868-57a2d4851a1d" />
    <TestEntry testId="1e0f37e0-6daa-8a7d-154c-3ccf404f737d" executionId="8cf648e9-242c-4cc0-9ce7-bdb85763ab9a" testListId="8c84fa94-04c1-424b-9868-57a2d4851a1d" />
  </TestEntries>
  <TestLists>
    <TestList name="Results Not in a List" id="8c84fa94-04c1-424b-9868-57a2d4851a1d" />
    <TestList name="All Loaded Results" id="19431567-8539-422a-85d7-44ee4e166bda" />
  </TestLists>
  <ResultSummary outcome="Failed">
    <Counters total="114" executed="114" passed="112" failed="2" error="0" timeout="0" aborted="0" inconclusive="0" passedButRunAborted="0" notRunnable="0" notExecuted="0" disconnected="0" warning="0" completed="0" inProgress="0" pending="0" />
  </ResultSummary>
</TestRun>