<?xml version="1.0" encoding="UTF-8"?>
<TestRun id="67c9939e-1353-492e-a714-077866e492e0" name="yfann@YFANN-PC 2016-07-26 14:48:44" runUser="yfann-PC\yfann" xmlns="http://microsoft.com/schemas/VisualStudio/TeamTest/2010">
  <Times creation="2016-07-26T14:48:44.9945535+08:00" queuing="2016-07-26T14:48:44.9945535+08:00" start="2016-07-26T14:47:57.7968539+08:00" finish="2016-07-26T14:49:04.3586611+08:00" />
  <TestSettings name="default" id="8ae27506-c30c-4aa5-bcab-701564421656">
    <Execution>
      <TestTypeSpecific />
    </Execution>
    <Deployment runDeploymentRoot="yfann_YFANN-PC 2016-07-26 14_48_44" />
    <Properties />
  </TestSettings>
  <Results>
    <UnitTestResult executionId="f17ddcb2-8128-4c69-865a-4a8c52779a59" testId="5ede464a-8632-586f-de7b-1f004a5cb51c" testName="PatientLookupTest_Positive_SearchByFirstName" computerName="YFANN-PC" duration="00:00:01.3792271" startTime="2016-07-26T14:47:57.7968539+08:00" endTime="2016-07-26T14:48:44.0865016+08:00" testType="13cdc9d9-ddb5-4fa4-a97d-d965ccfc6d4b" outcome="Failed" testListId="8c84fa94-04c1-424b-9868-57a2d4851a1d" relativeResultsDirectory="f17ddcb2-8128-4c69-865a-4a8c52779a59">
      <Output>
        <StdOut>17096</StdOut>
        <ErrorInfo>
          <Message>Assert.AreEqual failed. Expected:&lt;(null)&gt;. Actual:&lt;(410) 292-9296 x. ex&gt;. </Message>
          <StackTrace>   at CSD.OnlineDPMS.WebApi.Tests.PatientLookupTest.PatientLookupTest_Positive_SearchByFirstName() in D:\GitSpace\phoenix\applications\ccenter-html\NextGen\SourceCode\OnlineDPMS\CSD.OnlineDPMS.WebApi.Tests\Tests\PatientLookupTest.cs:line 62
</StackTrace>
        </ErrorInfo>
      </Output>
    </UnitTestResult>
    <UnitTestResult executionId="276b705c-c850-4c84-ab3e-53a004100557" testId="599a5cd5-8678-ed8e-e0de-36d9813837d6" testName="PatientLookupTest_Positive_SearchByLastName" computerName="YFANN-PC" duration="00:00:00.1396326" startTime="2016-07-26T14:48:44.1065027+08:00" endTime="2016-07-26T14:48:44.2465107+08:00" testType="13cdc9d9-ddb5-4fa4-a97d-d965ccfc6d4b" outcome="Failed" testListId="8c84fa94-04c1-424b-9868-57a2d4851a1d" relativeResultsDirectory="276b705c-c850-4c84-ab3e-53a004100557">
      <Output>
        <StdOut>17087</StdOut>
        <ErrorInfo>
          <Message>Assert.AreEqual failed. Expected:&lt;(null)&gt;. Actual:&lt;(410) 292-9296 x. ex&gt;. </Message>
          <StackTrace>   at CSD.OnlineDPMS.WebApi.Tests.PatientLookupTest.PatientLookupTest_Positive_SearchByLastName() in D:\GitSpace\phoenix\applications\ccenter-html\NextGen\SourceCode\OnlineDPMS\CSD.OnlineDPMS.WebApi.Tests\Tests\PatientLookupTest.cs:line 112
</StackTrace>
        </ErrorInfo>
      </Output>
    </UnitTestResult>
    <UnitTestResult executionId="588daa78-2426-4e3c-8cf8-30fd27ce7189" testId="cd4b09ec-c765-e6c5-a63c-7fa7649ff663" testName="PatientLookupTest_Positive_SearchByMiddleName" computerName="YFANN-PC" duration="00:00:00.1148943" startTime="2016-07-26T14:48:44.2475108+08:00" endTime="2016-07-26T14:48:44.3625173+08:00" testType="13cdc9d9-ddb5-4fa4-a97d-d965ccfc6d4b" outcome="Failed" testListId="8c84fa94-04c1-424b-9868-57a2d4851a1d" relativeResultsDirectory="588daa78-2426-4e3c-8cf8-30fd27ce7189">
      <Output>
        <StdOut>17088</StdOut>
        <ErrorInfo>
          <Message>Assert.AreEqual failed. Expected:&lt;(null)&gt;. Actual:&lt;(410) 292-9296 x. ex&gt;. </Message>
          <StackTrace>   at CSD.OnlineDPMS.WebApi.Tests.PatientLookupTest.PatientLookupTest_Positive_SearchByMiddleName() in D:\GitSpace\phoenix\applications\ccenter-html\NextGen\SourceCode\OnlineDPMS\CSD.OnlineDPMS.WebApi.Tests\Tests\PatientLookupTest.cs:line 162
</StackTrace>
        </ErrorInfo>
      </Output>
    </UnitTestResult>
    <UnitTestResult executionId="e66cf463-dc8a-4276-92ae-2099fa89fe77" testId="d03bc784-00f1-26fc-9906-746891cda688" testName="PatientLookupTest_Positive_SearchByNickname" computerName="YFANN-PC" duration="00:00:00.1248109" startTime="2016-07-26T14:48:44.3645175+08:00" endTime="2016-07-26T14:48:44.4895246+08:00" testType="13cdc9d9-ddb5-4fa4-a97d-d965ccfc6d4b" outcome="Failed" testListId="8c84fa94-04c1-424b-9868-57a2d4851a1d" relativeResultsDirectory="e66cf463-dc8a-4276-92ae-2099fa89fe77">
      <Output>
        <StdOut>17089</StdOut>
        <ErrorInfo>
          <Message>Assert.AreEqual failed. Expected:&lt;(null)&gt;. Actual:&lt;(410) 292-9296 x. ex&gt;. </Message>
          <StackTrace>   at CSD.OnlineDPMS.WebApi.Tests.PatientLookupTest.PatientLookupTest_Positive_SearchByNickname() in D:\GitSpace\phoenix\applications\ccenter-html\NextGen\SourceCode\OnlineDPMS\CSD.OnlineDPMS.WebApi.Tests\Tests\PatientLookupTest.cs:line 212
</StackTrace>
        </ErrorInfo>
      </Output>
    </UnitTestResult>
    <UnitTestResult executionId="c2372fb2-7baf-4501-8926-f6039d718e68" testId="580c4003-db99-31ae-d51b-ccab7b19a049" testName="PatientLookupTest_Positive_SearchByDateBirth" computerName="YFANN-PC" duration="00:00:00.1270241" startTime="2016-07-26T14:48:44.4915247+08:00" endTime="2016-07-26T14:48:44.6185320+08:00" testType="13cdc9d9-ddb5-4fa4-a97d-d965ccfc6d4b" outcome="Failed" testListId="8c84fa94-04c1-424b-9868-57a2d4851a1d" relativeResultsDirectory="c2372fb2-7baf-4501-8926-f6039d718e68">
      <Output>
        <StdOut>17090</StdOut>
        <ErrorInfo>
          <Message>Assert.AreEqual failed. Expected:&lt;(null)&gt;. Actual:&lt;(410) 292-9296 x. ex&gt;. </Message>
          <StackTrace>   at CSD.OnlineDPMS.WebApi.Tests.PatientLookupTest.PatientLookupTest_Positive_SearchByDateBirth() in D:\GitSpace\phoenix\applications\ccenter-html\NextGen\SourceCode\OnlineDPMS\CSD.OnlineDPMS.WebApi.Tests\Tests\PatientLookupTest.cs:line 262
</StackTrace>
        </ErrorInfo>
      </Output>
    </UnitTestResult>
    <UnitTestResult executionId="15b9ef18-ab19-411a-960e-5eae78893c10" testId="e2e4f907-1b93-26bb-0fb9-3a54a3aad8eb" testName="PatientLookupTest_Positive_SearchByNationalID" computerName="YFANN-PC" duration="00:00:00.1137376" startTime="2016-07-26T14:48:44.7475394+08:00" endTime="2016-07-26T14:48:44.8615459+08:00" testType="13cdc9d9-ddb5-4fa4-a97d-d965ccfc6d4b" outcome="Failed" testListId="8c84fa94-04c1-424b-9868-57a2d4851a1d" relativeResultsDirectory="15b9ef18-ab19-411a-960e-5eae78893c10">
      <Output>
        <StdOut>17091</StdOut>
        <ErrorInfo>
          <Message>Assert.AreEqual failed. Expected:&lt;(null)&gt;. Actual:&lt;(410) 292-9296 x. ex&gt;. </Message>
          <StackTrace>   at CSD.OnlineDPMS.WebApi.Tests.PatientLookupTest.PatientLookupTest_Positive_SearchByNationalID() in D:\GitSpace\phoenix\applications\ccenter-html\NextGen\SourceCode\OnlineDPMS\CSD.OnlineDPMS.WebApi.Tests\Tests\PatientLookupTest.cs:line 312
</StackTrace>
        </ErrorInfo>
      </Output>
    </UnitTestResult>
    <UnitTestResult executionId="da69275d-ea2d-444f-9282-e1eee360543b" testId="8d45dbd3-81f0-e76f-d0ef-0e98cef7f984" testName="MedicalAlertsTest_UsePatientWithoutMedicalAlertTest" computerName="YFANN-PC" duration="00:00:00.4426124" startTime="2016-07-26T14:48:44.8725465+08:00" endTime="2016-07-26T14:48:45.3215722+08:00" testType="13cdc9d9-ddb5-4fa4-a97d-d965ccfc6d4b" outcome="Passed" testListId="8c84fa94-04c1-424b-9868-57a2d4851a1d" relativeResultsDirectory="da69275d-ea2d-444f-9282-e1eee360543b">
      <Output>
        <StdOut>16122</StdOut>
      </Output>
    </UnitTestResult>
    <UnitTestResult executionId="fbf3f5c4-38fb-43a6-bdff-69d122da2b31" testId="f4ac765e-1921-4eb8-042e-83b0b3167687" testName="MedicalAlertsTest_UsePatientWithSingleMedicalAlertTest" computerName="YFANN-PC" duration="00:00:00.0514079" startTime="2016-07-26T14:48:45.3235723+08:00" endTime="2016-07-26T14:48:45.3745752+08:00" testType="13cdc9d9-ddb5-4fa4-a97d-d965ccfc6d4b" outcome="Passed" testListId="8c84fa94-04c1-424b-9868-57a2d4851a1d" relativeResultsDirectory="fbf3f5c4-38fb-43a6-bdff-69d122da2b31">
      <Output>
        <StdOut>16123</StdOut>
      </Output>
    </UnitTestResult>
    <UnitTestResult executionId="90ec9bc9-d979-41b9-a1a0-4ce4c3d5339b" testId="7c45b88a-3d61-9048-f5ae-b4555390c621" testName="MedicalAlertsTest_UsePatientWithMultipleMedicalAlertsTest" computerName="YFANN-PC" duration="00:00:00.0497864" startTime="2016-07-26T14:48:45.3755753+08:00" endTime="2016-07-26T14:48:45.4265782+08:00" testType="13cdc9d9-ddb5-4fa4-a97d-d965ccfc6d4b" outcome="Passed" testListId="8c84fa94-04c1-424b-9868-57a2d4851a1d" relativeResultsDirectory="90ec9bc9-d979-41b9-a1a0-4ce4c3d5339b">
      <Output>
        <StdOut>16124</StdOut>
      </Output>
    </UnitTestResult>
    <UnitTestResult executionId="ab4f2151-b383-4f0f-bae8-63b3d93d5fde" testId="adb709ee-dddf-d856-c54e-10c2b1737462" testName="MedicalAlertsTest_MedicalAlertsWithEmptyReasonTest" computerName="YFANN-PC" duration="00:00:00.0385196" startTime="2016-07-26T14:48:45.4275783+08:00" endTime="2016-07-26T14:48:45.4665805+08:00" testType="13cdc9d9-ddb5-4fa4-a97d-d965ccfc6d4b" outcome="Passed" testListId="8c84fa94-04c1-424b-9868-57a2d4851a1d" relativeResultsDirectory="ab4f2151-b383-4f0f-bae8-63b3d93d5fde">
      <Output>
        <StdOut>16125</StdOut>
      </Output>
    </UnitTestResult>
    <UnitTestResult executionId="a5a8d0c9-5cb4-42e7-8fe7-f1abc46de27c" testId="7e8e7044-b48c-877c-6e6a-9f24254b9f1a" testName="MedicalAlertsTest_MedicalAlertsWithMaxLengthReasonTest" computerName="YFANN-PC" duration="00:00:00.0418059" startTime="2016-07-26T14:48:45.4675806+08:00" endTime="2016-07-26T14:48:45.5095830+08:00" testType="13cdc9d9-ddb5-4fa4-a97d-d965ccfc6d4b" outcome="Passed" testListId="8c84fa94-04c1-424b-9868-57a2d4851a1d" relativeResultsDirectory="a5a8d0c9-5cb4-42e7-8fe7-f1abc46de27c">
      <Output>
        <StdOut>16126</StdOut>
      </Output>
    </UnitTestResult>
    <UnitTestResult executionId="537736ed-52c1-4957-9755-30c62910554a" testId="6e6f6210-4916-eb1b-7030-f6f10c0e387d" testName="MedicalAlertsTest_PatientWithMaxNumberOfMedicalAlertsTest" computerName="YFANN-PC" duration="00:00:00.0600042" startTime="2016-07-26T14:48:45.5105830+08:00" endTime="2016-07-26T14:48:45.5705864+08:00" testType="13cdc9d9-ddb5-4fa4-a97d-d965ccfc6d4b" outcome="Passed" testListId="8c84fa94-04c1-424b-9868-57a2d4851a1d" relativeResultsDirectory="537736ed-52c1-4957-9755-30c62910554a">
      <Output>
        <StdOut>16127</StdOut>
      </Output>
    </UnitTestResult>
    <UnitTestResult executionId="f133621c-8343-46d8-b063-27209d6bfea9" testId="dbefdda1-b19f-f3a3-03e6-c580484703d6" testName="MedicalAlertsTest_PatientMedicalAlertsWithSpecialCharactersTest" computerName="YFANN-PC" duration="00:00:00.0377538" startTime="2016-07-26T14:48:45.5715865+08:00" endTime="2016-07-26T14:48:45.6095887+08:00" testType="13cdc9d9-ddb5-4fa4-a97d-d965ccfc6d4b" outcome="Passed" testListId="8c84fa94-04c1-424b-9868-57a2d4851a1d" relativeResultsDirectory="f133621c-8343-46d8-b063-27209d6bfea9">
      <Output>
        <StdOut>16128</StdOut>
      </Output>
    </UnitTestResult>
    <UnitTestResult executionId="85615c1b-188c-4eb3-a8ac-0fda86e27687" testId="5b8849d6-ac3f-3395-518d-50f7c9d656af" testName="PatientPortraitTest_GetANormalPatientAvatarTest" computerName="YFANN-PC" duration="00:00:00.3461541" startTime="2016-07-26T14:48:45.6105887+08:00" endTime="2016-07-26T14:48:45.9586086+08:00" testType="13cdc9d9-ddb5-4fa4-a97d-d965ccfc6d4b" outcome="Passed" testListId="8c84fa94-04c1-424b-9868-57a2d4851a1d" relativeResultsDirectory="85615c1b-188c-4eb3-a8ac-0fda86e27687">
      <Output>
        <StdOut>16111</StdOut>
      </Output>
    </UnitTestResult>
    <UnitTestResult executionId="a054c634-c268-4873-b136-ac95e673b5f8" testId="1254912d-01fc-b139-9ec4-6e2af006223c" testName="PatientPortraitTest_UsePatientIdWithZeroGUIDTest" computerName="YFANN-PC" duration="00:00:00.1310484" startTime="2016-07-26T14:48:45.9596087+08:00" endTime="2016-07-26T14:48:46.0906162+08:00" testType="13cdc9d9-ddb5-4fa4-a97d-d965ccfc6d4b" outcome="Passed" testListId="8c84fa94-04c1-424b-9868-57a2d4851a1d" relativeResultsDirectory="a054c634-c268-4873-b136-ac95e673b5f8">
      <Output>
        <StdOut>16203</StdOut>
      </Output>
    </UnitTestResult>
    <UnitTestResult executionId="fbdf3e7f-288c-4f7e-b06c-2086ebc4ed90" testId="de9132aa-f691-bf44-bc60-9819da337f9d" testName="PatientPortraitTest_UsePatientIdWithBadFormatTest" computerName="YFANN-PC" duration="00:00:00.0783995" startTime="2016-07-26T14:48:46.0916162+08:00" endTime="2016-07-26T14:48:46.1706208+08:00" testType="13cdc9d9-ddb5-4fa4-a97d-d965ccfc6d4b" outcome="Passed" testListId="8c84fa94-04c1-424b-9868-57a2d4851a1d" relativeResultsDirectory="fbdf3e7f-288c-4f7e-b06c-2086ebc4ed90">
      <Output>
        <StdOut>16114</StdOut>
      </Output>
    </UnitTestResult>
    <UnitTestResult executionId="cb7a2506-983a-4ed8-8460-c79d272cb622" testId="0876dd7d-f7c8-a1aa-a1f1-64865a71c1e4" testName="PatientPortraitTest_UsePatientIdWhichIsNotExistTest" computerName="YFANN-PC" duration="00:00:00.0856836" startTime="2016-07-26T14:48:46.1716208+08:00" endTime="2016-07-26T14:48:46.2576257+08:00" testType="13cdc9d9-ddb5-4fa4-a97d-d965ccfc6d4b" outcome="Passed" testListId="8c84fa94-04c1-424b-9868-57a2d4851a1d" relativeResultsDirectory="cb7a2506-983a-4ed8-8460-c79d272cb622">
      <Output>
        <StdOut>16112</StdOut>
      </Output>
    </UnitTestResult>
    <UnitTestResult executionId="ccde67ef-7c23-40a2-a2c0-9f53f40de2b8" testId="ad2ad6e8-3420-e70f-53ab-5fff1d2f1ecd" testName="PatientPortraitTest_UseABlankPatientIDTest" computerName="YFANN-PC" duration="00:00:00.0734940" startTime="2016-07-26T14:48:46.2586258+08:00" endTime="2016-07-26T14:48:46.3326300+08:00" testType="13cdc9d9-ddb5-4fa4-a97d-d965ccfc6d4b" outcome="Passed" testListId="8c84fa94-04c1-424b-9868-57a2d4851a1d" relativeResultsDirectory="ccde67ef-7c23-40a2-a2c0-9f53f40de2b8">
      <Output>
        <StdOut>16115</StdOut>
      </Output>
    </UnitTestResult>
    <UnitTestResult executionId="112f6b38-8862-44de-b915-b6e7ab8ee80b" testId="ac8d0098-b081-bc59-27b2-d1750545a1a5" testName="PatientPortraitTest_GetAnIllegalImageTest" computerName="YFANN-PC" duration="00:00:00.2357627" startTime="2016-07-26T14:48:46.3336301+08:00" endTime="2016-07-26T14:48:46.5696436+08:00" testType="13cdc9d9-ddb5-4fa4-a97d-d965ccfc6d4b" outcome="Passed" testListId="8c84fa94-04c1-424b-9868-57a2d4851a1d" relativeResultsDirectory="112f6b38-8862-44de-b915-b6e7ab8ee80b">
      <Output>
        <StdOut>16204</StdOut>
      </Output>
    </UnitTestResult>
    <UnitTestResult executionId="615a1b39-d68a-4dcf-984e-89555b9916b2" testId="f537f9ad-6209-e569-e180-def8617ed54f" testName="AllOfficesTest_GetAllAvailableOfficesTest" computerName="YFANN-PC" duration="00:00:00.6008296" startTime="2016-07-26T14:48:46.5706436+08:00" endTime="2016-07-26T14:48:47.1726781+08:00" testType="13cdc9d9-ddb5-4fa4-a97d-d965ccfc6d4b" outcome="Passed" testListId="8c84fa94-04c1-424b-9868-57a2d4851a1d" relativeResultsDirectory="615a1b39-d68a-4dcf-984e-89555b9916b2">
      <Output>
        <StdOut>16130</StdOut>
      </Output>
    </UnitTestResult>
    <UnitTestResult executionId="9d12bf64-6acc-40d1-aaf2-08099d27822b" testId="e829463e-1ab1-7fe5-a1f6-56b8dd6bb8b6" testName="AllOfficesTest_OfficeInfoWithInvalidValue" computerName="YFANN-PC" duration="00:00:00.1128025" startTime="2016-07-26T14:48:47.1736781+08:00" endTime="2016-07-26T14:48:47.2866846+08:00" testType="13cdc9d9-ddb5-4fa4-a97d-d965ccfc6d4b" outcome="Passed" testListId="8c84fa94-04c1-424b-9868-57a2d4851a1d" relativeResultsDirectory="9d12bf64-6acc-40d1-aaf2-08099d27822b">
      <Output>
        <StdOut>16215</StdOut>
      </Output>
    </UnitTestResult>
    <UnitTestResult executionId="6d25308a-3afd-4e2e-a11e-c60250ddeb06" testId="5c054ba2-4888-4dcc-fc4f-d681d4a94c1a" testName="ApptsByOfficeAndDate_GetApptsByOfficeIDAndDateForFutureDate0Appts" computerName="YFANN-PC" duration="00:00:00.1132743" startTime="2016-07-26T14:48:47.2876847+08:00" endTime="2016-07-26T14:48:47.4026912+08:00" testType="13cdc9d9-ddb5-4fa4-a97d-d965ccfc6d4b" outcome="Passed" testListId="8c84fa94-04c1-424b-9868-57a2d4851a1d" relativeResultsDirectory="6d25308a-3afd-4e2e-a11e-c60250ddeb06">
      <Output>
        <StdOut>16211</StdOut>
      </Output>
    </UnitTestResult>
    <UnitTestResult executionId="6c4cded6-60cf-4475-83ee-5287890dc170" testId="b6923d89-2dae-273f-5ec9-88c9c3e5f221" testName="ApptsByOfficeAndDate_GetApptsByOfficeIDAndDateForFutureDateMixedApptsAndYYYYMMDD" computerName="YFANN-PC" duration="00:00:00.0587952" startTime="2016-07-26T14:48:47.4036913+08:00" endTime="2016-07-26T14:48:47.4626947+08:00" testType="13cdc9d9-ddb5-4fa4-a97d-d965ccfc6d4b" outcome="Passed" testListId="8c84fa94-04c1-424b-9868-57a2d4851a1d" relativeResultsDirectory="6c4cded6-60cf-4475-83ee-5287890dc170">
      <Output>
        <StdOut>16212</StdOut>
      </Output>
    </UnitTestResult>
    <UnitTestResult executionId="32cc0a85-d0b5-4dbc-8699-d39e5724aaef" testId="44131544-0e27-dc01-6e0f-2200b0103c83" testName="ApptsByOfficeAndDate_GetApptsByOfficeIDAndDateForPastDate1Appts" computerName="YFANN-PC" duration="00:00:00.0177683" startTime="2016-07-26T14:48:47.4636947+08:00" endTime="2016-07-26T14:48:47.4816958+08:00" testType="13cdc9d9-ddb5-4fa4-a97d-d965ccfc6d4b" outcome="Passed" testListId="8c84fa94-04c1-424b-9868-57a2d4851a1d" relativeResultsDirectory="32cc0a85-d0b5-4dbc-8699-d39e5724aaef">
      <Output>
        <StdOut>16220</StdOut>
      </Output>
    </UnitTestResult>
    <UnitTestResult executionId="2ef72f33-0472-4b5e-90be-16501f0302a0" testId="1fbaabf0-56c1-8501-6cfc-80fb18983f0f" testName="ApptsByOfficeAndDate_UseValidOfficeIDAndBlankDateMixedAppts" computerName="YFANN-PC" duration="00:00:00.0401946" startTime="2016-07-26T14:48:47.4826958+08:00" endTime="2016-07-26T14:48:47.5236982+08:00" testType="13cdc9d9-ddb5-4fa4-a97d-d965ccfc6d4b" outcome="Failed" testListId="8c84fa94-04c1-424b-9868-57a2d4851a1d" relativeResultsDirectory="2ef72f33-0472-4b5e-90be-16501f0302a0">
      <Output>
        <StdOut>16218</StdOut>
        <ErrorInfo>
          <Message>Assert.AreEqual failed. Expected:&lt;2&gt;. Actual:&lt;4&gt;. </Message>
          <StackTrace>   at CSD.OnlineDPMS.WebApi.Tests.AppointmentsByOfficeAndDate.ApptsByOfficeAndDate_UseValidOfficeIDAndBlankDateMixedAppts() in D:\GitSpace\phoenix\applications\ccenter-html\NextGen\SourceCode\OnlineDPMS\CSD.OnlineDPMS.WebApi.Tests\Tests\AppointmentsByOfficeAndDateTest.cs:line 146
</StackTrace>
        </ErrorInfo>
      </Output>
    </UnitTestResult>
    <UnitTestResult executionId="d3b8f0ce-f782-4d73-a5c8-8505cb639a08" testId="94761bef-fad9-d7b0-88fa-42330ffd9ac3" testName="ApptsByOfficeAndDate_UserValidOfficeIDAndValideDateMMDDYYYY" computerName="YFANN-PC" duration="00:00:00.0540066" startTime="2016-07-26T14:48:47.5246982+08:00" endTime="2016-07-26T14:48:47.5787013+08:00" testType="13cdc9d9-ddb5-4fa4-a97d-d965ccfc6d4b" outcome="Passed" testListId="8c84fa94-04c1-424b-9868-57a2d4851a1d" relativeResultsDirectory="d3b8f0ce-f782-4d73-a5c8-8505cb639a08">
      <Output>
        <StdOut>16221</StdOut>
      </Output>
    </UnitTestResult>
    <UnitTestResult executionId="0ef1b22a-affd-431b-905c-8eaff7820139" testId="8dd8fb8e-2efc-db2c-3e65-b8079af9d132" testName="ApptsByOfficeAndDate_UserValidOfficeIDAndBadFormatDateMMDDYYYY" computerName="YFANN-PC" duration="00:00:00.0949236" startTime="2016-07-26T14:48:47.5797014+08:00" endTime="2016-07-26T14:48:47.6747068+08:00" testType="13cdc9d9-ddb5-4fa4-a97d-d965ccfc6d4b" outcome="Passed" testListId="8c84fa94-04c1-424b-9868-57a2d4851a1d" relativeResultsDirectory="0ef1b22a-affd-431b-905c-8eaff7820139">
      <Output>
        <StdOut>16214</StdOut>
      </Output>
    </UnitTestResult>
    <UnitTestResult executionId="c639b6fd-2899-4610-a965-87eded7cb16f" testId="3d94caec-eb9e-7dc7-9928-fccec8e70b6a" testName="ApptsByOfficeAndDate_UserBadFormatOfficeIDAndValidDate" computerName="YFANN-PC" duration="00:00:00.0903019" startTime="2016-07-26T14:48:47.6757068+08:00" endTime="2016-07-26T14:48:47.7667121+08:00" testType="13cdc9d9-ddb5-4fa4-a97d-d965ccfc6d4b" outcome="Passed" testListId="8c84fa94-04c1-424b-9868-57a2d4851a1d" relativeResultsDirectory="c639b6fd-2899-4610-a965-87eded7cb16f">
      <Output>
        <StdOut>16216</StdOut>
      </Output>
    </UnitTestResult>
    <UnitTestResult executionId="6fdad2aa-7f6a-4cde-8bcf-0e718653e059" testId="23862ebb-2d34-5be5-ca81-1ef354ea553b" testName="ApptsByOfficeAndDate_UserBlankOfficeIDAndValidDate" computerName="YFANN-PC" duration="00:00:00.0612907" startTime="2016-07-26T14:48:47.7677121+08:00" endTime="2016-07-26T14:48:47.8297157+08:00" testType="13cdc9d9-ddb5-4fa4-a97d-d965ccfc6d4b" outcome="Passed" testListId="8c84fa94-04c1-424b-9868-57a2d4851a1d" relativeResultsDirectory="6fdad2aa-7f6a-4cde-8bcf-0e718653e059">
      <Output>
        <StdOut>16217</StdOut>
      </Output>
    </UnitTestResult>
    <UnitTestResult executionId="cdb79239-63a8-4efc-962e-832c1edbf59b" testId="4e6f7591-593f-7035-b0e4-40153e04faf6" testName="ApptsByOfficeAndDate_UserNonExistentOfficeIDAndValidDate" computerName="YFANN-PC" duration="00:00:00.0476197" startTime="2016-07-26T14:48:47.8307157+08:00" endTime="2016-07-26T14:48:47.8787185+08:00" testType="13cdc9d9-ddb5-4fa4-a97d-d965ccfc6d4b" outcome="Passed" testListId="8c84fa94-04c1-424b-9868-57a2d4851a1d" relativeResultsDirectory="cdb79239-63a8-4efc-962e-832c1edbf59b">
      <Output>
        <StdOut>16213</StdOut>
      </Output>
    </UnitTestResult>
    <UnitTestResult executionId="495ef0bf-7eff-4be2-8206-255c20c2b949" testId="9a89ba77-6932-cb5f-f455-da6c4215b18b" testName="ApptsByOfficeAndDate_AllTodaysAppointments" computerName="YFANN-PC" duration="00:00:00.0386552" startTime="2016-07-26T14:48:47.8797185+08:00" endTime="2016-07-26T14:48:47.9177207+08:00" testType="13cdc9d9-ddb5-4fa4-a97d-d965ccfc6d4b" outcome="Failed" testListId="8c84fa94-04c1-424b-9868-57a2d4851a1d" relativeResultsDirectory="495ef0bf-7eff-4be2-8206-255c20c2b949">
      <Output>
        <ErrorInfo>
          <Message>Assert.AreEqual failed. Expected:&lt;2&gt;. Actual:&lt;4&gt;. </Message>
          <StackTrace>   at CSD.OnlineDPMS.WebApi.Tests.AppointmentsByOfficeAndDate.ApptsByOfficeAndDate_AllTodaysAppointments() in D:\GitSpace\phoenix\applications\ccenter-html\NextGen\SourceCode\OnlineDPMS\CSD.OnlineDPMS.WebApi.Tests\Tests\AppointmentsByOfficeAndDateTest.cs:line 293
</StackTrace>
        </ErrorInfo>
      </Output>
    </UnitTestResult>
    <UnitTestResult executionId="96e452d4-367b-4181-b89b-497237067084" testId="92440d00-c650-c1bc-fb3b-bfd29a366599" testName="PatientTypesTest_GetAllPatientTypes" computerName="YFANN-PC" duration="00:00:00.0203314" startTime="2016-07-26T14:48:47.9187207+08:00" endTime="2016-07-26T14:48:47.9397219+08:00" testType="13cdc9d9-ddb5-4fa4-a97d-d965ccfc6d4b" outcome="Passed" testListId="8c84fa94-04c1-424b-9868-57a2d4851a1d" relativeResultsDirectory="96e452d4-367b-4181-b89b-497237067084">
      <Output>
        <StdOut>16416</StdOut>
      </Output>
    </UnitTestResult>
    <UnitTestResult executionId="dd57151e-b763-4b29-b752-b9ad6b2a038f" testId="a9bf7a82-d54e-3d31-02b7-624fe79223fb" testName="MappedAppointmentTreatmentsTest_GetAllMappedApptTreatmentsTest" computerName="YFANN-PC" duration="00:00:00.0269577" startTime="2016-07-26T14:48:47.9417221+08:00" endTime="2016-07-26T14:48:47.9687236+08:00" testType="13cdc9d9-ddb5-4fa4-a97d-d965ccfc6d4b" outcome="Passed" testListId="8c84fa94-04c1-424b-9868-57a2d4851a1d" relativeResultsDirectory="dd57151e-b763-4b29-b752-b9ad6b2a038f">
      <Output>
        <StdOut>16417</StdOut>
      </Output>
    </UnitTestResult>
    <UnitTestResult executionId="0dde2c04-fc4f-474c-a9e5-d881fd24329e" testId="e7dca5cb-39f3-be40-0c6b-f5daae59ae26" testName="OfficeDefaultTemplateTest_GetActiveOfficeTemplateTest" computerName="YFANN-PC" duration="00:00:00.0884446" startTime="2016-07-26T14:48:47.9697237+08:00" endTime="2016-07-26T14:48:48.0587288+08:00" testType="13cdc9d9-ddb5-4fa4-a97d-d965ccfc6d4b" outcome="Passed" testListId="8c84fa94-04c1-424b-9868-57a2d4851a1d" relativeResultsDirectory="0dde2c04-fc4f-474c-a9e5-d881fd24329e">
      <Output>
        <StdOut>16425</StdOut>
      </Output>
    </UnitTestResult>
    <UnitTestResult executionId="0f1e84bc-3ed2-46ce-85a4-99aa2366c995" testId="7bfd6824-c48f-a82e-76f2-d8e80a131172" testName="OfficeDefaultTemplateTest_GetInActiveOfficeTemplateTest" computerName="YFANN-PC" duration="00:00:00.0293716" startTime="2016-07-26T14:48:48.0597288+08:00" endTime="2016-07-26T14:48:48.0897305+08:00" testType="13cdc9d9-ddb5-4fa4-a97d-d965ccfc6d4b" outcome="Passed" testListId="8c84fa94-04c1-424b-9868-57a2d4851a1d" relativeResultsDirectory="0f1e84bc-3ed2-46ce-85a4-99aa2366c995">
      <Output>
        <StdOut>16427</StdOut>
      </Output>
    </UnitTestResult>
    <UnitTestResult executionId="337d379c-1892-457e-88b3-bf745f87c5a3" testId="3c1efbf4-8de1-e90e-beda-6dcbe23adaf4" testName="OfficeDefaultTemplateTest_OfficeIDGUIDDoesNotExistTest" computerName="YFANN-PC" duration="00:00:00.0107333" startTime="2016-07-26T14:48:48.0907306+08:00" endTime="2016-07-26T14:48:48.1017312+08:00" testType="13cdc9d9-ddb5-4fa4-a97d-d965ccfc6d4b" outcome="Passed" testListId="8c84fa94-04c1-424b-9868-57a2d4851a1d" relativeResultsDirectory="337d379c-1892-457e-88b3-bf745f87c5a3">
      <Output>
        <StdOut>16428</StdOut>
      </Output>
    </UnitTestResult>
    <UnitTestResult executionId="30a8312d-2f9e-407c-b8b4-d85d335208f9" testId="707c3423-e8ac-4a95-8be0-a84942c99709" testName="OfficeDefaultTemplateTest_OfficeGUIDDoesIsMalformedTest" computerName="YFANN-PC" duration="00:00:00.0085910" startTime="2016-07-26T14:48:48.1027313+08:00" endTime="2016-07-26T14:48:48.1117318+08:00" testType="13cdc9d9-ddb5-4fa4-a97d-d965ccfc6d4b" outcome="Passed" testListId="8c84fa94-04c1-424b-9868-57a2d4851a1d" relativeResultsDirectory="30a8312d-2f9e-407c-b8b4-d85d335208f9">
      <Output>
        <StdOut>16429</StdOut>
      </Output>
    </UnitTestResult>
    <UnitTestResult executionId="33bd271e-1951-45c6-9c41-71bcdc3e6aa7" testId="45e78744-ad1d-ea74-beef-1c46c84f2bbc" testName="OfficeDefaultTemplateTest_OfficeGUIDDoesIsMissingTest" computerName="YFANN-PC" duration="00:00:00.0129151" startTime="2016-07-26T14:48:48.1127318+08:00" endTime="2016-07-26T14:48:48.1257326+08:00" testType="13cdc9d9-ddb5-4fa4-a97d-d965ccfc6d4b" outcome="Passed" testListId="8c84fa94-04c1-424b-9868-57a2d4851a1d" relativeResultsDirectory="33bd271e-1951-45c6-9c41-71bcdc3e6aa7">
      <Output>
        <StdOut>16430</StdOut>
      </Output>
    </UnitTestResult>
    <UnitTestResult executionId="8fc800f1-27c0-450a-91b1-93e06394b62c" testId="0f3f8e5c-9e03-db6a-34ee-c70da2fb19ef" testName="OfficeDefaultTemplateTest_OfficeGUIDIsNullTest" computerName="YFANN-PC" duration="00:00:00.0079318" startTime="2016-07-26T14:48:48.1267326+08:00" endTime="2016-07-26T14:48:48.1357332+08:00" testType="13cdc9d9-ddb5-4fa4-a97d-d965ccfc6d4b" outcome="Passed" testListId="8c84fa94-04c1-424b-9868-57a2d4851a1d" relativeResultsDirectory="8fc800f1-27c0-450a-91b1-93e06394b62c">
      <Output>
        <StdOut>16431</StdOut>
      </Output>
    </UnitTestResult>
    <UnitTestResult executionId="d57e6f0f-5b78-4a6f-b2ab-662283b9e068" testId="872a24b4-6605-bb65-4e33-bcceee6553f2" testName="OfficeDefaultTemplateTest_NoOfficeIDParameterTest" computerName="YFANN-PC" duration="00:00:00.0034375" startTime="2016-07-26T14:48:48.1367332+08:00" endTime="2016-07-26T14:48:48.1397334+08:00" testType="13cdc9d9-ddb5-4fa4-a97d-d965ccfc6d4b" outcome="Passed" testListId="8c84fa94-04c1-424b-9868-57a2d4851a1d" relativeResultsDirectory="d57e6f0f-5b78-4a6f-b2ab-662283b9e068">
      <Output>
        <StdOut>16432</StdOut>
      </Output>
    </UnitTestResult>
    <UnitTestResult executionId="dda8e822-d863-4ca8-9a23-f7d53a09b753" testId="38d455d3-8cce-4dd0-28d7-f0f986ecd6a1" testName="ToothLocationCodesByOfficeID_OfficeIsUniversalNumberingSystemTest" computerName="YFANN-PC" duration="00:00:00.0702379" startTime="2016-07-26T14:48:48.1407334+08:00" endTime="2016-07-26T14:48:48.2157377+08:00" testType="13cdc9d9-ddb5-4fa4-a97d-d965ccfc6d4b" outcome="Passed" testListId="8c84fa94-04c1-424b-9868-57a2d4851a1d" relativeResultsDirectory="dda8e822-d863-4ca8-9a23-f7d53a09b753">
      <Output>
        <StdOut>16364</StdOut>
      </Output>
    </UnitTestResult>
    <UnitTestResult executionId="1cb1b6ad-1064-4a90-bdbc-edce7b9cf62a" testId="9d945478-c5d2-2f25-e4a9-c439bbfaebbb" testName="ToothLocationCodesByOfficeID_OfficeIsFDIWordDentalFederationNotationTest" computerName="YFANN-PC" duration="00:00:00.0203326" startTime="2016-07-26T14:48:48.2167378+08:00" endTime="2016-07-26T14:48:48.2377390+08:00" testType="13cdc9d9-ddb5-4fa4-a97d-d965ccfc6d4b" outcome="Passed" testListId="8c84fa94-04c1-424b-9868-57a2d4851a1d" relativeResultsDirectory="1cb1b6ad-1064-4a90-bdbc-edce7b9cf62a">
      <Output>
        <StdOut>16365</StdOut>
      </Output>
    </UnitTestResult>
    <UnitTestResult executionId="4e9ddcd6-4010-4f53-8661-7516e02ec199" testId="04f7a88f-5894-edee-c736-86cf557a48d3" testName="ToothLocationCodesByOfficeID_NonExistentOfficeIDTest" computerName="YFANN-PC" duration="00:00:00.0097637" startTime="2016-07-26T14:48:48.2387391+08:00" endTime="2016-07-26T14:48:48.2487396+08:00" testType="13cdc9d9-ddb5-4fa4-a97d-d965ccfc6d4b" outcome="Passed" testListId="8c84fa94-04c1-424b-9868-57a2d4851a1d" relativeResultsDirectory="4e9ddcd6-4010-4f53-8661-7516e02ec199">
      <Output>
        <StdOut>16412</StdOut>
      </Output>
    </UnitTestResult>
    <UnitTestResult executionId="b5408f81-61e6-4cbc-b16c-31be2ed201dd" testId="bc015700-b626-b53e-ed65-3eb823aadd79" testName="ToothLocationCodesByOfficeID_BadFormatOfficeIDTest" computerName="YFANN-PC" duration="00:00:00.0084513" startTime="2016-07-26T14:48:48.2497397+08:00" endTime="2016-07-26T14:48:48.2587402+08:00" testType="13cdc9d9-ddb5-4fa4-a97d-d965ccfc6d4b" outcome="Passed" testListId="8c84fa94-04c1-424b-9868-57a2d4851a1d" relativeResultsDirectory="b5408f81-61e6-4cbc-b16c-31be2ed201dd">
      <Output>
        <StdOut>16413</StdOut>
      </Output>
    </UnitTestResult>
    <UnitTestResult executionId="f12e9c07-332e-40c9-87f9-39480e606944" testId="293ae917-7f62-ec0c-aa81-0a8588338dd3" testName="ToothLocationCodesByOfficeID_BlankOfficeIDTest" computerName="YFANN-PC" duration="00:00:00.0087951" startTime="2016-07-26T14:48:48.2597403+08:00" endTime="2016-07-26T14:48:48.2687408+08:00" testType="13cdc9d9-ddb5-4fa4-a97d-d965ccfc6d4b" outcome="Passed" testListId="8c84fa94-04c1-424b-9868-57a2d4851a1d" relativeResultsDirectory="f12e9c07-332e-40c9-87f9-39480e606944">
      <Output>
        <StdOut>16414</StdOut>
      </Output>
    </UnitTestResult>
    <UnitTestResult executionId="613bfabe-6b3d-426e-a881-fdbcc64f4d78" testId="2e27f0e3-c20b-fd13-8aa4-14369fa56fbd" testName="ToothLocationCodesByOfficeID_NoOfficeIDParameterTest" computerName="YFANN-PC" duration="00:00:00.0037568" startTime="2016-07-26T14:48:48.2757412+08:00" endTime="2016-07-26T14:48:48.2797414+08:00" testType="13cdc9d9-ddb5-4fa4-a97d-d965ccfc6d4b" outcome="Passed" testListId="8c84fa94-04c1-424b-9868-57a2d4851a1d" relativeResultsDirectory="613bfabe-6b3d-426e-a881-fdbcc64f4d78">
      <Output>
        <StdOut>16415</StdOut>
      </Output>
    </UnitTestResult>
    <UnitTestResult executionId="10928777-e885-4c4b-abc6-99a97a4dda59" testId="46041b44-657a-6956-df8e-d7e506359bab" testName="ProceduresByApptIDTest_ZeroTodayApptsTest" computerName="YFANN-PC" duration="00:00:00.0497544" startTime="2016-07-26T14:48:48.2807415+08:00" endTime="2016-07-26T14:48:48.3317444+08:00" testType="13cdc9d9-ddb5-4fa4-a97d-d965ccfc6d4b" outcome="Passed" testListId="8c84fa94-04c1-424b-9868-57a2d4851a1d" relativeResultsDirectory="10928777-e885-4c4b-abc6-99a97a4dda59">
      <Output>
        <StdOut>16271</StdOut>
      </Output>
    </UnitTestResult>
    <UnitTestResult executionId="7eca095c-c4cc-49d3-ae5e-764f4c5f8b33" testId="0ec1b1fd-b937-6eef-5652-4c60fc02378d" testName="ProceduresByApptIDTest_MultipleTodayApptsWithoutProceduresTest" computerName="YFANN-PC" duration="00:00:00.0825699" startTime="2016-07-26T14:48:48.3327444+08:00" endTime="2016-07-26T14:48:48.4157492+08:00" testType="13cdc9d9-ddb5-4fa4-a97d-d965ccfc6d4b" outcome="Passed" testListId="8c84fa94-04c1-424b-9868-57a2d4851a1d" relativeResultsDirectory="7eca095c-c4cc-49d3-ae5e-764f4c5f8b33">
      <Output>
        <StdOut>16272</StdOut>
      </Output>
    </UnitTestResult>
    <UnitTestResult executionId="99ed046e-287a-420e-be7c-8ac49d2d8909" testId="b55f5cc3-959b-dd3d-eb11-3a48375bc9c5" testName="ProceduresByApptIDTest_TodayApptsWithSingleOrMultipleProceduresTest" computerName="YFANN-PC" duration="00:00:00.1305606" startTime="2016-07-26T14:48:48.4167492+08:00" endTime="2016-07-26T14:48:48.5477567+08:00" testType="13cdc9d9-ddb5-4fa4-a97d-d965ccfc6d4b" outcome="Passed" testListId="8c84fa94-04c1-424b-9868-57a2d4851a1d" relativeResultsDirectory="99ed046e-287a-420e-be7c-8ac49d2d8909">
      <Output>
        <StdOut>16273</StdOut>
      </Output>
    </UnitTestResult>
    <UnitTestResult executionId="d1073684-ffbb-4b78-b091-0492dd574394" testId="804ca4e2-5f6c-e0af-6407-7691f6e2ce82" testName="ProceduresByApptIDTest_OfficeIDIsNonExistentTest" computerName="YFANN-PC" duration="00:00:00.0448384" startTime="2016-07-26T14:48:48.5487568+08:00" endTime="2016-07-26T14:48:48.5937594+08:00" testType="13cdc9d9-ddb5-4fa4-a97d-d965ccfc6d4b" outcome="Passed" testListId="8c84fa94-04c1-424b-9868-57a2d4851a1d" relativeResultsDirectory="d1073684-ffbb-4b78-b091-0492dd574394">
      <Output>
        <StdOut>16274</StdOut>
      </Output>
    </UnitTestResult>
    <UnitTestResult executionId="d026957b-dfdd-413b-8f42-8a852f18f6b8" testId="338fce2b-71b1-f9bc-9733-919c37433fc9" testName="ProceduresByApptIDTest_OfficeIDIsBadFormatTest" computerName="YFANN-PC" duration="00:00:00.0368622" startTime="2016-07-26T14:48:48.5947594+08:00" endTime="2016-07-26T14:48:48.6317615+08:00" testType="13cdc9d9-ddb5-4fa4-a97d-d965ccfc6d4b" outcome="Passed" testListId="8c84fa94-04c1-424b-9868-57a2d4851a1d" relativeResultsDirectory="d026957b-dfdd-413b-8f42-8a852f18f6b8">
      <Output>
        <StdOut>16275</StdOut>
      </Output>
    </UnitTestResult>
    <UnitTestResult executionId="e4fbabd8-98ef-4a93-b69f-05f466223645" testId="987196cf-e420-b284-67d7-2860078dacdb" testName="ProceduresByApptIDTest_OfficeIDIsBlankTest" computerName="YFANN-PC" duration="00:00:00.0330011" startTime="2016-07-26T14:48:48.6327616+08:00" endTime="2016-07-26T14:48:48.6657635+08:00" testType="13cdc9d9-ddb5-4fa4-a97d-d965ccfc6d4b" outcome="Passed" testListId="8c84fa94-04c1-424b-9868-57a2d4851a1d" relativeResultsDirectory="e4fbabd8-98ef-4a93-b69f-05f466223645">
      <Output>
        <StdOut>16276</StdOut>
      </Output>
    </UnitTestResult>
    <UnitTestResult executionId="5f1744cd-67da-4c96-b0b4-41b55a17919d" testId="361ed9bf-d8e7-eb4d-562f-397c03ba3596" testName="US33295_01_AppointmentLiteProviderInformationTest_Positive_ProviderIsDoctor" computerName="YFANN-PC" duration="00:00:00.5826362" startTime="2016-07-26T14:48:48.6677636+08:00" endTime="2016-07-26T14:48:49.2507969+08:00" testType="13cdc9d9-ddb5-4fa4-a97d-d965ccfc6d4b" outcome="Failed" testListId="8c84fa94-04c1-424b-9868-57a2d4851a1d" relativeResultsDirectory="5f1744cd-67da-4c96-b0b4-41b55a17919d">
      <Output>
        <StdOut>16347</StdOut>
        <ErrorInfo>
          <Message>Assert.AreEqual failed. Expected:&lt;60&gt;. Actual:&lt;0&gt;. </Message>
          <StackTrace>   at CSD.OnlineDPMS.WebApi.Tests.Tests.AppointmentLiteProviderInformationTest.US33295_01_AppointmentLiteProviderInformationTest_Positive_ProviderIsDoctor() in D:\GitSpace\phoenix\applications\ccenter-html\NextGen\SourceCode\OnlineDPMS\CSD.OnlineDPMS.WebApi.Tests\Tests\AppointmentLiteProviderInformationTest.cs:line 86
</StackTrace>
        </ErrorInfo>
      </Output>
    </UnitTestResult>
    <UnitTestResult executionId="284d5abc-5fde-409a-b37a-fd916ae6f715" testId="6772d379-1254-fb53-3229-4a8e582d4542" testName="US33295_02_AppointmentLiteProviderInformationTest_Positive_ProviderIsDoctorAndHygienist" computerName="YFANN-PC" duration="00:00:00.0774308" startTime="2016-07-26T14:48:49.2517970+08:00" endTime="2016-07-26T14:48:49.3298015+08:00" testType="13cdc9d9-ddb5-4fa4-a97d-d965ccfc6d4b" outcome="Passed" testListId="8c84fa94-04c1-424b-9868-57a2d4851a1d" relativeResultsDirectory="284d5abc-5fde-409a-b37a-fd916ae6f715">
      <Output>
        <StdOut>16354</StdOut>
      </Output>
    </UnitTestResult>
    <UnitTestResult executionId="3f84567d-4b86-4319-b98d-17edeeb76f6d" testId="34a1571c-97ba-6dd4-df7a-de2fb9edbde6" testName="US33295_03_AppointmentLiteProviderInformationTest_Positive_ProviderIsHygienist" computerName="YFANN-PC" duration="00:00:00.0670899" startTime="2016-07-26T14:48:49.3308015+08:00" endTime="2016-07-26T14:48:49.3988054+08:00" testType="13cdc9d9-ddb5-4fa4-a97d-d965ccfc6d4b" outcome="Passed" testListId="8c84fa94-04c1-424b-9868-57a2d4851a1d" relativeResultsDirectory="3f84567d-4b86-4319-b98d-17edeeb76f6d">
      <Output>
        <StdOut>16348</StdOut>
      </Output>
    </UnitTestResult>
    <UnitTestResult executionId="aa14c01c-9bcd-42f4-b795-757242891af4" testId="488abe46-6ecb-c9aa-eb9a-d1e0e57ae149" testName="US33295_04_AppointmentLiteProviderInformationTest_Positive_NoProcedure" computerName="YFANN-PC" duration="00:00:00.0762141" startTime="2016-07-26T14:48:49.3998055+08:00" endTime="2016-07-26T14:48:49.4758098+08:00" testType="13cdc9d9-ddb5-4fa4-a97d-d965ccfc6d4b" outcome="Passed" testListId="8c84fa94-04c1-424b-9868-57a2d4851a1d" relativeResultsDirectory="aa14c01c-9bcd-42f4-b795-757242891af4">
      <Output>
        <StdOut>16352</StdOut>
      </Output>
    </UnitTestResult>
    <UnitTestResult executionId="9507a236-3be4-489a-a3e4-e01d015a30f7" testId="da08ba39-d01e-c20b-c342-4dc114562b69" testName="US33295_05_AppointmentLiteProviderInformationTest_Positive_MultipleProcedures" computerName="YFANN-PC" duration="00:00:00.2138321" startTime="2016-07-26T14:48:49.4768099+08:00" endTime="2016-07-26T14:48:49.6908221+08:00" testType="13cdc9d9-ddb5-4fa4-a97d-d965ccfc6d4b" outcome="Passed" testListId="8c84fa94-04c1-424b-9868-57a2d4851a1d" relativeResultsDirectory="9507a236-3be4-489a-a3e4-e01d015a30f7">
      <Output>
        <StdOut>16353</StdOut>
      </Output>
    </UnitTestResult>
    <UnitTestResult executionId="dc58978f-4d4b-41cd-b597-27152b59b86e" testId="8b03cbf1-ef6e-f7ab-c8d8-73b3bbe941e4" testName="US33295_06_AppointmentLiteProviderInformationTest_Positive_NoFeeChangeNotes" computerName="YFANN-PC" duration="00:00:00.0859178" startTime="2016-07-26T14:48:49.6918222+08:00" endTime="2016-07-26T14:48:49.7788271+08:00" testType="13cdc9d9-ddb5-4fa4-a97d-d965ccfc6d4b" outcome="Passed" testListId="8c84fa94-04c1-424b-9868-57a2d4851a1d" relativeResultsDirectory="dc58978f-4d4b-41cd-b597-27152b59b86e">
      <Output>
        <StdOut>16423</StdOut>
      </Output>
    </UnitTestResult>
    <UnitTestResult executionId="b41b98ab-7565-4cba-8955-1fcdf6994c75" testId="8bd7adb8-aafb-3e22-fc56-4a3b83a5feb0" testName="US33295_07_AppointmentLiteProviderInformationTest_Positive_MultipleNotesLog" computerName="YFANN-PC" duration="00:00:00.1030269" startTime="2016-07-26T14:48:49.7798272+08:00" endTime="2016-07-26T14:48:49.8828331+08:00" testType="13cdc9d9-ddb5-4fa4-a97d-d965ccfc6d4b" outcome="Passed" testListId="8c84fa94-04c1-424b-9868-57a2d4851a1d" relativeResultsDirectory="b41b98ab-7565-4cba-8955-1fcdf6994c75">
      <Output>
        <StdOut>16424</StdOut>
      </Output>
    </UnitTestResult>
    <UnitTestResult executionId="4ab417a5-889b-4e7d-a264-0204a60bb406" testId="25782c8f-085f-3e94-3345-29fd83aa20a8" testName="US33295_08_AppointmentLiteProviderInformationTest_Negative_NonExistentApptId" computerName="YFANN-PC" duration="00:00:00.0824127" startTime="2016-07-26T14:48:49.8838331+08:00" endTime="2016-07-26T14:48:49.9668379+08:00" testType="13cdc9d9-ddb5-4fa4-a97d-d965ccfc6d4b" outcome="Passed" testListId="8c84fa94-04c1-424b-9868-57a2d4851a1d" relativeResultsDirectory="4ab417a5-889b-4e7d-a264-0204a60bb406">
      <Output>
        <StdOut>16349</StdOut>
      </Output>
    </UnitTestResult>
    <UnitTestResult executionId="750be090-8b9a-41b7-8f5b-a196616b8ef9" testId="a4c6d7f0-9ba8-572c-fb60-06ba3761e817" testName="US33295_09_AppointmentLiteProviderInformationTest_Negative_BadFormatApptId" computerName="YFANN-PC" duration="00:00:00.0482530" startTime="2016-07-26T14:48:49.9678380+08:00" endTime="2016-07-26T14:48:50.0168408+08:00" testType="13cdc9d9-ddb5-4fa4-a97d-d965ccfc6d4b" outcome="Passed" testListId="8c84fa94-04c1-424b-9868-57a2d4851a1d" relativeResultsDirectory="750be090-8b9a-41b7-8f5b-a196616b8ef9">
      <Output>
        <StdOut>16350</StdOut>
      </Output>
    </UnitTestResult>
    <UnitTestResult executionId="53da51ad-e2e7-4ea3-b661-f6aae8815e0b" testId="3314ec9c-72e7-6da7-1a09-1b5bbe85a6ac" testName="US33295_10_AppointmentLiteProviderInformationTest_Negative_BlankApptId" computerName="YFANN-PC" duration="00:00:00.1203277" startTime="2016-07-26T14:48:50.0178408+08:00" endTime="2016-07-26T14:48:50.1388477+08:00" testType="13cdc9d9-ddb5-4fa4-a97d-d965ccfc6d4b" outcome="Passed" testListId="8c84fa94-04c1-424b-9868-57a2d4851a1d" relativeResultsDirectory="53da51ad-e2e7-4ea3-b661-f6aae8815e0b">
      <Output>
        <StdOut>16351</StdOut>
      </Output>
    </UnitTestResult>
    <UnitTestResult executionId="2c881974-b39c-4f21-9a76-03575eb04efa" testId="2d6b382d-bb95-4be1-d5f9-94b47bceaa79" testName="AppointmentLiteWith_ValidAppointmentTreatmentID" computerName="YFANN-PC" duration="00:00:00.0559107" startTime="2016-07-26T14:48:50.1398478+08:00" endTime="2016-07-26T14:48:50.2788557+08:00" testType="13cdc9d9-ddb5-4fa4-a97d-d965ccfc6d4b" outcome="Passed" testListId="8c84fa94-04c1-424b-9868-57a2d4851a1d" relativeResultsDirectory="2c881974-b39c-4f21-9a76-03575eb04efa" />
    <UnitTestResult executionId="37ff00ff-ecdf-4691-af7e-4ae5ecc9a1ee" testId="5152f662-8e87-6137-437b-94c3d3ae3f38" testName="AppointmentLiteWith_NoAppointmentTreatmentID" computerName="YFANN-PC" duration="00:00:00.0358597" startTime="2016-07-26T14:48:50.2798558+08:00" endTime="2016-07-26T14:48:50.3158579+08:00" testType="13cdc9d9-ddb5-4fa4-a97d-d965ccfc6d4b" outcome="Passed" testListId="8c84fa94-04c1-424b-9868-57a2d4851a1d" relativeResultsDirectory="37ff00ff-ecdf-4691-af7e-4ae5ecc9a1ee" />
    <UnitTestResult executionId="49dc7408-b70c-41a5-8558-a295c0a19ad8" testId="b4f9864b-6db8-02a1-ef32-bf20d0be566f" testName="AppointmentLiteWith_InvalidAppointmentTreatmentID" computerName="YFANN-PC" duration="00:00:00.0381529" startTime="2016-07-26T14:48:50.3168579+08:00" endTime="2016-07-26T14:48:50.3558601+08:00" testType="13cdc9d9-ddb5-4fa4-a97d-d965ccfc6d4b" outcome="Passed" testListId="8c84fa94-04c1-424b-9868-57a2d4851a1d" relativeResultsDirectory="49dc7408-b70c-41a5-8558-a295c0a19ad8" />
    <UnitTestResult executionId="3b7f1d1b-c580-4acf-b8b4-da644ef0545d" testId="8a6bdfca-4705-bd56-0d39-48139438e7cf" testName="LastAppointmentWith_ValidAppointmentTreatmentID" computerName="YFANN-PC" duration="00:00:00.1949408" startTime="2016-07-26T14:48:50.3558601+08:00" endTime="2016-07-26T14:48:50.5518714+08:00" testType="13cdc9d9-ddb5-4fa4-a97d-d965ccfc6d4b" outcome="Failed" testListId="8c84fa94-04c1-424b-9868-57a2d4851a1d" relativeResultsDirectory="3b7f1d1b-c580-4acf-b8b4-da644ef0545d">
      <Output>
        <ErrorInfo>
          <Message>Test method CSD.OnlineDPMS.WebApi.Tests.Tests.AppointmentTreatmentDescriptionTests.LastAppointmentWith_ValidAppointmentTreatmentID threw exception: 
System.NullReferenceException: Object reference not set to an instance of an object.</Message>
          <StackTrace>    at CSD.OnlineDPMS.WebApi.Tests.Tests.AppointmentTreatmentDescriptionTests.LastAppointmentWith_ValidAppointmentTreatmentID() in D:\GitSpace\phoenix\applications\ccenter-html\NextGen\SourceCode\OnlineDPMS\CSD.OnlineDPMS.WebApi.Tests\Tests\AppointmentTreatmentDescriptionTests.cs:line 161
</StackTrace>
        </ErrorInfo>
      </Output>
    </UnitTestResult>
    <UnitTestResult executionId="394d07ee-e640-4594-bc5d-e16f606f5f31" testId="3d758e17-0dc5-74e9-bb00-46933baa34b8" testName="LastAppointmentWith_NoAppointmentTreatmentID" computerName="YFANN-PC" duration="00:00:00.0643119" startTime="2016-07-26T14:48:50.5528714+08:00" endTime="2016-07-26T14:48:50.6178751+08:00" testType="13cdc9d9-ddb5-4fa4-a97d-d965ccfc6d4b" outcome="Passed" testListId="8c84fa94-04c1-424b-9868-57a2d4851a1d" relativeResultsDirectory="394d07ee-e640-4594-bc5d-e16f606f5f31" />
    <UnitTestResult executionId="56a6c35e-810f-4964-af9c-36a2dd09b4ae" testId="03c62224-0675-c90b-dbf3-e7ae30df2b84" testName="LastAppointmentWith_InvalidAppointmentTreatmentID" computerName="YFANN-PC" duration="00:00:00.0584840" startTime="2016-07-26T14:48:50.6188752+08:00" endTime="2016-07-26T14:48:50.6778786+08:00" testType="13cdc9d9-ddb5-4fa4-a97d-d965ccfc6d4b" outcome="Passed" testListId="8c84fa94-04c1-424b-9868-57a2d4851a1d" relativeResultsDirectory="56a6c35e-810f-4964-af9c-36a2dd09b4ae" />
    <UnitTestResult executionId="0206596e-14f5-437a-87ec-436c69b9b2da" testId="599870ad-7f57-aa4e-e1d6-95311a034d4e" testName="NextAppointmentWith_ValidAppointmentTreatmentID" computerName="YFANN-PC" duration="00:00:00.0695262" startTime="2016-07-26T14:48:50.6778786+08:00" endTime="2016-07-26T14:48:50.7478826+08:00" testType="13cdc9d9-ddb5-4fa4-a97d-d965ccfc6d4b" outcome="Failed" testListId="8c84fa94-04c1-424b-9868-57a2d4851a1d" relativeResultsDirectory="0206596e-14f5-437a-87ec-436c69b9b2da">
      <Output>
        <ErrorInfo>
          <Message>Test method CSD.OnlineDPMS.WebApi.Tests.Tests.AppointmentTreatmentDescriptionTests.NextAppointmentWith_ValidAppointmentTreatmentID threw exception: 
System.NullReferenceException: Object reference not set to an instance of an object.</Message>
          <StackTrace>    at CSD.OnlineDPMS.WebApi.Tests.Tests.AppointmentTreatmentDescriptionTests.NextAppointmentWith_ValidAppointmentTreatmentID() in D:\GitSpace\phoenix\applications\ccenter-html\NextGen\SourceCode\OnlineDPMS\CSD.OnlineDPMS.WebApi.Tests\Tests\AppointmentTreatmentDescriptionTests.cs:line 225
</StackTrace>
        </ErrorInfo>
      </Output>
    </UnitTestResult>
    <UnitTestResult executionId="172198ec-424f-437a-b2c1-541c309935b9" testId="8239410f-ea1f-abb2-190c-fbf8bac8b3e8" testName="FindPatientsTest" computerName="YFANN-PC" duration="00:00:04.4299770" startTime="2016-07-26T14:48:50.7488826+08:00" endTime="2016-07-26T14:48:55.1801361+08:00" testType="13cdc9d9-ddb5-4fa4-a97d-d965ccfc6d4b" outcome="Passed" testListId="8c84fa94-04c1-424b-9868-57a2d4851a1d" relativeResultsDirectory="172198ec-424f-437a-b2c1-541c309935b9" />
    <UnitTestResult executionId="79827173-69fa-4483-b8f4-b8698667c3d3" testId="38fd6c04-28b9-6ccc-ec94-527f594da22e" testName="RebookAppointmentTest" computerName="YFANN-PC" duration="00:00:00.0001617" startTime="2016-07-26T14:48:55.1811361+08:00" endTime="2016-07-26T14:48:55.1821362+08:00" testType="13cdc9d9-ddb5-4fa4-a97d-d965ccfc6d4b" outcome="Passed" testListId="8c84fa94-04c1-424b-9868-57a2d4851a1d" relativeResultsDirectory="79827173-69fa-4483-b8f4-b8698667c3d3" />
    <UnitTestResult executionId="5970cd9c-a1d1-4c58-9064-f0ffe976289d" testId="a9a77cd5-3bf2-ffd8-6b55-1fe9cd15fa82" testName="LookupAddressTest" computerName="YFANN-PC" duration="00:00:00.0043192" startTime="2016-07-26T14:48:55.1821362+08:00" endTime="2016-07-26T14:48:55.1871365+08:00" testType="13cdc9d9-ddb5-4fa4-a97d-d965ccfc6d4b" outcome="Passed" testListId="8c84fa94-04c1-424b-9868-57a2d4851a1d" relativeResultsDirectory="5970cd9c-a1d1-4c58-9064-f0ffe976289d" />
    <UnitTestResult executionId="d3506205-591a-4397-a769-f42b84de2558" testId="84ea08a1-edc3-db73-9858-5d1f8941d09b" testName="ReminderTest" computerName="YFANN-PC" duration="00:00:00.0001829" startTime="2016-07-26T14:48:55.1881365+08:00" endTime="2016-07-26T14:48:55.1891366+08:00" testType="13cdc9d9-ddb5-4fa4-a97d-d965ccfc6d4b" outcome="Passed" testListId="8c84fa94-04c1-424b-9868-57a2d4851a1d" relativeResultsDirectory="d3506205-591a-4397-a769-f42b84de2558" />
    <UnitTestResult executionId="96c786ea-a8c4-48bf-b2d1-bc1a3491b64c" testId="d47c326d-4f3d-0e4d-f746-24392cf11f97" testName="RegistrationConfirmationTest" computerName="YFANN-PC" duration="00:00:00.0001439" startTime="2016-07-26T14:48:55.1901366+08:00" endTime="2016-07-26T14:48:55.1901366+08:00" testType="13cdc9d9-ddb5-4fa4-a97d-d965ccfc6d4b" outcome="Passed" testListId="8c84fa94-04c1-424b-9868-57a2d4851a1d" relativeResultsDirectory="96c786ea-a8c4-48bf-b2d1-bc1a3491b64c" />
    <UnitTestResult executionId="795231f1-3fe8-4130-a503-350b05b727a5" testId="dd2d90ad-8c26-f00c-abc6-8b2447260769" testName="PatientregistrationsTest" computerName="YFANN-PC" duration="00:00:00.0001463" startTime="2016-07-26T14:48:55.1911367+08:00" endTime="2016-07-26T14:48:55.1911367+08:00" testType="13cdc9d9-ddb5-4fa4-a97d-d965ccfc6d4b" outcome="Passed" testListId="8c84fa94-04c1-424b-9868-57a2d4851a1d" relativeResultsDirectory="795231f1-3fe8-4130-a503-350b05b727a5" />
    <UnitTestResult executionId="ab927b9a-cec7-468f-83ad-92b9b1c45550" testId="3630d141-54f3-dfdb-592d-acd71b2ad6be" testName="PatientmessagesTest" computerName="YFANN-PC" duration="00:00:00.0001276" startTime="2016-07-26T14:48:55.1921368+08:00" endTime="2016-07-26T14:48:55.1921368+08:00" testType="13cdc9d9-ddb5-4fa4-a97d-d965ccfc6d4b" outcome="Passed" testListId="8c84fa94-04c1-424b-9868-57a2d4851a1d" relativeResultsDirectory="ab927b9a-cec7-468f-83ad-92b9b1c45550" />
    <UnitTestResult executionId="931c42c9-6300-464b-90f1-4ccb8048d513" testId="b44f5766-8780-fa54-bdcf-8b901e40ce45" testName="ConfirmAppointmentTest" computerName="YFANN-PC" duration="00:00:00.0001756" startTime="2016-07-26T14:48:55.2001372+08:00" endTime="2016-07-26T14:48:55.2011373+08:00" testType="13cdc9d9-ddb5-4fa4-a97d-d965ccfc6d4b" outcome="Passed" testListId="8c84fa94-04c1-424b-9868-57a2d4851a1d" relativeResultsDirectory="931c42c9-6300-464b-90f1-4ccb8048d513" />
    <UnitTestResult executionId="223e9ef4-4801-4ccf-9427-58e675d2e2ad" testId="281ca1da-007f-4547-dd94-650f2b1a2f28" testName="ContactpreferencesTest" computerName="YFANN-PC" duration="00:00:00.0001379" startTime="2016-07-26T14:48:55.2011373+08:00" endTime="2016-07-26T14:48:55.2021373+08:00" testType="13cdc9d9-ddb5-4fa4-a97d-d965ccfc6d4b" outcome="Passed" testListId="8c84fa94-04c1-424b-9868-57a2d4851a1d" relativeResultsDirectory="223e9ef4-4801-4ccf-9427-58e675d2e2ad" />
    <UnitTestResult executionId="6cdeb04b-25ab-4d6a-b97a-326bb5acceac" testId="cacd0231-11cd-8337-519a-7545e7891cee" testName="PraticePriorityTest" computerName="YFANN-PC" duration="00:00:00.0001491" startTime="2016-07-26T14:48:55.2031374+08:00" endTime="2016-07-26T14:48:55.2031374+08:00" testType="13cdc9d9-ddb5-4fa4-a97d-d965ccfc6d4b" outcome="Passed" testListId="8c84fa94-04c1-424b-9868-57a2d4851a1d" relativeResultsDirectory="6cdeb04b-25ab-4d6a-b97a-326bb5acceac" />
    <UnitTestResult executionId="b6a5e10c-459f-4140-82db-2c929405c5f7" testId="b7900cdd-b411-f50e-4fc0-d6a55a3d89f9" testName="AppointmentsCancelTest" computerName="YFANN-PC" duration="00:00:00.0001297" startTime="2016-07-26T14:48:55.2041375+08:00" endTime="2016-07-26T14:48:55.2041375+08:00" testType="13cdc9d9-ddb5-4fa4-a97d-d965ccfc6d4b" outcome="Passed" testListId="8c84fa94-04c1-424b-9868-57a2d4851a1d" relativeResultsDirectory="b6a5e10c-459f-4140-82db-2c929405c5f7" />
    <UnitTestResult executionId="c3162aac-dfc6-4297-a93e-c70536c6cba9" testId="96b8ff42-e25e-b4fb-efaf-6e41e3ae7790" testName="AppointmentsReminderTest" computerName="YFANN-PC" duration="00:00:00.0001494" startTime="2016-07-26T14:48:55.2051375+08:00" endTime="2016-07-26T14:48:55.2051375+08:00" testType="13cdc9d9-ddb5-4fa4-a97d-d965ccfc6d4b" outcome="Passed" testListId="8c84fa94-04c1-424b-9868-57a2d4851a1d" relativeResultsDirectory="c3162aac-dfc6-4297-a93e-c70536c6cba9" />
    <UnitTestResult executionId="e29f20b2-b9db-431e-ba6f-2c238a6e833e" testId="78e126ba-f849-df66-478e-3c511604f08a" testName="US33329_01_GetIndividualNoteTest_Positive_GetNoteWithoutNoteLog" computerName="YFANN-PC" duration="00:00:00.0328937" startTime="2016-07-26T14:48:55.2061376+08:00" endTime="2016-07-26T14:48:55.2391395+08:00" testType="13cdc9d9-ddb5-4fa4-a97d-d965ccfc6d4b" outcome="Passed" testListId="8c84fa94-04c1-424b-9868-57a2d4851a1d" relativeResultsDirectory="e29f20b2-b9db-431e-ba6f-2c238a6e833e">
      <Output>
        <StdOut>16206</StdOut>
      </Output>
    </UnitTestResult>
    <UnitTestResult executionId="aef0d788-0e62-4a3e-b7e3-4e1a103b19f4" testId="c56a50f7-88aa-90ea-e052-0a91b4d2025b" testName="US33329_02_GetIndividualNoteTest_Positive_GetNoteWith2NoteLog" computerName="YFANN-PC" duration="00:00:00.0325556" startTime="2016-07-26T14:48:55.2401395+08:00" endTime="2016-07-26T14:48:55.2731414+08:00" testType="13cdc9d9-ddb5-4fa4-a97d-d965ccfc6d4b" outcome="Passed" testListId="8c84fa94-04c1-424b-9868-57a2d4851a1d" relativeResultsDirectory="aef0d788-0e62-4a3e-b7e3-4e1a103b19f4">
      <Output>
        <StdOut>16207</StdOut>
      </Output>
    </UnitTestResult>
    <UnitTestResult executionId="d3a4c127-ea34-47be-919f-bd69b4c7be95" testId="73030d84-89e5-8868-99ea-889c78312847" testName="US33329_03_GetIndividualNoteTest_Negative_UseNonExistentNoteId" computerName="YFANN-PC" duration="00:00:00.0092865" startTime="2016-07-26T14:48:55.2741415+08:00" endTime="2016-07-26T14:48:55.2841420+08:00" testType="13cdc9d9-ddb5-4fa4-a97d-d965ccfc6d4b" outcome="Passed" testListId="8c84fa94-04c1-424b-9868-57a2d4851a1d" relativeResultsDirectory="d3a4c127-ea34-47be-919f-bd69b4c7be95">
      <Output>
        <StdOut>16210</StdOut>
      </Output>
    </UnitTestResult>
    <UnitTestResult executionId="fc456689-d60d-43bb-9aa6-5574826652e7" testId="947d06a8-e6d9-c8e9-5821-1cf36b737679" testName="US33329_04_GetIndividualNoteTest_Negative_UseBadFormatNoteId" computerName="YFANN-PC" duration="00:00:00.0079140" startTime="2016-07-26T14:48:55.2851421+08:00" endTime="2016-07-26T14:48:55.2931425+08:00" testType="13cdc9d9-ddb5-4fa4-a97d-d965ccfc6d4b" outcome="Passed" testListId="8c84fa94-04c1-424b-9868-57a2d4851a1d" relativeResultsDirectory="fc456689-d60d-43bb-9aa6-5574826652e7">
      <Output>
        <StdOut>16209</StdOut>
      </Output>
    </UnitTestResult>
    <UnitTestResult executionId="2e240203-7632-4299-b790-13b8a3233b7f" testId="f2f13d27-eda4-5384-8a81-ae82eb931df5" testName="US33329_05_GetIndividualNoteTest_Negative_UseBlankNoteId" computerName="YFANN-PC" duration="00:00:00.0031540" startTime="2016-07-26T14:48:55.2941426+08:00" endTime="2016-07-26T14:48:55.2971428+08:00" testType="13cdc9d9-ddb5-4fa4-a97d-d965ccfc6d4b" outcome="Passed" testListId="8c84fa94-04c1-424b-9868-57a2d4851a1d" relativeResultsDirectory="2e240203-7632-4299-b790-13b8a3233b7f">
      <Output>
        <StdOut>16208</StdOut>
      </Output>
    </UnitTestResult>
    <UnitTestResult executionId="07004ed8-7425-49e6-aa5e-d732f34c5cb7" testId="3b6ba934-7a37-abaa-4065-ee090d2db8da" testName="ApptsForTodayAll_Scheduled" computerName="YFANN-PC" duration="00:00:00.0669676" startTime="2016-07-26T14:48:55.2981428+08:00" endTime="2016-07-26T14:48:55.3751472+08:00" testType="13cdc9d9-ddb5-4fa4-a97d-d965ccfc6d4b" outcome="Failed" testListId="8c84fa94-04c1-424b-9868-57a2d4851a1d" relativeResultsDirectory="07004ed8-7425-49e6-aa5e-d732f34c5cb7">
      <Output>
        <ErrorInfo>
          <Message>Test method CSD.OnlineDPMS.WebApi.Tests.Tests.ClinicalChartingTodayapptsAllTest.ApptsForTodayAll_Scheduled threw exception: 
System.Net.Http.UnsupportedMediaTypeException: No MediaTypeFormatter is available to read an object of type 'IEnumerable`1' from content with media type 'text/html'.</Message>
          <StackTrace>    at System.Net.Http.HttpContentExtensions.ReadAsAsync[T](HttpContent content, Type type, IEnumerable`1 formatters, IFormatterLogger formatterLogger, CancellationToken cancellationToken)
   at System.Net.Http.HttpContentExtensions.ReadAsAsync[T](HttpContent content, Type type, IEnumerable`1 formatters, IFormatterLogger formatterLogger)
   at System.Net.Http.HttpContentExtensions.ReadAsAsync[T](HttpContent content, IEnumerable`1 formatters)
   at System.Net.Http.HttpContentExtensions.ReadAsAsync[T](HttpContent content)
   at CSD.OnlineDPMS.WebApi.Tests.Tests.ClinicalChartingTodayapptsAllTest.ApptsForTodayAll_Scheduled() in D:\GitSpace\phoenix\applications\ccenter-html\NextGen\SourceCode\OnlineDPMS\CSD.OnlineDPMS.WebApi.Tests\Tests\ClinicalChartingTodayapptsAllTest.cs:line 71
</StackTrace>
        </ErrorInfo>
      </Output>
    </UnitTestResult>
    <UnitTestResult executionId="90a01f13-6d61-401c-823b-cd6ec68111eb" testId="6eb5254c-36e5-3d9b-521f-8e4660c15d92" testName="ApptsForTodayAll_CheckedIn" computerName="YFANN-PC" duration="00:00:00.0290652" startTime="2016-07-26T14:48:55.3761473+08:00" endTime="2016-07-26T14:48:55.4051489+08:00" testType="13cdc9d9-ddb5-4fa4-a97d-d965ccfc6d4b" outcome="Failed" testListId="8c84fa94-04c1-424b-9868-57a2d4851a1d" relativeResultsDirectory="90a01f13-6d61-401c-823b-cd6ec68111eb">
      <Output>
        <ErrorInfo>
          <Message>Test method CSD.OnlineDPMS.WebApi.Tests.Tests.ClinicalChartingTodayapptsAllTest.ApptsForTodayAll_CheckedIn threw exception: 
System.Net.Http.UnsupportedMediaTypeException: No MediaTypeFormatter is available to read an object of type 'IEnumerable`1' from content with media type 'text/html'.</Message>
          <StackTrace>    at System.Net.Http.HttpContentExtensions.ReadAsAsync[T](HttpContent content, Type type, IEnumerable`1 formatters, IFormatterLogger formatterLogger, CancellationToken cancellationToken)
   at System.Net.Http.HttpContentExtensions.ReadAsAsync[T](HttpContent content, Type type, IEnumerable`1 formatters, IFormatterLogger formatterLogger)
   at System.Net.Http.HttpContentExtensions.ReadAsAsync[T](HttpContent content, IEnumerable`1 formatters)
   at System.Net.Http.HttpContentExtensions.ReadAsAsync[T](HttpContent content)
   at CSD.OnlineDPMS.WebApi.Tests.Tests.ClinicalChartingTodayapptsAllTest.ApptsForTodayAll_CheckedIn() in D:\GitSpace\phoenix\applications\ccenter-html\NextGen\SourceCode\OnlineDPMS\CSD.OnlineDPMS.WebApi.Tests\Tests\ClinicalChartingTodayapptsAllTest.cs:line 94
</StackTrace>
        </ErrorInfo>
      </Output>
    </UnitTestResult>
    <UnitTestResult executionId="56e0245f-2f95-4b68-9772-1dfaeaf13df1" testId="3a8aba41-5d3c-241e-3536-448f299b0b2d" testName="ApptsForTodayAll_IsSeated" computerName="YFANN-PC" duration="00:00:00.0277769" startTime="2016-07-26T14:48:55.4061490+08:00" endTime="2016-07-26T14:48:55.4341506+08:00" testType="13cdc9d9-ddb5-4fa4-a97d-d965ccfc6d4b" outcome="Failed" testListId="8c84fa94-04c1-424b-9868-57a2d4851a1d" relativeResultsDirectory="56e0245f-2f95-4b68-9772-1dfaeaf13df1">
      <Output>
        <ErrorInfo>
          <Message>Test method CSD.OnlineDPMS.WebApi.Tests.Tests.ClinicalChartingTodayapptsAllTest.ApptsForTodayAll_IsSeated threw exception: 
System.Net.Http.UnsupportedMediaTypeException: No MediaTypeFormatter is available to read an object of type 'IEnumerable`1' from content with media type 'text/html'.</Message>
          <StackTrace>    at System.Net.Http.HttpContentExtensions.ReadAsAsync[T](HttpContent content, Type type, IEnumerable`1 formatters, IFormatterLogger formatterLogger, CancellationToken cancellationToken)
   at System.Net.Http.HttpContentExtensions.ReadAsAsync[T](HttpContent content, Type type, IEnumerable`1 formatters, IFormatterLogger formatterLogger)
   at System.Net.Http.HttpContentExtensions.ReadAsAsync[T](HttpContent content, IEnumerable`1 formatters)
   at System.Net.Http.HttpContentExtensions.ReadAsAsync[T](HttpContent content)
   at CSD.OnlineDPMS.WebApi.Tests.Tests.ClinicalChartingTodayapptsAllTest.ApptsForTodayAll_IsSeated() in D:\GitSpace\phoenix\applications\ccenter-html\NextGen\SourceCode\OnlineDPMS\CSD.OnlineDPMS.WebApi.Tests\Tests\ClinicalChartingTodayapptsAllTest.cs:line 114
</StackTrace>
        </ErrorInfo>
      </Output>
    </UnitTestResult>
    <UnitTestResult executionId="ebce34ef-5a70-43e7-ba00-bcfcbf7469c9" testId="fdc922ae-7906-2edd-bd8b-4bf8268e9cef" testName="ApptsForTodayAll_CancelledOnly" computerName="YFANN-PC" duration="00:00:00.0274868" startTime="2016-07-26T14:48:55.4351507+08:00" endTime="2016-07-26T14:48:55.4631523+08:00" testType="13cdc9d9-ddb5-4fa4-a97d-d965ccfc6d4b" outcome="Failed" testListId="8c84fa94-04c1-424b-9868-57a2d4851a1d" relativeResultsDirectory="ebce34ef-5a70-43e7-ba00-bcfcbf7469c9">
      <Output>
        <ErrorInfo>
          <Message>Test method CSD.OnlineDPMS.WebApi.Tests.Tests.ClinicalChartingTodayapptsAllTest.ApptsForTodayAll_CancelledOnly threw exception: 
System.Net.Http.UnsupportedMediaTypeException: No MediaTypeFormatter is available to read an object of type 'IEnumerable`1' from content with media type 'text/html'.</Message>
          <StackTrace>    at System.Net.Http.HttpContentExtensions.ReadAsAsync[T](HttpContent content, Type type, IEnumerable`1 formatters, IFormatterLogger formatterLogger, CancellationToken cancellationToken)
   at System.Net.Http.HttpContentExtensions.ReadAsAsync[T](HttpContent content, Type type, IEnumerable`1 formatters, IFormatterLogger formatterLogger)
   at System.Net.Http.HttpContentExtensions.ReadAsAsync[T](HttpContent content, IEnumerable`1 formatters)
   at System.Net.Http.HttpContentExtensions.ReadAsAsync[T](HttpContent content)
   at CSD.OnlineDPMS.WebApi.Tests.Tests.ClinicalChartingTodayapptsAllTest.ApptsForTodayAll_CancelledOnly() in D:\GitSpace\phoenix\applications\ccenter-html\NextGen\SourceCode\OnlineDPMS\CSD.OnlineDPMS.WebApi.Tests\Tests\ClinicalChartingTodayapptsAllTest.cs:line 134
</StackTrace>
        </ErrorInfo>
      </Output>
    </UnitTestResult>
    <UnitTestResult executionId="865453ce-5836-465a-86bd-261858613fcd" testId="181643c7-cabb-df4f-1d4b-dcc80a2e784a" testName="ApptsForTodayAll_CombinationOfStates" computerName="YFANN-PC" duration="00:00:00.0475629" startTime="2016-07-26T14:48:55.4641523+08:00" endTime="2016-07-26T14:48:55.5111550+08:00" testType="13cdc9d9-ddb5-4fa4-a97d-d965ccfc6d4b" outcome="Failed" testListId="8c84fa94-04c1-424b-9868-57a2d4851a1d" relativeResultsDirectory="865453ce-5836-465a-86bd-261858613fcd">
      <Output>
        <ErrorInfo>
          <Message>Test method CSD.OnlineDPMS.WebApi.Tests.Tests.ClinicalChartingTodayapptsAllTest.ApptsForTodayAll_CombinationOfStates threw exception: 
System.Net.Http.UnsupportedMediaTypeException: No MediaTypeFormatter is available to read an object of type 'IEnumerable`1' from content with media type 'text/html'.</Message>
          <StackTrace>    at System.Net.Http.HttpContentExtensions.ReadAsAsync[T](HttpContent content, Type type, IEnumerable`1 formatters, IFormatterLogger formatterLogger, CancellationToken cancellationToken)
   at System.Net.Http.HttpContentExtensions.ReadAsAsync[T](HttpContent content, Type type, IEnumerable`1 formatters, IFormatterLogger formatterLogger)
   at System.Net.Http.HttpContentExtensions.ReadAsAsync[T](HttpContent content, IEnumerable`1 formatters)
   at System.Net.Http.HttpContentExtensions.ReadAsAsync[T](HttpContent content)
   at CSD.OnlineDPMS.WebApi.Tests.Tests.ClinicalChartingTodayapptsAllTest.ApptsForTodayAll_CombinationOfStates() in D:\GitSpace\phoenix\applications\ccenter-html\NextGen\SourceCode\OnlineDPMS\CSD.OnlineDPMS.WebApi.Tests\Tests\ClinicalChartingTodayapptsAllTest.cs:line 166
</StackTrace>
        </ErrorInfo>
      </Output>
    </UnitTestResult>
    <UnitTestResult executionId="1cdb38a1-c04e-4450-8cd1-9742f152e0ca" testId="2b1bdf68-05db-1000-8d83-1c40da286bfa" testName="ApptsForTodayAll_InvalidOfficeID" computerName="YFANN-PC" duration="00:00:00.0333000" startTime="2016-07-26T14:48:55.5121551+08:00" endTime="2016-07-26T14:48:55.5461570+08:00" testType="13cdc9d9-ddb5-4fa4-a97d-d965ccfc6d4b" outcome="Failed" testListId="8c84fa94-04c1-424b-9868-57a2d4851a1d" relativeResultsDirectory="1cdb38a1-c04e-4450-8cd1-9742f152e0ca">
      <Output>
        <ErrorInfo>
          <Message>Test method CSD.OnlineDPMS.WebApi.Tests.Tests.ClinicalChartingTodayapptsAllTest.ApptsForTodayAll_InvalidOfficeID threw exception: 
System.Net.Http.UnsupportedMediaTypeException: No MediaTypeFormatter is available to read an object of type 'IEnumerable`1' from content with media type 'text/html'.</Message>
          <StackTrace>    at System.Net.Http.HttpContentExtensions.ReadAsAsync[T](HttpContent content, Type type, IEnumerable`1 formatters, IFormatterLogger formatterLogger, CancellationToken cancellationToken)
   at System.Net.Http.HttpContentExtensions.ReadAsAsync[T](HttpContent content, Type type, IEnumerable`1 formatters, IFormatterLogger formatterLogger)
   at System.Net.Http.HttpContentExtensions.ReadAsAsync[T](HttpContent content, IEnumerable`1 formatters)
   at System.Net.Http.HttpContentExtensions.ReadAsAsync[T](HttpContent content)
   at CSD.OnlineDPMS.WebApi.Tests.Tests.ClinicalChartingTodayapptsAllTest.ApptsForTodayAll_InvalidOfficeID() in D:\GitSpace\phoenix\applications\ccenter-html\NextGen\SourceCode\OnlineDPMS\CSD.OnlineDPMS.WebApi.Tests\Tests\ClinicalChartingTodayapptsAllTest.cs:line 193
</StackTrace>
        </ErrorInfo>
      </Output>
    </UnitTestResult>
    <UnitTestResult executionId="bdf94831-c12d-4190-bd34-16029aeab346" testId="37e19197-af50-aeef-24b1-e2cd8954969f" testName="NextLastAppointment_TransactionCodeDescriptionPopulated" computerName="YFANN-PC" duration="00:00:00.2053361" startTime="2016-07-26T14:48:55.5471571+08:00" endTime="2016-07-26T14:48:55.7531689+08:00" testType="13cdc9d9-ddb5-4fa4-a97d-d965ccfc6d4b" outcome="Failed" testListId="8c84fa94-04c1-424b-9868-57a2d4851a1d" relativeResultsDirectory="bdf94831-c12d-4190-bd34-16029aeab346">
      <Output>
        <ErrorInfo>
          <Message>Test method CSD.OnlineDPMS.WebApi.Tests.Tests.NextAndLastApptProcedureDescriptionDefect26706.NextLastAppointment_TransactionCodeDescriptionPopulated threw exception: 
System.NullReferenceException: Object reference not set to an instance of an object.</Message>
          <StackTrace>    at CSD.OnlineDPMS.WebApi.Tests.Tests.NextAndLastApptProcedureDescriptionDefect26706.NextLastAppointment_TransactionCodeDescriptionPopulated() in D:\GitSpace\phoenix\applications\ccenter-html\NextGen\SourceCode\OnlineDPMS\CSD.OnlineDPMS.WebApi.Tests\Tests\NextAndLastAppt_ProcedureDescription_DE26706.cs:line 68
</StackTrace>
        </ErrorInfo>
      </Output>
    </UnitTestResult>
    <UnitTestResult executionId="0d3ba89d-7651-4048-9ca3-c7a42835daa2" testId="4e145d25-3e06-a9f2-014b-90e025d31a84" testName="NextLastAppointment_TransactionCodeDescriptionNotPopulated" computerName="YFANN-PC" duration="00:00:00.1118912" startTime="2016-07-26T14:48:55.7541689+08:00" endTime="2016-07-26T14:48:55.8661753+08:00" testType="13cdc9d9-ddb5-4fa4-a97d-d965ccfc6d4b" outcome="Failed" testListId="8c84fa94-04c1-424b-9868-57a2d4851a1d" relativeResultsDirectory="0d3ba89d-7651-4048-9ca3-c7a42835daa2">
      <Output>
        <ErrorInfo>
          <Message>Test method CSD.OnlineDPMS.WebApi.Tests.Tests.NextAndLastApptProcedureDescriptionDefect26706.NextLastAppointment_TransactionCodeDescriptionNotPopulated threw exception: 
System.NullReferenceException: Object reference not set to an instance of an object.</Message>
          <StackTrace>    at CSD.OnlineDPMS.WebApi.Tests.Tests.NextAndLastApptProcedureDescriptionDefect26706.NextLastAppointment_TransactionCodeDescriptionNotPopulated() in D:\GitSpace\phoenix\applications\ccenter-html\NextGen\SourceCode\OnlineDPMS\CSD.OnlineDPMS.WebApi.Tests\Tests\NextAndLastAppt_ProcedureDescription_DE26706.cs:line 100
</StackTrace>
        </ErrorInfo>
      </Output>
    </UnitTestResult>
    <UnitTestResult executionId="f08ec78a-044f-4da1-9463-caa8958455ec" testId="9890d221-3a3d-92c6-97be-430b07f4314d" testName="NextLastAppointment_TransactionCodeDescriptionNullPopulated" computerName="YFANN-PC" duration="00:00:00.0974797" startTime="2016-07-26T14:48:55.8671754+08:00" endTime="2016-07-26T14:48:55.9651810+08:00" testType="13cdc9d9-ddb5-4fa4-a97d-d965ccfc6d4b" outcome="Passed" testListId="8c84fa94-04c1-424b-9868-57a2d4851a1d" relativeResultsDirectory="f08ec78a-044f-4da1-9463-caa8958455ec" />
    <UnitTestResult executionId="014dcccf-7d80-42c3-a19b-ad32384ab371" testId="5db62c5f-8bba-ecf2-0592-d1f0f49371b3" testName="US33291_01_NextAppointmentTest_Positive_OnePastAppointmentInSystem" computerName="YFANN-PC" duration="00:00:00.0645054" startTime="2016-07-26T14:48:55.9661810+08:00" endTime="2016-07-26T14:48:56.0311848+08:00" testType="13cdc9d9-ddb5-4fa4-a97d-d965ccfc6d4b" outcome="Passed" testListId="8c84fa94-04c1-424b-9868-57a2d4851a1d" relativeResultsDirectory="014dcccf-7d80-42c3-a19b-ad32384ab371">
      <Output>
        <StdOut>16191</StdOut>
      </Output>
    </UnitTestResult>
    <UnitTestResult executionId="41e7ff3b-d227-4fab-8fcf-8ffcb8829fe8" testId="5dff621a-e64e-9dfd-307d-6aff24b6c974" testName="US33291_02_NextAppointmentTest_Positive_MoreThan2PastAppointmentsAnd0FutureAppointment" computerName="YFANN-PC" duration="00:00:00.0538919" startTime="2016-07-26T14:48:56.0321848+08:00" endTime="2016-07-26T14:48:56.0871880+08:00" testType="13cdc9d9-ddb5-4fa4-a97d-d965ccfc6d4b" outcome="Passed" testListId="8c84fa94-04c1-424b-9868-57a2d4851a1d" relativeResultsDirectory="41e7ff3b-d227-4fab-8fcf-8ffcb8829fe8">
      <Output>
        <StdOut>16195</StdOut>
      </Output>
    </UnitTestResult>
    <UnitTestResult executionId="e48a2ee7-8cda-4f8c-81ea-a1f05897c324" testId="5f2b6763-c0f2-3412-f8ac-48d0201481b7" testName="US33291_03_NextAppointmentTest_Positive_NoAppointmentsInSystem" computerName="YFANN-PC" duration="00:00:00.1149109" startTime="2016-07-26T14:48:56.0871880+08:00" endTime="2016-07-26T14:48:56.2031946+08:00" testType="13cdc9d9-ddb5-4fa4-a97d-d965ccfc6d4b" outcome="Passed" testListId="8c84fa94-04c1-424b-9868-57a2d4851a1d" relativeResultsDirectory="e48a2ee7-8cda-4f8c-81ea-a1f05897c324">
      <Output>
        <StdOut>16190</StdOut>
      </Output>
    </UnitTestResult>
    <UnitTestResult executionId="2dae96a0-51d6-459d-aee7-9301d94ed5a5" testId="fb370eb8-8dc9-2663-5cb7-30bb05bb9cc1" testName="US33291_04_NextAppointmentTest_Positive_ComplexCondition" computerName="YFANN-PC" duration="00:00:00.0570955" startTime="2016-07-26T14:48:56.2041947+08:00" endTime="2016-07-26T14:48:56.2611979+08:00" testType="13cdc9d9-ddb5-4fa4-a97d-d965ccfc6d4b" outcome="Passed" testListId="8c84fa94-04c1-424b-9868-57a2d4851a1d" relativeResultsDirectory="2dae96a0-51d6-459d-aee7-9301d94ed5a5">
      <Output>
        <StdOut>16198</StdOut>
      </Output>
    </UnitTestResult>
    <UnitTestResult executionId="b6b5efb1-7046-4f82-855d-9d55884c5153" testId="725c9c31-7e28-6a96-29b4-bcbffd29a626" testName="US33291_05_NextAppointmentTest_Negative_PatientGuidIsMalformed" computerName="YFANN-PC" duration="00:00:00.0107698" startTime="2016-07-26T14:48:56.2631980+08:00" endTime="2016-07-26T14:48:56.2741987+08:00" testType="13cdc9d9-ddb5-4fa4-a97d-d965ccfc6d4b" outcome="Passed" testListId="8c84fa94-04c1-424b-9868-57a2d4851a1d" relativeResultsDirectory="b6b5efb1-7046-4f82-855d-9d55884c5153">
      <Output>
        <StdOut>16200</StdOut>
      </Output>
    </UnitTestResult>
    <UnitTestResult executionId="8a4a130b-1c44-4335-bd5b-b39c9e733e76" testId="ff61890e-9b78-f48e-6aac-e3afd468c20b" testName="US33291_06_NextAppointmentTest_Negative_PatientGuidIsMissing" computerName="YFANN-PC" duration="00:00:00.0033264" startTime="2016-07-26T14:48:56.2751987+08:00" endTime="2016-07-26T14:48:56.2791989+08:00" testType="13cdc9d9-ddb5-4fa4-a97d-d965ccfc6d4b" outcome="Passed" testListId="8c84fa94-04c1-424b-9868-57a2d4851a1d" relativeResultsDirectory="8a4a130b-1c44-4335-bd5b-b39c9e733e76">
      <Output>
        <StdOut>16201</StdOut>
      </Output>
    </UnitTestResult>
    <UnitTestResult executionId="dbda8b2e-77b7-4344-af5a-98914dff441b" testId="2f95b072-808e-d585-49d5-6d84cb8ab1d5" testName="US33291_07_NextAppointmentTest_Negative_PatientGuidIsNull" computerName="YFANN-PC" duration="00:00:00.0079164" startTime="2016-07-26T14:48:56.2801990+08:00" endTime="2016-07-26T14:48:56.2881995+08:00" testType="13cdc9d9-ddb5-4fa4-a97d-d965ccfc6d4b" outcome="Passed" testListId="8c84fa94-04c1-424b-9868-57a2d4851a1d" relativeResultsDirectory="dbda8b2e-77b7-4344-af5a-98914dff441b">
      <Output>
        <StdOut>16202</StdOut>
      </Output>
    </UnitTestResult>
    <UnitTestResult executionId="2d58217d-2b7a-4a47-a94c-dee4446d3344" testId="6f155fa6-efa2-43aa-4403-a1e8a542a4d5" testName="US33291_08_NextAppointmentTest_Negative_PatientGuidIsZero" computerName="YFANN-PC" duration="00:00:00.0170994" startTime="2016-07-26T14:48:56.2891995+08:00" endTime="2016-07-26T14:48:56.3062005+08:00" testType="13cdc9d9-ddb5-4fa4-a97d-d965ccfc6d4b" outcome="Passed" testListId="8c84fa94-04c1-424b-9868-57a2d4851a1d" relativeResultsDirectory="2d58217d-2b7a-4a47-a94c-dee4446d3344">
      <Output>
        <StdOut>16199</StdOut>
      </Output>
    </UnitTestResult>
    <UnitTestResult executionId="8ec0560c-b9b3-42ad-9928-1de78d83498e" testId="539006b5-551b-d3f8-63db-a8545b894621" testName="US33291_09_NextAppointmentTest_Negative_PatientGuidNotExistsInDatabase" computerName="YFANN-PC" duration="00:00:00.0169159" startTime="2016-07-26T14:48:56.3072005+08:00" endTime="2016-07-26T14:48:56.3242015+08:00" testType="13cdc9d9-ddb5-4fa4-a97d-d965ccfc6d4b" outcome="Passed" testListId="8c84fa94-04c1-424b-9868-57a2d4851a1d" relativeResultsDirectory="8ec0560c-b9b3-42ad-9928-1de78d83498e">
      <Output>
        <StdOut>16194</StdOut>
      </Output>
    </UnitTestResult>
    <UnitTestResult executionId="1b93dfff-c757-44a8-ae72-8fbd89ef3fdc" testId="e029eb13-490b-45de-f824-dfb147c6022b" testName="US33292_01_NextAppointmentTest_Positive_ZeroPastAppointmentsAnd2FutureAppointments" computerName="YFANN-PC" duration="00:00:00.0516781" startTime="2016-07-26T14:48:56.3252016+08:00" endTime="2016-07-26T14:48:56.3772045+08:00" testType="13cdc9d9-ddb5-4fa4-a97d-d965ccfc6d4b" outcome="Passed" testListId="8c84fa94-04c1-424b-9868-57a2d4851a1d" relativeResultsDirectory="1b93dfff-c757-44a8-ae72-8fbd89ef3fdc">
      <Output>
        <StdOut>16196</StdOut>
      </Output>
    </UnitTestResult>
    <UnitTestResult executionId="dc94f7e3-e459-4095-b0e8-5f035c09bf8d" testId="4e991f67-f148-3b3e-484b-c392507f1f78" testName="US33292_02_NextAppointmentTest_Positive_1FutureAppointmentsInSystem" computerName="YFANN-PC" duration="00:00:00.0509349" startTime="2016-07-26T14:48:56.3782046+08:00" endTime="2016-07-26T14:48:56.4292075+08:00" testType="13cdc9d9-ddb5-4fa4-a97d-d965ccfc6d4b" outcome="Passed" testListId="8c84fa94-04c1-424b-9868-57a2d4851a1d" relativeResultsDirectory="dc94f7e3-e459-4095-b0e8-5f035c09bf8d">
      <Output>
        <StdOut>16192</StdOut>
      </Output>
    </UnitTestResult>
    <UnitTestResult executionId="fce0f3e7-5c01-4011-a18f-e32a0e7601f5" testId="6aa112f5-170f-508c-fb08-34afcccbac8f" testName="US33292_03_NextAppointmentTest_Positive_1PastAnd1FutureAppointments" computerName="YFANN-PC" duration="00:00:00.0688467" startTime="2016-07-26T14:48:56.4302076+08:00" endTime="2016-07-26T14:48:56.4992115+08:00" testType="13cdc9d9-ddb5-4fa4-a97d-d965ccfc6d4b" outcome="Passed" testListId="8c84fa94-04c1-424b-9868-57a2d4851a1d" relativeResultsDirectory="fce0f3e7-5c01-4011-a18f-e32a0e7601f5">
      <Output>
        <StdOut>16193</StdOut>
      </Output>
    </UnitTestResult>
    <UnitTestResult executionId="2262bb22-d59c-4eaf-b9b6-358403bcd20f" testId="29e47600-9bdd-4499-8664-351572197b5f" testName="US33292_04_NextAppointmentTest_Positive_2PastAnd2FutureAppointments" computerName="YFANN-PC" duration="00:00:00.0730859" startTime="2016-07-26T14:48:56.5002116+08:00" endTime="2016-07-26T14:48:56.5742158+08:00" testType="13cdc9d9-ddb5-4fa4-a97d-d965ccfc6d4b" outcome="Passed" testListId="8c84fa94-04c1-424b-9868-57a2d4851a1d" relativeResultsDirectory="2262bb22-d59c-4eaf-b9b6-358403bcd20f">
      <Output>
        <StdOut>16197</StdOut>
      </Output>
    </UnitTestResult>
    <UnitTestResult executionId="c5206f44-4a80-4752-81e7-4c7473a9c0c4" testId="3d67a280-dd6f-a28c-092b-37c0a86fac66" testName="US33293_01_OfficeByIdTest_Positive_GetActiveOffice" computerName="YFANN-PC" duration="00:00:00.1893332" startTime="2016-07-26T14:48:56.5752159+08:00" endTime="2016-07-26T14:48:56.7652267+08:00" testType="13cdc9d9-ddb5-4fa4-a97d-d965ccfc6d4b" outcome="Passed" testListId="8c84fa94-04c1-424b-9868-57a2d4851a1d" relativeResultsDirectory="c5206f44-4a80-4752-81e7-4c7473a9c0c4">
      <Output>
        <StdOut>16332</StdOut>
      </Output>
    </UnitTestResult>
    <UnitTestResult executionId="c8bda4b8-b97f-41f0-9f68-7e48438108fa" testId="8cf61dcf-1154-07b8-4cc0-36c98c46f274" testName="US33293_02_OfficeByIdTest_Positive_GetInactiveOffice" computerName="YFANN-PC" duration="00:00:00.0997113" startTime="2016-07-26T14:48:56.7662268+08:00" endTime="2016-07-26T14:48:56.8662325+08:00" testType="13cdc9d9-ddb5-4fa4-a97d-d965ccfc6d4b" outcome="Passed" testListId="8c84fa94-04c1-424b-9868-57a2d4851a1d" relativeResultsDirectory="c8bda4b8-b97f-41f0-9f68-7e48438108fa">
      <Output>
        <StdOut>16333</StdOut>
      </Output>
    </UnitTestResult>
    <UnitTestResult executionId="998342d9-b165-4d46-b565-2437b9004b5f" testId="c6d59a57-3cb0-6793-1f0b-5d1cdbf321a2" testName="US33293_03_OfficeByIdTest_Negative_OfficeIdNotExist" computerName="YFANN-PC" duration="00:00:00.0239440" startTime="2016-07-26T14:48:56.8662325+08:00" endTime="2016-07-26T14:48:56.8912339+08:00" testType="13cdc9d9-ddb5-4fa4-a97d-d965ccfc6d4b" outcome="Passed" testListId="8c84fa94-04c1-424b-9868-57a2d4851a1d" relativeResultsDirectory="998342d9-b165-4d46-b565-2437b9004b5f">
      <Output>
        <StdOut>16334</StdOut>
      </Output>
    </UnitTestResult>
    <UnitTestResult executionId="d98f2712-3a2f-48b9-bac2-66a215eb1c2c" testId="4abd14dc-e289-90f6-6c69-da0513d070d1" testName="US33293_04_OfficeByIdTest_Negative_OfficeIdIsMalformed" computerName="YFANN-PC" duration="00:00:00.0083456" startTime="2016-07-26T14:48:56.8922340+08:00" endTime="2016-07-26T14:48:56.9002345+08:00" testType="13cdc9d9-ddb5-4fa4-a97d-d965ccfc6d4b" outcome="Passed" testListId="8c84fa94-04c1-424b-9868-57a2d4851a1d" relativeResultsDirectory="d98f2712-3a2f-48b9-bac2-66a215eb1c2c">
      <Output>
        <StdOut>16335</StdOut>
      </Output>
    </UnitTestResult>
    <UnitTestResult executionId="845f7fa5-0e15-41bf-9b12-06223badfaac" testId="8b985c01-e7b8-09ae-de48-e166e3464028" testName="US33293_05_OfficeByIdTest_Negative_OfficeIdIsMissing" computerName="YFANN-PC" duration="00:00:00.0040294" startTime="2016-07-26T14:48:56.9012345+08:00" endTime="2016-07-26T14:48:56.9072349+08:00" testType="13cdc9d9-ddb5-4fa4-a97d-d965ccfc6d4b" outcome="Passed" testListId="8c84fa94-04c1-424b-9868-57a2d4851a1d" relativeResultsDirectory="845f7fa5-0e15-41bf-9b12-06223badfaac">
      <Output>
        <StdOut>16336</StdOut>
      </Output>
    </UnitTestResult>
    <UnitTestResult executionId="58f3a1be-5285-44d9-af33-71adf2f02da7" testId="53333c11-27be-5076-00cb-9d9a4238c7f5" testName="US33293_06_OfficeByIdTest_Negative_OfficeIdIsNull" computerName="YFANN-PC" duration="00:00:00.0079408" startTime="2016-07-26T14:48:56.9092350+08:00" endTime="2016-07-26T14:48:56.9182355+08:00" testType="13cdc9d9-ddb5-4fa4-a97d-d965ccfc6d4b" outcome="Passed" testListId="8c84fa94-04c1-424b-9868-57a2d4851a1d" relativeResultsDirectory="58f3a1be-5285-44d9-af33-71adf2f02da7">
      <Output>
        <StdOut>16337</StdOut>
      </Output>
    </UnitTestResult>
    <UnitTestResult executionId="8bc3d294-3585-44b6-98b4-0fa4b544b0cb" testId="f3af62c3-bbb5-67b0-5d78-ebdbbf245f6a" testName="US33293_07_OfficeByIdTest_Negative_OfficeIdIsZero" computerName="YFANN-PC" duration="00:00:00.0225141" startTime="2016-07-26T14:48:56.9192355+08:00" endTime="2016-07-26T14:48:56.9412368+08:00" testType="13cdc9d9-ddb5-4fa4-a97d-d965ccfc6d4b" outcome="Passed" testListId="8c84fa94-04c1-424b-9868-57a2d4851a1d" relativeResultsDirectory="8bc3d294-3585-44b6-98b4-0fa4b544b0cb">
      <Output>
        <StdOut>16338</StdOut>
      </Output>
[...]
    <TestEntry testId="872a24b4-6605-bb65-4e33-bcceee6553f2" executionId="d57e6f0f-5b78-4a6f-b2ab-662283b9e068" testListId="8c84fa94-04c1-424b-9868-57a2d4851a1d" />
    <TestEntry testId="38d455d3-8cce-4dd0-28d7-f0f986ecd6a1" executionId="dda8e822-d863-4ca8-9a23-f7d53a09b753" testListId="8c84fa94-04c1-424b-9868-57a2d4851a1d" />
    <TestEntry testId="9d945478-c5d2-2f25-e4a9-c439bbfaebbb" executionId="1cb1b6ad-1064-4a90-bdbc-edce7b9cf62a" testListId="8c84fa94-04c1-424b-9868-57a2d4851a1d" />
    <TestEntry testId="04f7a88f-5894-edee-c736-86cf557a48d3" executionId="4e9ddcd6-4010-4f53-8661-7516e02ec199" testListId="8c84fa94-04c1-424b-9868-57a2d4851a1d" />
    <TestEntry testId="bc015700-b626-b53e-ed65-3eb823aadd79" executionId="b5408f81-61e6-4cbc-b16c-31be2ed201dd" testListId="8c84fa94-04c1-424b-9868-57a2d4851a1d" />
    <TestEntry testId="293ae917-7f62-ec0c-aa81-0a8588338dd3" executionId="f12e9c07-332e-40c9-87f9-39480e606944" testListId="8c84fa94-04c1-424b-9868-57a2d4851a1d" />
    <TestEntry testId="2e27f0e3-c20b-fd13-8aa4-14369fa56fbd" executionId="613bfabe-6b3d-426e-a881-fdbcc64f4d78" testListId="8c84fa94-04c1-424b-9868-57a2d4851a1d" />
    <TestEntry testId="46041b44-657a-6956-df8e-d7e506359bab" executionId="10928777-e885-4c4b-abc6-99a97a4dda59" testListId="8c84fa94-04c1-424b-9868-57a2d4851a1d" />
    <TestEntry testId="0ec1b1fd-b937-6eef-5652-4c60fc02378d" executionId="7eca095c-c4cc-49d3-ae5e-764f4c5f8b33" testListId="8c84fa94-04c1-424b-9868-57a2d4851a1d" />
    <TestEntry testId="b55f5cc3-959b-dd3d-eb11-3a48375bc9c5" executionId="99ed046e-287a-420e-be7c-8ac49d2d8909" testListId="8c84fa94-04c1-424b-9868-57a2d4851a1d" />
    <TestEntry testId="804ca4e2-5f6c-e0af-6407-7691f6e2ce82" executionId="d1073684-ffbb-4b78-b091-0492dd574394" testListId="8c84fa94-04c1-424b-9868-57a2d4851a1d" />
    <TestEntry testId="338fce2b-71b1-f9bc-9733-919c37433fc9" executionId="d026957b-dfdd-413b-8f42-8a852f18f6b8" testListId="8c84fa94-04c1-424b-9868-57a2d4851a1d" />
    <TestEntry testId="987196cf-e420-b284-67d7-2860078dacdb" executionId="e4fbabd8-98ef-4a93-b69f-05f466223645" testListId="8c84fa94-04c1-424b-9868-57a2d4851a1d" />
    <TestEntry testId="361ed9bf-d8e7-eb4d-562f-397c03ba3596" executionId="5f1744cd-67da-4c96-b0b4-41b55a17919d" testListId="8c84fa94-04c1-424b-9868-57a2d4851a1d" />
    <TestEntry testId="6772d379-1254-fb53-3229-4a8e582d4542" executionId="284d5abc-5fde-409a-b37a-fd916ae6f715" testListId="8c84fa94-04c1-424b-9868-57a2d4851a1d" />
    <TestEntry testId="34a1571c-97ba-6dd4-df7a-de2fb9edbde6" executionId="3f84567d-4b86-4319-b98d-17edeeb76f6d" testListId="8c84fa94-04c1-424b-9868-57a2d4851a1d" />
    <TestEntry testId="488abe46-6ecb-c9aa-eb9a-d1e0e57ae149" executionId="aa14c01c-9bcd-42f4-b795-757242891af4" testListId="8c84fa94-04c1-424b-9868-57a2d4851a1d" />
    <TestEntry testId="da08ba39-d01e-c20b-c342-4dc114562b69" executionId="9507a236-3be4-489a-a3e4-e01d015a30f7" testListId="8c84fa94-04c1-424b-9868-57a2d4851a1d" />
    <TestEntry testId="8b03cbf1-ef6e-f7ab-c8d8-73b3bbe941e4" executionId="dc58978f-4d4b-41cd-b597-27152b59b86e" testListId="8c84fa94-04c1-424b-9868-57a2d4851a1d" />
    <TestEntry testId="8bd7adb8-aafb-3e22-fc56-4a3b83a5feb0" executionId="b41b98ab-7565-4cba-8955-1fcdf6994c75" testListId="8c84fa94-04c1-424b-9868-57a2d4851a1d" />
    <TestEntry testId="25782c8f-085f-3e94-3345-29fd83aa20a8" executionId="4ab417a5-889b-4e7d-a264-0204a60bb406" testListId="8c84fa94-04c1-424b-9868-57a2d4851a1d" />
    <TestEntry testId="a4c6d7f0-9ba8-572c-fb60-06ba3761e817" executionId="750be090-8b9a-41b7-8f5b-a196616b8ef9" testListId="8c84fa94-04c1-424b-9868-57a2d4851a1d" />
    <TestEntry testId="3314ec9c-72e7-6da7-1a09-1b5bbe85a6ac" executionId="53da51ad-e2e7-4ea3-b661-f6aae8815e0b" testListId="8c84fa94-04c1-424b-9868-57a2d4851a1d" />
    <TestEntry testId="2d6b382d-bb95-4be1-d5f9-94b47bceaa79" executionId="2c881974-b39c-4f21-9a76-03575eb04efa" testListId="8c84fa94-04c1-424b-9868-57a2d4851a1d" />
    <TestEntry testId="5152f662-8e87-6137-437b-94c3d3ae3f38" executionId="37ff00ff-ecdf-4691-af7e-4ae5ecc9a1ee" testListId="8c84fa94-04c1-424b-9868-57a2d4851a1d" />
    <TestEntry testId="b4f9864b-6db8-02a1-ef32-bf20d0be566f" executionId="49dc7408-b70c-41a5-8558-a295c0a19ad8" testListId="8c84fa94-04c1-424b-9868-57a2d4851a1d" />
    <TestEntry testId="8a6bdfca-4705-bd56-0d39-48139438e7cf" executionId="3b7f1d1b-c580-4acf-b8b4-da644ef0545d" testListId="8c84fa94-04c1-424b-9868-57a2d4851a1d" />
    <TestEntry testId="3d758e17-0dc5-74e9-bb00-46933baa34b8" executionId="394d07ee-e640-4594-bc5d-e16f606f5f31" testListId="8c84fa94-04c1-424b-9868-57a2d4851a1d" />
    <TestEntry testId="03c62224-0675-c90b-dbf3-e7ae30df2b84" executionId="56a6c35e-810f-4964-af9c-36a2dd09b4ae" testListId="8c84fa94-04c1-424b-9868-57a2d4851a1d" />
    <TestEntry testId="599870ad-7f57-aa4e-e1d6-95311a034d4e" executionId="0206596e-14f5-437a-87ec-436c69b9b2da" testListId="8c84fa94-04c1-424b-9868-57a2d4851a1d" />
    <TestEntry testId="8239410f-ea1f-abb2-190c-fbf8bac8b3e8" executionId="172198ec-424f-437a-b2c1-541c309935b9" testListId="8c84fa94-04c1-424b-9868-57a2d4851a1d" />
    <TestEntry testId="38fd6c04-28b9-6ccc-ec94-527f594da22e" executionId="79827173-69fa-4483-b8f4-b8698667c3d3" testListId="8c84fa94-04c1-424b-9868-57a2d4851a1d" />
    <TestEntry testId="a9a77cd5-3bf2-ffd8-6b55-1fe9cd15fa82" executionId="5970cd9c-a1d1-4c58-9064-f0ffe976289d" testListId="8c84fa94-04c1-424b-9868-57a2d4851a1d" />
    <TestEntry testId="84ea08a1-edc3-db73-9858-5d1f8941d09b" executionId="d3506205-591a-4397-a769-f42b84de2558" testListId="8c84fa94-04c1-424b-9868-57a2d4851a1d" />
    <TestEntry testId="d47c326d-4f3d-0e4d-f746-24392cf11f97" executionId="96c786ea-a8c4-48bf-b2d1-bc1a3491b64c" testListId="8c84fa94-04c1-424b-9868-57a2d4851a1d" />
    <TestEntry testId="dd2d90ad-8c26-f00c-abc6-8b2447260769" executionId="795231f1-3fe8-4130-a503-350b05b727a5" testListId="8c84fa94-04c1-424b-9868-57a2d4851a1d" />
    <TestEntry testId="3630d141-54f3-dfdb-592d-acd71b2ad6be" executionId="ab927b9a-cec7-468f-83ad-92b9b1c45550" testListId="8c84fa94-04c1-424b-9868-57a2d4851a1d" />
    <TestEntry testId="b44f5766-8780-fa54-bdcf-8b901e40ce45" executionId="931c42c9-6300-464b-90f1-4ccb8048d513" testListId="8c84fa94-04c1-424b-9868-57a2d4851a1d" />
    <TestEntry testId="281ca1da-007f-4547-dd94-650f2b1a2f28" executionId="223e9ef4-4801-4ccf-9427-58e675d2e2ad" testListId="8c84fa94-04c1-424b-9868-57a2d4851a1d" />
    <TestEntry testId="cacd0231-11cd-8337-519a-7545e7891cee" executionId="6cdeb04b-25ab-4d6a-b97a-326bb5acceac" testListId="8c84fa94-04c1-424b-9868-57a2d4851a1d" />
    <TestEntry testId="b7900cdd-b411-f50e-4fc0-d6a55a3d89f9" executionId="b6a5e10c-459f-4140-82db-2c929405c5f7" testListId="8c84fa94-04c1-424b-9868-57a2d4851a1d" />
    <TestEntry testId="96b8ff42-e25e-b4fb-efaf-6e41e3ae7790" executionId="c3162aac-dfc6-4297-a93e-c70536c6cba9" testListId="8c84fa94-04c1-424b-9868-57a2d4851a1d" />
    <TestEntry testId="78e126ba-f849-df66-478e-3c511604f08a" executionId="e29f20b2-b9db-431e-ba6f-2c238a6e833e" testListId="8c84fa94-04c1-424b-9868-57a2d4851a1d" />
    <TestEntry testId="c56a50f7-88aa-90ea-e052-0a91b4d2025b" executionId="aef0d788-0e62-4a3e-b7e3-4e1a103b19f4" testListId="8c84fa94-04c1-424b-9868-57a2d4851a1d" />
    <TestEntry testId="73030d84-89e5-8868-99ea-889c78312847" executionId="d3a4c127-ea34-47be-919f-bd69b4c7be95" testListId="8c84fa94-04c1-424b-9868-57a2d4851a1d" />
    <TestEntry testId="947d06a8-e6d9-c8e9-5821-1cf36b737679" executionId="fc456689-d60d-43bb-9aa6-5574826652e7" testListId="8c84fa94-04c1-424b-9868-57a2d4851a1d" />
    <TestEntry testId="f2f13d27-eda4-5384-8a81-ae82eb931df5" executionId="2e240203-7632-4299-b790-13b8a3233b7f" testListId="8c84fa94-04c1-424b-9868-57a2d4851a1d" />
    <TestEntry testId="3b6ba934-7a37-abaa-4065-ee090d2db8da" executionId="07004ed8-7425-49e6-aa5e-d732f34c5cb7" testListId="8c84fa94-04c1-424b-9868-57a2d4851a1d" />
    <TestEntry testId="6eb5254c-36e5-3d9b-521f-8e4660c15d92" executionId="90a01f13-6d61-401c-823b-cd6ec68111eb" testListId="8c84fa94-04c1-424b-9868-57a2d4851a1d" />
    <TestEntry testId="3a8aba41-5d3c-241e-3536-448f299b0b2d" executionId="56e0245f-2f95-4b68-9772-1dfaeaf13df1" testListId="8c84fa94-04c1-424b-9868-57a2d4851a1d" />
    <TestEntry testId="fdc922ae-7906-2edd-bd8b-4bf8268e9cef" executionId="ebce34ef-5a70-43e7-ba00-bcfcbf7469c9" testListId="8c84fa94-04c1-424b-9868-57a2d4851a1d" />
    <TestEntry testId="181643c7-cabb-df4f-1d4b-dcc80a2e784a" executionId="865453ce-5836-465a-86bd-261858613fcd" testListId="8c84fa94-04c1-424b-9868-57a2d4851a1d" />
    <TestEntry testId="2b1bdf68-05db-1000-8d83-1c40da286bfa" executionId="1cdb38a1-c04e-4450-8cd1-9742f152e0ca" testListId="8c84fa94-04c1-424b-9868-57a2d4851a1d" />
    <TestEntry testId="37e19197-af50-aeef-24b1-e2cd8954969f" executionId="bdf94831-c12d-4190-bd34-16029aeab346" testListId="8c84fa94-04c1-424b-9868-57a2d4851a1d" />
    <TestEntry testId="4e145d25-3e06-a9f2-014b-90e025d31a84" executionId="0d3ba89d-7651-4048-9ca3-c7a42835daa2" testListId="8c84fa94-04c1-424b-9868-57a2d4851a1d" />
    <TestEntry testId="9890d221-3a3d-92c6-97be-430b07f4314d" executionId="f08ec78a-044f-4da1-9463-caa8958455ec" testListId="8c84fa94-04c1-424b-9868-57a2d4851a1d" />
    <TestEntry testId="5db62c5f-8bba-ecf2-0592-d1f0f49371b3" executionId="014dcccf-7d80-42c3-a19b-ad32384ab371" testListId="8c84fa94-04c1-424b-9868-57a2d4851a1d" />
    <TestEntry testId="5dff621a-e64e-9dfd-307d-6aff24b6c974" executionId="41e7ff3b-d227-4fab-8fcf-8ffcb8829fe8" testListId="8c84fa94-04c1-424b-9868-57a2d4851a1d" />
    <TestEntry testId="5f2b6763-c0f2-3412-f8ac-48d0201481b7" executionId="e48a2ee7-8cda-4f8c-81ea-a1f05897c324" testListId="8c84fa94-04c1-424b-9868-57a2d4851a1d" />
    <TestEntry testId="fb370eb8-8dc9-2663-5cb7-30bb05bb9cc1" executionId="2dae96a0-51d6-459d-aee7-9301d94ed5a5" testListId="8c84fa94-04c1-424b-9868-57a2d4851a1d" />
    <TestEntry testId="725c9c31-7e28-6a96-29b4-bcbffd29a626" executionId="b6b5efb1-7046-4f82-855d-9d55884c5153" testListId="8c84fa94-04c1-424b-9868-57a2d4851a1d" />
    <TestEntry testId="ff61890e-9b78-f48e-6aac-e3afd468c20b" executionId="8a4a130b-1c44-4335-bd5b-b39c9e733e76" testListId="8c84fa94-04c1-424b-9868-57a2d4851a1d" />
    <TestEntry testId="2f95b072-808e-d585-49d5-6d84cb8ab1d5" executionId="dbda8b2e-77b7-4344-af5a-98914dff441b" testListId="8c84fa94-04c1-424b-9868-57a2d4851a1d" />
    <TestEntry testId="6f155fa6-efa2-43aa-4403-a1e8a542a4d5" executionId="2d58217d-2b7a-4a47-a94c-dee4446d3344" testListId="8c84fa94-04c1-424b-9868-57a2d4851a1d" />
    <TestEntry testId="539006b5-551b-d3f8-63db-a8545b894621" executionId="8ec0560c-b9b3-42ad-9928-1de78d83498e" testListId="8c84fa94-04c1-424b-9868-57a2d4851a1d" />
    <TestEntry testId="e029eb13-490b-45de-f824-dfb147c6022b" executionId="1b93dfff-c757-44a8-ae72-8fbd89ef3fdc" testListId="8c84fa94-04c1-424b-9868-57a2d4851a1d" />
    <TestEntry testId="4e991f67-f148-3b3e-484b-c392507f1f78" executionId="dc94f7e3-e459-4095-b0e8-5f035c09bf8d" testListId="8c84fa94-04c1-424b-9868-57a2d4851a1d" />
    <TestEntry testId="6aa112f5-170f-508c-fb08-34afcccbac8f" executionId="fce0f3e7-5c01-4011-a18f-e32a0e7601f5" testListId="8c84fa94-04c1-424b-9868-57a2d4851a1d" />
    <TestEntry testId="29e47600-9bdd-4499-8664-351572197b5f" executionId="2262bb22-d59c-4eaf-b9b6-358403bcd20f" testListId="8c84fa94-04c1-424b-9868-57a2d4851a1d" />
    <TestEntry testId="3d67a280-dd6f-a28c-092b-37c0a86fac66" executionId="c5206f44-4a80-4752-81e7-4c7473a9c0c4" testListId="8c84fa94-04c1-424b-9868-57a2d4851a1d" />
    <TestEntry testId="8cf61dcf-1154-07b8-4cc0-36c98c46f274" executionId="c8bda4b8-b97f-41f0-9f68-7e48438108fa" testListId="8c84fa94-04c1-424b-9868-57a2d4851a1d" />
    <TestEntry testId="c6d59a57-3cb0-6793-1f0b-5d1cdbf321a2" executionId="998342d9-b165-4d46-b565-2437b9004b5f" testListId="8c84fa94-04c1-424b-9868-57a2d4851a1d" />
    <TestEntry testId="4abd14dc-e289-90f6-6c69-da0513d070d1" executionId="d98f2712-3a2f-48b9-bac2-66a215eb1c2c" testListId="8c84fa94-04c1-424b-9868-57a2d4851a1d" />
    <TestEntry testId="8b985c01-e7b8-09ae-de48-e166e3464028" executionId="845f7fa5-0e15-41bf-9b12-06223badfaac" testListId="8c84fa94-04c1-424b-9868-57a2d4851a1d" />
    <TestEntry testId="53333c11-27be-5076-00cb-9d9a4238c7f5" executionId="58f3a1be-5285-44d9-af33-71adf2f02da7" testListId="8c84fa94-04c1-424b-9868-57a2d4851a1d" />
    <TestEntry testId="f3af62c3-bbb5-67b0-5d78-ebdbbf245f6a" executionId="8bc3d294-3585-44b6-98b4-0fa4b544b0cb" testListId="8c84fa94-04c1-424b-9868-57a2d4851a1d" />
    <TestEntry testId="aef3aea8-e50c-81c4-3280-3c8f204da3e0" executionId="4bfc99a4-ab8c-4703-a6f5-e0516b66ecc2" testListId="8c84fa94-04c1-424b-9868-57a2d4851a1d" />
    <TestEntry testId="07561277-66b9-c2f5-bcf0-9db804065709" executionId="0842be12-affa-41f7-866b-761ff40dcc12" testListId="8c84fa94-04c1-424b-9868-57a2d4851a1d" />
    <TestEntry testId="df0f9f5e-3637-e8a4-a972-75309d559f7e" executionId="7f9aaee0-0b86-4171-8ea6-c52659eee254" testListId="8c84fa94-04c1-424b-9868-57a2d4851a1d" />
    <TestEntry testId="edda5e46-e861-ba69-66b9-6e98e6e4cb6f" executionId="5cd42000-9369-4c56-8740-1b353ea2e49f" testListId="8c84fa94-04c1-424b-9868-57a2d4851a1d" />
    <TestEntry testId="ddecd16d-2473-14a9-ee54-9df5e44a620d" executionId="5b75dc4a-6475-456d-a3b0-8b2f7758b111" testListId="8c84fa94-04c1-424b-9868-57a2d4851a1d" />
    <TestEntry testId="45c9bb83-9324-df23-ad56-222c4d97d826" executionId="7d4907d2-e18e-48d0-b388-a16916309921" testListId="8c84fa94-04c1-424b-9868-57a2d4851a1d" />
    <TestEntry testId="7448bfd6-0bb5-cf7f-dc7a-3334b1b062fa" executionId="dbd15683-ab6c-45e1-b987-13f10586687c" testListId="8c84fa94-04c1-424b-9868-57a2d4851a1d" />
    <TestEntry testId="9135af81-5d46-000a-d929-391c9d8d7e11" executionId="9e6570f1-778b-420c-980d-dc287d49c9a7" testListId="8c84fa94-04c1-424b-9868-57a2d4851a1d" />
    <TestEntry testId="dc6b6853-cab6-de43-8ae3-8995461c7dc3" executionId="36010765-2d7f-4a1e-b805-0fe8a704fd52" testListId="8c84fa94-04c1-424b-9868-57a2d4851a1d" />
    <TestEntry testId="63d47b4f-8048-0c32-18eb-118e0e23bffd" executionId="f9dc1ca8-a2bf-4d7d-9af6-79556a2dd1a8" testListId="8c84fa94-04c1-424b-9868-57a2d4851a1d" />
    <TestEntry testId="1b938e3b-172e-e140-65c4-efa3aa39d68c" executionId="7a3de671-d705-45a9-8972-8384ef788aca" testListId="8c84fa94-04c1-424b-9868-57a2d4851a1d" />
    <TestEntry testId="fa8ed0be-6c09-93a8-8a27-0a7d893ee9c1" executionId="408833cf-ff72-4efa-8f97-45cdc170d193" testListId="8c84fa94-04c1-424b-9868-57a2d4851a1d" />
    <TestEntry testId="e2da7b89-35b5-31c6-bec6-45bd327bd1e9" executionId="6b708a7b-69aa-4fa0-b190-0b9c11ca1d4c" testListId="8c84fa94-04c1-424b-9868-57a2d4851a1d" />
    <TestEntry testId="4d588400-eb30-7541-6326-9a7b26547b1d" executionId="f90158c6-7409-4440-a7c4-3de07f28c4e7" testListId="8c84fa94-04c1-424b-9868-57a2d4851a1d" />
    <TestEntry testId="9f0d57b4-dc68-6737-f7f0-303e7c57b9e3" executionId="80db5e72-d86a-4b7b-b067-76dc8d3fd6f1" testListId="8c84fa94-04c1-424b-9868-57a2d4851a1d" />
    <TestEntry testId="2b3c7664-b8a9-82f4-a1ba-a8d7a016cded" executionId="b7759c3d-32b5-4cd3-b95e-b369c05fb55f" testListId="8c84fa94-04c1-424b-9868-57a2d4851a1d" />
    <TestEntry testId="aa2d3e99-3a63-5ab0-f398-be283447b87c" executionId="7c619104-ba62-4076-ac57-4ed6e840fe1f" testListId="8c84fa94-04c1-424b-9868-57a2d4851a1d" />
    <TestEntry testId="c74e477c-7ca7-7c80-87f4-3eefdab7c6bf" executionId="ed09d2e8-aed9-4e8f-8d8e-99db55564a8d" testListId="8c84fa94-04c1-424b-9868-57a2d4851a1d" />
    <TestEntry testId="77156f1e-1e08-04c8-a267-0d10afe7b5f8" executionId="1673c29f-9584-4ec9-aef1-75b41d78066f" testListId="8c84fa94-04c1-424b-9868-57a2d4851a1d" />
    <TestEntry testId="5ab9b58b-a433-dca2-9991-5b1a19bab0d4" executionId="dfbfe587-3897-48eb-932e-4e4fdbc493ee" testListId="8c84fa94-04c1-424b-9868-57a2d4851a1d" />
    <TestEntry testId="18b2319a-b607-7387-2749-8b05b98cc5cc" executionId="2095fca0-b45a-4329-a61a-bed7601606fa" testListId="8c84fa94-04c1-424b-9868-57a2d4851a1d" />
    <TestEntry testId="deec353d-e127-24f1-77f7-4aeab8cc13a5" executionId="e859ec7b-914f-48b8-8995-9c6133faae6f" testListId="8c84fa94-04c1-424b-9868-57a2d4851a1d" />
    <TestEntry testId="c915cbab-3be5-6014-b298-75188a710d67" executionId="2a310cf5-b27f-4cdc-bc56-216b66ead92d" testListId="8c84fa94-04c1-424b-9868-57a2d4851a1d" />
    <TestEntry testId="ddb1d6be-1906-a64f-4231-5bcf0919e087" executionId="b835cf0a-ac5f-4748-ba5f-d03c1d51e328" testListId="8c84fa94-04c1-424b-9868-57a2d4851a1d" />
    <TestEntry testId="20c5ec05-193f-bdee-7922-76b743bce2f6" executionId="5d56ea83-8ffa-4262-9beb-16da2c6fca0e" testListId="8c84fa94-04c1-424b-9868-57a2d4851a1d" />
    <TestEntry testId="3fe532d4-7331-5aed-822c-a3f09431b128" executionId="9efd7605-0dff-41c3-be81-ca70465605a8" testListId="8c84fa94-04c1-424b-9868-57a2d4851a1d" />
    <TestEntry testId="424101e1-5bdb-89b5-8025-6bc75a2e34ea" executionId="f56ee122-c8cb-43c5-a6e4-bfac0b782dde" testListId="8c84fa94-04c1-424b-9868-57a2d4851a1d" />
    <TestEntry testId="1545c7d4-7b9d-b357-4411-2767ef3c8610" executionId="20c138cc-511d-40ee-b170-70466301668b" testListId="8c84fa94-04c1-424b-9868-57a2d4851a1d" />
    <TestEntry testId="a8e61086-5a36-c384-ccba-2733009b0650" executionId="4b17146d-de10-4c9b-b820-d7b4a891b652" testListId="8c84fa94-04c1-424b-9868-57a2d4851a1d" />
    <TestEntry testId="a7bf53f6-39e5-092c-3c0d-bad9d58123e7" executionId="ba28ed29-9b5d-47fa-90ab-a2d568ad921a" testListId="8c84fa94-04c1-424b-9868-57a2d4851a1d" />
    <TestEntry testId="45e0d4df-74e5-1794-4336-4b2babe1f715" executionId="dd2505f7-e7bb-4759-963f-b3c18ebf6520" testListId="8c84fa94-04c1-424b-9868-57a2d4851a1d" />
    <TestEntry testId="21cad8dc-8daf-1d66-9d82-c03cab4d1df8" executionId="f5eba80e-0144-4748-9166-ac83fc1fd3f4" testListId="8c84fa94-04c1-424b-9868-57a2d4851a1d" />
    <TestEntry testId="cfbfaf8a-3ae8-6a13-d04b-f844aec139bc" executionId="5fbbf29a-7387-4ca0-8d2e-33a3ffcc993b" testListId="8c84fa94-04c1-424b-9868-57a2d4851a1d" />
    <TestEntry testId="4ac3141a-bf86-f2c4-87c4-24daeeb05f82" executionId="94043375-ed26-4c29-8cb0-3d20497ef411" testListId="8c84fa94-04c1-424b-9868-57a2d4851a1d" />
    <TestEntry testId="90b59ccc-b51c-d298-f11d-3705eb17a548" executionId="b44d4162-2611-4608-b1fb-017bfe51df3e" testListId="8c84fa94-04c1-424b-9868-57a2d4851a1d" />
    <TestEntry testId="38460a84-f838-3fbf-3a9d-97c2a66679f6" executionId="c8e297fb-4b66-4200-9a03-dbe0dee0a18a" testListId="8c84fa94-04c1-424b-9868-57a2d4851a1d" />
    <TestEntry testId="7469d595-2d72-8e0a-b795-50928108d94c" executionId="b2b20958-b504-44b6-8006-71f8c63ced85" testListId="8c84fa94-04c1-424b-9868-57a2d4851a1d" />
    <TestEntry testId="da6c8dfa-a20b-41fe-2b2e-0d89eb73b94d" executionId="ea1c2d63-4992-49cc-9b33-acbd8ab6a8a2" testListId="8c84fa94-04c1-424b-9868-57a2d4851a1d" />
    <TestEntry testId="c1cddeb8-3b1d-34cb-f3ae-341bb50d425f" executionId="3714f5da-5f0b-4f9b-b78d-00d9f19db4dd" testListId="8c84fa94-04c1-424b-9868-57a2d4851a1d" />
    <TestEntry testId="9ca65996-7063-e4d1-4638-3aa697e7145b" executionId="b4318749-08b9-4183-abed-3bc343bc157d" testListId="8c84fa94-04c1-424b-9868-57a2d4851a1d" />
    <TestEntry testId="4bc27784-64d4-7d9a-673d-3ec6905926cd" executionId="f1885846-ff1a-4a8f-90f5-8f0250d83959" testListId="8c84fa94-04c1-424b-9868-57a2d4851a1d" />
    <TestEntry testId="40a05ec3-b9a2-09b6-22dc-b6818d07755a" executionId="95033e1d-8981-4ae4-92aa-496adfa9617c" testListId="8c84fa94-04c1-424b-9868-57a2d4851a1d" />
  </TestEntries>
  <TestLists>
    <TestList name="Results Not in a List" id="8c84fa94-04c1-424b-9868-57a2d4851a1d" />
    <TestList name="All Loaded Results" id="19431567-8539-422a-85d7-44ee4e166bda" />
  </TestLists>
  <ResultSummary outcome="Failed">
    <Counters total="157" executed="157" passed="122" failed="35" error="0" timeout="0" aborted="0" inconclusive="0" passedButRunAborted="0" notRunnable="0" notExecuted="0" disconnected="0" warning="0" completed="0" inProgress="0" pending="0" />
  </ResultSummary>
</TestRun>